<?xml version="1.0" encoding="utf-8" standalone="no"?>
<test-results xmlns:xsi="http://www.w3.org/2001/XMLSchema-instance" xsi:noNamespaceSchemaLocation="nunit_schema_2.5.xsd" name="Pester" total="198" errors="0" failures="2" not-run="0" inconclusive="0" ignored="0" skipped="0" invalid="0" date="2024-12-15" time="15:54:22">
  <environment clr-version="4.0.30319.42000" user-domain="BATTLESTATION" cwd="C:\Celerium\Projects\_API\TeamsFun" platform="Microsoft Windows 11 Pro|C:\WINDOWS|\Device\Harddisk0\Partition3" machine-name="BATTLESTATION" nunit-version="2.5.8.0" os-version="10.0.26100" user="David" />
  <culture-info current-culture="en-US" current-uiculture="en-US" />
  <test-suite type="TestFixture" name="Pester" executed="True" result="Failure" success="False" time="11.4694" asserts="0" description="Pester">
    <results>
      <test-suite type="TestFixture" name="C:\Celerium\Projects\_API\TeamsFun\tests\HelpComment.Tests.ps1" executed="True" result="Success" success="True" time="4.9824" asserts="0" description="C:\Celerium\Projects\_API\TeamsFun\tests\HelpComment.Tests.ps1">
        <results>
          <test-suite type="TestFixture" name="Testing the [ Built ] version of [ TeamsFun ] with [ HelpComment.Tests.ps1 ]" executed="True" result="Success" success="True" time="1.9169" asserts="0" description="Testing the [ Built ] version of [ TeamsFun ] with [ HelpComment.Tests.ps1 ]">
            <results>
              <test-suite type="TestFixture" name="Testing the [ Built ] version of [ TeamsFun ] with [ HelpComment.Tests.ps1 ].[ TeamsFun ] module help tests" executed="True" result="Success" success="True" time="1.5695" asserts="0" description="Testing the [ Built ] version of [ TeamsFun ] with [ HelpComment.Tests.ps1 ].[ TeamsFun ] module help tests">
                <results>
                  <test-suite type="TestFixture" name="Testing the [ Built ] version of [ TeamsFun ] with [ HelpComment.Tests.ps1 ].[ TeamsFun ] module help tests.[ Send-TeamsDadJoke ]" executed="True" result="Success" success="True" time="1.5636" asserts="0" description="Testing the [ Built ] version of [ TeamsFun ] with [ HelpComment.Tests.ps1 ].[ TeamsFun ] module help tests.[ Send-TeamsDadJoke ]">
                    <results>
                      <test-case description="[ Send-TeamsDadJoke ] contains comment based help" name="Testing the [ Built ] version of [ TeamsFun ] with [ HelpComment.Tests.ps1 ].[ TeamsFun ] module help tests.[ Send-TeamsDadJoke ].[ Send-TeamsDadJoke ] contains comment based help" time="0.9836" asserts="0" success="True" result="Success" executed="True" />
                      <test-case description="[ Send-TeamsDadJoke ] contains a synopsis" name="Testing the [ Built ] version of [ TeamsFun ] with [ HelpComment.Tests.ps1 ].[ TeamsFun ] module help tests.[ Send-TeamsDadJoke ].[ Send-TeamsDadJoke ] contains a synopsis" time="0.0067" asserts="0" success="True" result="Success" executed="True" />
                      <test-case description="[ Send-TeamsDadJoke ] contains a description" name="Testing the [ Built ] version of [ TeamsFun ] with [ HelpComment.Tests.ps1 ].[ TeamsFun ] module help tests.[ Send-TeamsDadJoke ].[ Send-TeamsDadJoke ] contains a description" time="0.0041" asserts="0" success="True" result="Success" executed="True" />
                      <test-case description="[ Send-TeamsDadJoke ] contains at least one usage example" name="Testing the [ Built ] version of [ TeamsFun ] with [ HelpComment.Tests.ps1 ].[ TeamsFun ] module help tests.[ Send-TeamsDadJoke ].[ Send-TeamsDadJoke ] contains at least one usage example" time="0.0574" asserts="0" success="True" result="Success" executed="True" />
                      <test-case description="[ Send-TeamsDadJoke ] contains a note" name="Testing the [ Built ] version of [ TeamsFun ] with [ HelpComment.Tests.ps1 ].[ TeamsFun ] module help tests.[ Send-TeamsDadJoke ].[ Send-TeamsDadJoke ] contains a note" time="0.005" asserts="0" success="True" result="Success" executed="True" />
                      <test-case description="[ Send-TeamsDadJoke ] contains a link" name="Testing the [ Built ] version of [ TeamsFun ] with [ HelpComment.Tests.ps1 ].[ TeamsFun ] module help tests.[ Send-TeamsDadJoke ].[ Send-TeamsDadJoke ] contains a link" time="0.0043" asserts="0" success="True" result="Success" executed="True" />
                      <test-suite type="ParameterizedTest" name="Testing the [ Built ] version of [ TeamsFun ] with [ HelpComment.Tests.ps1 ].[ TeamsFun ] module help tests.[ Send-TeamsDadJoke ].[ Send-TeamsDadJoke ] - Parameter has a description - [ &lt;_.name&gt; ]" executed="True" result="Success" success="True" time="0.0077" asserts="0" description="[ Send-TeamsDadJoke ] - Parameter has a description - [ &lt;_.name&gt; ]">
                        <results>
                          <test-case description="[ Send-TeamsDadJoke ] - Parameter has a description - [ TeamsUri ]" name="Testing the [ Built ] version of [ TeamsFun ] with [ HelpComment.Tests.ps1 ].[ TeamsFun ] module help tests.[ Send-TeamsDadJoke ].[ Send-TeamsDadJoke ] - Parameter has a description - [ TeamsUri ]" time="0.0077" asserts="0" success="True" result="Success" executed="True" />
                        </results>
                      </test-suite>
                      <test-suite type="ParameterizedTest" name="Testing the [ Built ] version of [ TeamsFun ] with [ HelpComment.Tests.ps1 ].[ TeamsFun ] module help tests.[ Send-TeamsDadJoke ].[ Send-TeamsDadJoke ] - Example has example code &amp; description   - [ &lt;_.title -replace '-'.''&gt; ]" executed="True" result="Success" success="True" time="0.0145" asserts="0" description="[ Send-TeamsDadJoke ] - Example has example code &amp; description   - [ &lt;_.title -replace '-'.''&gt; ]">
                        <results>
                          <test-case description="[ Send-TeamsDadJoke ] - Example has example code &amp; description   - [  EXAMPLE 1  ]" name="Testing the [ Built ] version of [ TeamsFun ] with [ HelpComment.Tests.ps1 ].[ TeamsFun ] module help tests.[ Send-TeamsDadJoke ].[ Send-TeamsDadJoke ] - Example has example code &amp; description   - [  EXAMPLE 1  ]" time="0.0086" asserts="0" success="True" result="Success" executed="True" />
                          <test-case description="[ Send-TeamsDadJoke ] - Example has example code &amp; description   - [  EXAMPLE 2  ]" name="Testing the [ Built ] version of [ TeamsFun ] with [ HelpComment.Tests.ps1 ].[ TeamsFun ] module help tests.[ Send-TeamsDadJoke ].[ Send-TeamsDadJoke ] - Example has example code &amp; description   - [  EXAMPLE 2  ]" time="0.0059" asserts="0" success="True" result="Success" executed="True" />
                        </results>
                      </test-suite>
                    </results>
                  </test-suite>
                </results>
              </test-suite>
              <test-suite type="TestFixture" name="Testing the [ Built ] version of [ TeamsFun ] with [ HelpComment.Tests.ps1 ].[ TeamsFun ] module help tests" executed="True" result="Success" success="True" time="1.6216" asserts="0" description="Testing the [ Built ] version of [ TeamsFun ] with [ HelpComment.Tests.ps1 ].[ TeamsFun ] module help tests">
                <results>
                  <test-suite type="TestFixture" name="Testing the [ Built ] version of [ TeamsFun ] with [ HelpComment.Tests.ps1 ].[ TeamsFun ] module help tests.[ Send-TeamsPokemon ]" executed="True" result="Success" success="True" time="0.0474" asserts="0" description="Testing the [ Built ] version of [ TeamsFun ] with [ HelpComment.Tests.ps1 ].[ TeamsFun ] module help tests.[ Send-TeamsPokemon ]">
                    <results>
                      <test-case description="[ Send-TeamsPokemon ] contains comment based help" name="Testing the [ Built ] version of [ TeamsFun ] with [ HelpComment.Tests.ps1 ].[ TeamsFun ] module help tests.[ Send-TeamsPokemon ].[ Send-TeamsPokemon ] contains comment based help" time="0.0035" asserts="0" success="True" result="Success" executed="True" />
                      <test-case description="[ Send-TeamsPokemon ] contains a synopsis" name="Testing the [ Built ] version of [ TeamsFun ] with [ HelpComment.Tests.ps1 ].[ TeamsFun ] module help tests.[ Send-TeamsPokemon ].[ Send-TeamsPokemon ] contains a synopsis" time="0.0029" asserts="0" success="True" result="Success" executed="True" />
                      <test-case description="[ Send-TeamsPokemon ] contains a description" name="Testing the [ Built ] version of [ TeamsFun ] with [ HelpComment.Tests.ps1 ].[ TeamsFun ] module help tests.[ Send-TeamsPokemon ].[ Send-TeamsPokemon ] contains a description" time="0.0027" asserts="0" success="True" result="Success" executed="True" />
                      <test-case description="[ Send-TeamsPokemon ] contains at least one usage example" name="Testing the [ Built ] version of [ TeamsFun ] with [ HelpComment.Tests.ps1 ].[ TeamsFun ] module help tests.[ Send-TeamsPokemon ].[ Send-TeamsPokemon ] contains at least one usage example" time="0.0034" asserts="0" success="True" result="Success" executed="True" />
                      <test-case description="[ Send-TeamsPokemon ] contains a note" name="Testing the [ Built ] version of [ TeamsFun ] with [ HelpComment.Tests.ps1 ].[ TeamsFun ] module help tests.[ Send-TeamsPokemon ].[ Send-TeamsPokemon ] contains a note" time="0.0028" asserts="0" success="True" result="Success" executed="True" />
                      <test-case description="[ Send-TeamsPokemon ] contains a link" name="Testing the [ Built ] version of [ TeamsFun ] with [ HelpComment.Tests.ps1 ].[ TeamsFun ] module help tests.[ Send-TeamsPokemon ].[ Send-TeamsPokemon ] contains a link" time="0.0026" asserts="0" success="True" result="Success" executed="True" />
                      <test-suite type="ParameterizedTest" name="Testing the [ Built ] version of [ TeamsFun ] with [ HelpComment.Tests.ps1 ].[ TeamsFun ] module help tests.[ Send-TeamsPokemon ].[ Send-TeamsPokemon ] - Parameter has a description - [ &lt;_.name&gt; ]" executed="True" result="Success" success="True" time="0.0043" asserts="0" description="[ Send-TeamsPokemon ] - Parameter has a description - [ &lt;_.name&gt; ]">
                        <results>
                          <test-case description="[ Send-TeamsPokemon ] - Parameter has a description - [ TeamsUri ]" name="Testing the [ Built ] version of [ TeamsFun ] with [ HelpComment.Tests.ps1 ].[ TeamsFun ] module help tests.[ Send-TeamsPokemon ].[ Send-TeamsPokemon ] - Parameter has a description - [ TeamsUri ]" time="0.0043" asserts="0" success="True" result="Success" executed="True" />
                        </results>
                      </test-suite>
                      <test-suite type="ParameterizedTest" name="Testing the [ Built ] version of [ TeamsFun ] with [ HelpComment.Tests.ps1 ].[ TeamsFun ] module help tests.[ Send-TeamsPokemon ].[ Send-TeamsPokemon ] - Example has example code &amp; description   - [ &lt;_.title -replace '-'.''&gt; ]" executed="True" result="Success" success="True" time="0.0088" asserts="0" description="[ Send-TeamsPokemon ] - Example has example code &amp; description   - [ &lt;_.title -replace '-'.''&gt; ]">
                        <results>
                          <test-case description="[ Send-TeamsPokemon ] - Example has example code &amp; description   - [  EXAMPLE 1  ]" name="Testing the [ Built ] version of [ TeamsFun ] with [ HelpComment.Tests.ps1 ].[ TeamsFun ] module help tests.[ Send-TeamsPokemon ].[ Send-TeamsPokemon ] - Example has example code &amp; description   - [  EXAMPLE 1  ]" time="0.0054" asserts="0" success="True" result="Success" executed="True" />
                          <test-case description="[ Send-TeamsPokemon ] - Example has example code &amp; description   - [  EXAMPLE 2  ]" name="Testing the [ Built ] version of [ TeamsFun ] with [ HelpComment.Tests.ps1 ].[ TeamsFun ] module help tests.[ Send-TeamsPokemon ].[ Send-TeamsPokemon ] - Example has example code &amp; description   - [  EXAMPLE 2  ]" time="0.0034" asserts="0" success="True" result="Success" executed="True" />
                        </results>
                      </test-suite>
                    </results>
                  </test-suite>
                </results>
              </test-suite>
              <test-suite type="TestFixture" name="Testing the [ Built ] version of [ TeamsFun ] with [ HelpComment.Tests.ps1 ].[ TeamsFun ] module help tests" executed="True" result="Success" success="True" time="1.6976" asserts="0" description="Testing the [ Built ] version of [ TeamsFun ] with [ HelpComment.Tests.ps1 ].[ TeamsFun ] module help tests">
                <results>
                  <test-suite type="TestFixture" name="Testing the [ Built ] version of [ TeamsFun ] with [ HelpComment.Tests.ps1 ].[ TeamsFun ] module help tests.[ Send-TeamsPurr ]" executed="True" result="Success" success="True" time="0.0712" asserts="0" description="Testing the [ Built ] version of [ TeamsFun ] with [ HelpComment.Tests.ps1 ].[ TeamsFun ] module help tests.[ Send-TeamsPurr ]">
                    <results>
                      <test-case description="[ Send-TeamsPurr ] contains comment based help" name="Testing the [ Built ] version of [ TeamsFun ] with [ HelpComment.Tests.ps1 ].[ TeamsFun ] module help tests.[ Send-TeamsPurr ].[ Send-TeamsPurr ] contains comment based help" time="0.0224" asserts="0" success="True" result="Success" executed="True" />
                      <test-case description="[ Send-TeamsPurr ] contains a synopsis" name="Testing the [ Built ] version of [ TeamsFun ] with [ HelpComment.Tests.ps1 ].[ TeamsFun ] module help tests.[ Send-TeamsPurr ].[ Send-TeamsPurr ] contains a synopsis" time="0.0026" asserts="0" success="True" result="Success" executed="True" />
                      <test-case description="[ Send-TeamsPurr ] contains a description" name="Testing the [ Built ] version of [ TeamsFun ] with [ HelpComment.Tests.ps1 ].[ TeamsFun ] module help tests.[ Send-TeamsPurr ].[ Send-TeamsPurr ] contains a description" time="0.0026" asserts="0" success="True" result="Success" executed="True" />
                      <test-case description="[ Send-TeamsPurr ] contains at least one usage example" name="Testing the [ Built ] version of [ TeamsFun ] with [ HelpComment.Tests.ps1 ].[ TeamsFun ] module help tests.[ Send-TeamsPurr ].[ Send-TeamsPurr ] contains at least one usage example" time="0.0063" asserts="0" success="True" result="Success" executed="True" />
                      <test-case description="[ Send-TeamsPurr ] contains a note" name="Testing the [ Built ] version of [ TeamsFun ] with [ HelpComment.Tests.ps1 ].[ TeamsFun ] module help tests.[ Send-TeamsPurr ].[ Send-TeamsPurr ] contains a note" time="0.0028" asserts="0" success="True" result="Success" executed="True" />
                      <test-case description="[ Send-TeamsPurr ] contains a link" name="Testing the [ Built ] version of [ TeamsFun ] with [ HelpComment.Tests.ps1 ].[ TeamsFun ] module help tests.[ Send-TeamsPurr ].[ Send-TeamsPurr ] contains a link" time="0.0026" asserts="0" success="True" result="Success" executed="True" />
                      <test-suite type="ParameterizedTest" name="Testing the [ Built ] version of [ TeamsFun ] with [ HelpComment.Tests.ps1 ].[ TeamsFun ] module help tests.[ Send-TeamsPurr ].[ Send-TeamsPurr ] - Parameter has a description - [ &lt;_.name&gt; ]" executed="True" result="Success" success="True" time="0.0066" asserts="0" description="[ Send-TeamsPurr ] - Parameter has a description - [ &lt;_.name&gt; ]">
                        <results>
                          <test-case description="[ Send-TeamsPurr ] - Parameter has a description - [ TeamsUri ]" name="Testing the [ Built ] version of [ TeamsFun ] with [ HelpComment.Tests.ps1 ].[ TeamsFun ] module help tests.[ Send-TeamsPurr ].[ Send-TeamsPurr ] - Parameter has a description - [ TeamsUri ]" time="0.0066" asserts="0" success="True" result="Success" executed="True" />
                        </results>
                      </test-suite>
                      <test-suite type="ParameterizedTest" name="Testing the [ Built ] version of [ TeamsFun ] with [ HelpComment.Tests.ps1 ].[ TeamsFun ] module help tests.[ Send-TeamsPurr ].[ Send-TeamsPurr ] - Example has example code &amp; description   - [ &lt;_.title -replace '-'.''&gt; ]" executed="True" result="Success" success="True" time="0.0124" asserts="0" description="[ Send-TeamsPurr ] - Example has example code &amp; description   - [ &lt;_.title -replace '-'.''&gt; ]">
                        <results>
                          <test-case description="[ Send-TeamsPurr ] - Example has example code &amp; description   - [  EXAMPLE 1  ]" name="Testing the [ Built ] version of [ TeamsFun ] with [ HelpComment.Tests.ps1 ].[ TeamsFun ] module help tests.[ Send-TeamsPurr ].[ Send-TeamsPurr ] - Example has example code &amp; description   - [  EXAMPLE 1  ]" time="0.0069" asserts="0" success="True" result="Success" executed="True" />
                          <test-case description="[ Send-TeamsPurr ] - Example has example code &amp; description   - [  EXAMPLE 2  ]" name="Testing the [ Built ] version of [ TeamsFun ] with [ HelpComment.Tests.ps1 ].[ TeamsFun ] module help tests.[ Send-TeamsPurr ].[ Send-TeamsPurr ] - Example has example code &amp; description   - [  EXAMPLE 2  ]" time="0.0055" asserts="0" success="True" result="Success" executed="True" />
                        </results>
                      </test-suite>
                    </results>
                  </test-suite>
                </results>
              </test-suite>
              <test-suite type="TestFixture" name="Testing the [ Built ] version of [ TeamsFun ] with [ HelpComment.Tests.ps1 ].[ TeamsFun ] module help tests" executed="True" result="Success" success="True" time="1.7718" asserts="0" description="Testing the [ Built ] version of [ TeamsFun ] with [ HelpComment.Tests.ps1 ].[ TeamsFun ] module help tests">
                <results>
                  <test-suite type="TestFixture" name="Testing the [ Built ] version of [ TeamsFun ] with [ HelpComment.Tests.ps1 ].[ TeamsFun ] module help tests.[ Send-TeamsWoof ]" executed="True" result="Success" success="True" time="0.0667" asserts="0" description="Testing the [ Built ] version of [ TeamsFun ] with [ HelpComment.Tests.ps1 ].[ TeamsFun ] module help tests.[ Send-TeamsWoof ]">
                    <results>
                      <test-case description="[ Send-TeamsWoof ] contains comment based help" name="Testing the [ Built ] version of [ TeamsFun ] with [ HelpComment.Tests.ps1 ].[ TeamsFun ] module help tests.[ Send-TeamsWoof ].[ Send-TeamsWoof ] contains comment based help" time="0.0036" asserts="0" success="True" result="Success" executed="True" />
                      <test-case description="[ Send-TeamsWoof ] contains a synopsis" name="Testing the [ Built ] version of [ TeamsFun ] with [ HelpComment.Tests.ps1 ].[ TeamsFun ] module help tests.[ Send-TeamsWoof ].[ Send-TeamsWoof ] contains a synopsis" time="0.0028" asserts="0" success="True" result="Success" executed="True" />
                      <test-case description="[ Send-TeamsWoof ] contains a description" name="Testing the [ Built ] version of [ TeamsFun ] with [ HelpComment.Tests.ps1 ].[ TeamsFun ] module help tests.[ Send-TeamsWoof ].[ Send-TeamsWoof ] contains a description" time="0.0064" asserts="0" success="True" result="Success" executed="True" />
                      <test-case description="[ Send-TeamsWoof ] contains at least one usage example" name="Testing the [ Built ] version of [ TeamsFun ] with [ HelpComment.Tests.ps1 ].[ TeamsFun ] module help tests.[ Send-TeamsWoof ].[ Send-TeamsWoof ] contains at least one usage example" time="0.0041" asserts="0" success="True" result="Success" executed="True" />
                      <test-case description="[ Send-TeamsWoof ] contains a note" name="Testing the [ Built ] version of [ TeamsFun ] with [ HelpComment.Tests.ps1 ].[ TeamsFun ] module help tests.[ Send-TeamsWoof ].[ Send-TeamsWoof ] contains a note" time="0.0031" asserts="0" success="True" result="Success" executed="True" />
                      <test-case description="[ Send-TeamsWoof ] contains a link" name="Testing the [ Built ] version of [ TeamsFun ] with [ HelpComment.Tests.ps1 ].[ TeamsFun ] module help tests.[ Send-TeamsWoof ].[ Send-TeamsWoof ] contains a link" time="0.0043" asserts="0" success="True" result="Success" executed="True" />
                      <test-suite type="ParameterizedTest" name="Testing the [ Built ] version of [ TeamsFun ] with [ HelpComment.Tests.ps1 ].[ TeamsFun ] module help tests.[ Send-TeamsWoof ].[ Send-TeamsWoof ] - Parameter has a description - [ &lt;_.name&gt; ]" executed="True" result="Success" success="True" time="0.012" asserts="0" description="[ Send-TeamsWoof ] - Parameter has a description - [ &lt;_.name&gt; ]">
                        <results>
                          <test-case description="[ Send-TeamsWoof ] - Parameter has a description - [ TeamsUri ]" name="Testing the [ Built ] version of [ TeamsFun ] with [ HelpComment.Tests.ps1 ].[ TeamsFun ] module help tests.[ Send-TeamsWoof ].[ Send-TeamsWoof ] - Parameter has a description - [ TeamsUri ]" time="0.012" asserts="0" success="True" result="Success" executed="True" />
                        </results>
                      </test-suite>
                      <test-suite type="ParameterizedTest" name="Testing the [ Built ] version of [ TeamsFun ] with [ HelpComment.Tests.ps1 ].[ TeamsFun ] module help tests.[ Send-TeamsWoof ].[ Send-TeamsWoof ] - Example has example code &amp; description   - [ &lt;_.title -replace '-'.''&gt; ]" executed="True" result="Success" success="True" time="0.0199" asserts="0" description="[ Send-TeamsWoof ] - Example has example code &amp; description   - [ &lt;_.title -replace '-'.''&gt; ]">
                        <results>
                          <test-case description="[ Send-TeamsWoof ] - Example has example code &amp; description   - [  EXAMPLE 1  ]" name="Testing the [ Built ] version of [ TeamsFun ] with [ HelpComment.Tests.ps1 ].[ TeamsFun ] module help tests.[ Send-TeamsWoof ].[ Send-TeamsWoof ] - Example has example code &amp; description   - [  EXAMPLE 1  ]" time="0.0148" asserts="0" success="True" result="Success" executed="True" />
                          <test-case description="[ Send-TeamsWoof ] - Example has example code &amp; description   - [  EXAMPLE 2  ]" name="Testing the [ Built ] version of [ TeamsFun ] with [ HelpComment.Tests.ps1 ].[ TeamsFun ] module help tests.[ Send-TeamsWoof ].[ Send-TeamsWoof ] - Example has example code &amp; description   - [  EXAMPLE 2  ]" time="0.0051" asserts="0" success="True" result="Success" executed="True" />
                        </results>
                      </test-suite>
                    </results>
                  </test-suite>
                </results>
              </test-suite>
            </results>
          </test-suite>
        </results>
      </test-suite>
      <test-suite type="TestFixture" name="C:\Celerium\Projects\_API\TeamsFun\tests\PSScriptAnalyzer.tests.ps1" executed="True" result="Failure" success="False" time="6.0185" asserts="0" description="C:\Celerium\Projects\_API\TeamsFun\tests\PSScriptAnalyzer.tests.ps1">
        <results>
          <test-suite type="TestFixture" name="Testing the [ Built ] version of [ TeamsFun ] with [ PSScriptAnalyzer.tests.ps1 ]" executed="True" result="Failure" success="False" time="5.5348" asserts="0" description="Testing the [ Built ] version of [ TeamsFun ] with [ PSScriptAnalyzer.tests.ps1 ]">
            <results>
              <test-suite type="TestFixture" name="Testing the [ Built ] version of [ TeamsFun ] with [ PSScriptAnalyzer.tests.ps1 ].[ TeamsFun ] module PSScriptAnalyzer tests" executed="True" result="Failure" success="False" time="3.4619" asserts="0" description="Testing the [ Built ] version of [ TeamsFun ] with [ PSScriptAnalyzer.tests.ps1 ].[ TeamsFun ] module PSScriptAnalyzer tests">
                <results>
                  <test-suite type="TestFixture" name="Testing the [ Built ] version of [ TeamsFun ] with [ PSScriptAnalyzer.tests.ps1 ].[ TeamsFun ] module PSScriptAnalyzer tests.[ TeamsFun.psd1 ]" executed="True" result="Success" success="True" time="0.2823" asserts="0" description="Testing the [ Built ] version of [ TeamsFun ] with [ PSScriptAnalyzer.tests.ps1 ].[ TeamsFun ] module PSScriptAnalyzer tests.[ TeamsFun.psd1 ]">
                    <results>
                      <test-suite type="ParameterizedTest" name="Testing the [ Built ] version of [ TeamsFun ] with [ PSScriptAnalyzer.tests.ps1 ].[ TeamsFun ] module PSScriptAnalyzer tests.[ TeamsFun.psd1 ].Should pass rule [ PSAlignAssignmentStatement ]" executed="True" result="Success" success="True" time="0.2778" asserts="0" description="Should pass rule [ PSAlignAssignmentStatement ]">
                        <results>
                          <test-case description="Should pass rule [ PSAlignAssignmentStatement ]" name="Testing the [ Built ] version of [ TeamsFun ] with [ PSScriptAnalyzer.tests.ps1 ].[ TeamsFun ] module PSScriptAnalyzer tests.[ TeamsFun.psd1 ].Should pass rule [ PSAlignAssignmentStatement ](PSAlignAssignmentStatement,C:\Celerium\Projects\_API\TeamsFun\build\TeamsFun\1.0.0\TeamsFun.psd1)" time="0.2778" asserts="0" success="True" result="Success" executed="True" />
                        </results>
                      </test-suite>
                    </results>
                  </test-suite>
                  <test-suite type="TestFixture" name="Testing the [ Built ] version of [ TeamsFun ] with [ PSScriptAnalyzer.tests.ps1 ].[ TeamsFun ] module PSScriptAnalyzer tests.[ TeamsFun.psd1 ]" executed="True" result="Success" success="True" time="0.3204" asserts="0" description="Testing the [ Built ] version of [ TeamsFun ] with [ PSScriptAnalyzer.tests.ps1 ].[ TeamsFun ] module PSScriptAnalyzer tests.[ TeamsFun.psd1 ]">
                    <results>
                      <test-suite type="ParameterizedTest" name="Testing the [ Built ] version of [ TeamsFun ] with [ PSScriptAnalyzer.tests.ps1 ].[ TeamsFun ] module PSScriptAnalyzer tests.[ TeamsFun.psd1 ].Should pass rule [ PSAvoidUsingCmdletAliases ]" executed="True" result="Success" success="True" time="0.0246" asserts="0" description="Should pass rule [ PSAvoidUsingCmdletAliases ]">
                        <results>
                          <test-case description="Should pass rule [ PSAvoidUsingCmdletAliases ]" name="Testing the [ Built ] version of [ TeamsFun ] with [ PSScriptAnalyzer.tests.ps1 ].[ TeamsFun ] module PSScriptAnalyzer tests.[ TeamsFun.psd1 ].Should pass rule [ PSAvoidUsingCmdletAliases ](PSAvoidUsingCmdletAliases,C:\Celerium\Projects\_API\TeamsFun\build\TeamsFun\1.0.0\TeamsFun.psd1)" time="0.0246" asserts="0" success="True" result="Success" executed="True" />
                        </results>
                      </test-suite>
                    </results>
                  </test-suite>
                  <test-suite type="TestFixture" name="Testing the [ Built ] version of [ TeamsFun ] with [ PSScriptAnalyzer.tests.ps1 ].[ TeamsFun ] module PSScriptAnalyzer tests.[ TeamsFun.psd1 ]" executed="True" result="Success" success="True" time="0.3604" asserts="0" description="Testing the [ Built ] version of [ TeamsFun ] with [ PSScriptAnalyzer.tests.ps1 ].[ TeamsFun ] module PSScriptAnalyzer tests.[ TeamsFun.psd1 ]">
                    <results>
                      <test-suite type="ParameterizedTest" name="Testing the [ Built ] version of [ TeamsFun ] with [ PSScriptAnalyzer.tests.ps1 ].[ TeamsFun ] module PSScriptAnalyzer tests.[ TeamsFun.psd1 ].Should pass rule [ PSAvoidAssignmentToAutomaticVariable ]" executed="True" result="Success" success="True" time="0.0334" asserts="0" description="Should pass rule [ PSAvoidAssignmentToAutomaticVariable ]">
                        <results>
                          <test-case description="Should pass rule [ PSAvoidAssignmentToAutomaticVariable ]" name="Testing the [ Built ] version of [ TeamsFun ] with [ PSScriptAnalyzer.tests.ps1 ].[ TeamsFun ] module PSScriptAnalyzer tests.[ TeamsFun.psd1 ].Should pass rule [ PSAvoidAssignmentToAutomaticVariable ](PSAvoidAssignmentToAutomaticVariable,C:\Celerium\Projects\_API\TeamsFun\build\TeamsFun\1.0.0\TeamsFun.psd1)" time="0.0334" asserts="0" success="True" result="Success" executed="True" />
                        </results>
                      </test-suite>
                    </results>
                  </test-suite>
                  <test-suite type="TestFixture" name="Testing the [ Built ] version of [ TeamsFun ] with [ PSScriptAnalyzer.tests.ps1 ].[ TeamsFun ] module PSScriptAnalyzer tests.[ TeamsFun.psd1 ]" executed="True" result="Success" success="True" time="0.3936" asserts="0" description="Testing the [ Built ] version of [ TeamsFun ] with [ PSScriptAnalyzer.tests.ps1 ].[ TeamsFun ] module PSScriptAnalyzer tests.[ TeamsFun.psd1 ]">
                    <results>
                      <test-suite type="ParameterizedTest" name="Testing the [ Built ] version of [ TeamsFun ] with [ PSScriptAnalyzer.tests.ps1 ].[ TeamsFun ] module PSScriptAnalyzer tests.[ TeamsFun.psd1 ].Should pass rule [ PSAvoidDefaultValueSwitchParameter ]" executed="True" result="Success" success="True" time="0.0287" asserts="0" description="Should pass rule [ PSAvoidDefaultValueSwitchParameter ]">
                        <results>
                          <test-case description="Should pass rule [ PSAvoidDefaultValueSwitchParameter ]" name="Testing the [ Built ] version of [ TeamsFun ] with [ PSScriptAnalyzer.tests.ps1 ].[ TeamsFun ] module PSScriptAnalyzer tests.[ TeamsFun.psd1 ].Should pass rule [ PSAvoidDefaultValueSwitchParameter ](PSAvoidDefaultValueSwitchParameter,C:\Celerium\Projects\_API\TeamsFun\build\TeamsFun\1.0.0\TeamsFun.psd1)" time="0.0287" asserts="0" success="True" result="Success" executed="True" />
                        </results>
                      </test-suite>
                    </results>
                  </test-suite>
                  <test-suite type="TestFixture" name="Testing the [ Built ] version of [ TeamsFun ] with [ PSScriptAnalyzer.tests.ps1 ].[ TeamsFun ] module PSScriptAnalyzer tests.[ TeamsFun.psd1 ]" executed="True" result="Success" success="True" time="0.4274" asserts="0" description="Testing the [ Built ] version of [ TeamsFun ] with [ PSScriptAnalyzer.tests.ps1 ].[ TeamsFun ] module PSScriptAnalyzer tests.[ TeamsFun.psd1 ]">
                    <results>
                      <test-suite type="ParameterizedTest" name="Testing the [ Built ] version of [ TeamsFun ] with [ PSScriptAnalyzer.tests.ps1 ].[ TeamsFun ] module PSScriptAnalyzer tests.[ TeamsFun.psd1 ].Should pass rule [ PSAvoidDefaultValueForMandatoryParameter ]" executed="True" result="Success" success="True" time="0.0294" asserts="0" description="Should pass rule [ PSAvoidDefaultValueForMandatoryParameter ]">
                        <results>
                          <test-case description="Should pass rule [ PSAvoidDefaultValueForMandatoryParameter ]" name="Testing the [ Built ] version of [ TeamsFun ] with [ PSScriptAnalyzer.tests.ps1 ].[ TeamsFun ] module PSScriptAnalyzer tests.[ TeamsFun.psd1 ].Should pass rule [ PSAvoidDefaultValueForMandatoryParameter ](PSAvoidDefaultValueForMandatoryParameter,C:\Celerium\Projects\_API\TeamsFun\build\TeamsFun\1.0.0\TeamsFun.psd1)" time="0.0294" asserts="0" success="True" result="Success" executed="True" />
                        </results>
                      </test-suite>
                    </results>
                  </test-suite>
                  <test-suite type="TestFixture" name="Testing the [ Built ] version of [ TeamsFun ] with [ PSScriptAnalyzer.tests.ps1 ].[ TeamsFun ] module PSScriptAnalyzer tests.[ TeamsFun.psd1 ]" executed="True" result="Success" success="True" time="0.4617" asserts="0" description="Testing the [ Built ] version of [ TeamsFun ] with [ PSScriptAnalyzer.tests.ps1 ].[ TeamsFun ] module PSScriptAnalyzer tests.[ TeamsFun.psd1 ]">
                    <results>
                      <test-suite type="ParameterizedTest" name="Testing the [ Built ] version of [ TeamsFun ] with [ PSScriptAnalyzer.tests.ps1 ].[ TeamsFun ] module PSScriptAnalyzer tests.[ TeamsFun.psd1 ].Should pass rule [ PSAvoidUsingEmptyCatchBlock ]" executed="True" result="Success" success="True" time="0.0298" asserts="0" description="Should pass rule [ PSAvoidUsingEmptyCatchBlock ]">
                        <results>
                          <test-case description="Should pass rule [ PSAvoidUsingEmptyCatchBlock ]" name="Testing the [ Built ] version of [ TeamsFun ] with [ PSScriptAnalyzer.tests.ps1 ].[ TeamsFun ] module PSScriptAnalyzer tests.[ TeamsFun.psd1 ].Should pass rule [ PSAvoidUsingEmptyCatchBlock ](PSAvoidUsingEmptyCatchBlock,C:\Celerium\Projects\_API\TeamsFun\build\TeamsFun\1.0.0\TeamsFun.psd1)" time="0.0298" asserts="0" success="True" result="Success" executed="True" />
                        </results>
                      </test-suite>
                    </results>
                  </test-suite>
                  <test-suite type="TestFixture" name="Testing the [ Built ] version of [ TeamsFun ] with [ PSScriptAnalyzer.tests.ps1 ].[ TeamsFun ] module PSScriptAnalyzer tests.[ TeamsFun.psd1 ]" executed="True" result="Success" success="True" time="0.4982" asserts="0" description="Testing the [ Built ] version of [ TeamsFun ] with [ PSScriptAnalyzer.tests.ps1 ].[ TeamsFun ] module PSScriptAnalyzer tests.[ TeamsFun.psd1 ]">
                    <results>
                      <test-suite type="ParameterizedTest" name="Testing the [ Built ] version of [ TeamsFun ] with [ PSScriptAnalyzer.tests.ps1 ].[ TeamsFun ] module PSScriptAnalyzer tests.[ TeamsFun.psd1 ].Should pass rule [ PSAvoidExclaimOperator ]" executed="True" result="Success" success="True" time="0.0281" asserts="0" description="Should pass rule [ PSAvoidExclaimOperator ]">
                        <results>
                          <test-case description="Should pass rule [ PSAvoidExclaimOperator ]" name="Testing the [ Built ] version of [ TeamsFun ] with [ PSScriptAnalyzer.tests.ps1 ].[ TeamsFun ] module PSScriptAnalyzer tests.[ TeamsFun.psd1 ].Should pass rule [ PSAvoidExclaimOperator ](PSAvoidExclaimOperator,C:\Celerium\Projects\_API\TeamsFun\build\TeamsFun\1.0.0\TeamsFun.psd1)" time="0.0281" asserts="0" success="True" result="Success" executed="True" />
                        </results>
                      </test-suite>
                    </results>
                  </test-suite>
                  <test-suite type="TestFixture" name="Testing the [ Built ] version of [ TeamsFun ] with [ PSScriptAnalyzer.tests.ps1 ].[ TeamsFun ] module PSScriptAnalyzer tests.[ TeamsFun.psd1 ]" executed="True" result="Success" success="True" time="0.5314" asserts="0" description="Testing the [ Built ] version of [ TeamsFun ] with [ PSScriptAnalyzer.tests.ps1 ].[ TeamsFun ] module PSScriptAnalyzer tests.[ TeamsFun.psd1 ]">
                    <results>
                      <test-suite type="ParameterizedTest" name="Testing the [ Built ] version of [ TeamsFun ] with [ PSScriptAnalyzer.tests.ps1 ].[ TeamsFun ] module PSScriptAnalyzer tests.[ TeamsFun.psd1 ].Should pass rule [ PSAvoidGlobalAliases ]" executed="True" result="Success" success="True" time="0.0287" asserts="0" description="Should pass rule [ PSAvoidGlobalAliases ]">
                        <results>
                          <test-case description="Should pass rule [ PSAvoidGlobalAliases ]" name="Testing the [ Built ] version of [ TeamsFun ] with [ PSScriptAnalyzer.tests.ps1 ].[ TeamsFun ] module PSScriptAnalyzer tests.[ TeamsFun.psd1 ].Should pass rule [ PSAvoidGlobalAliases ](PSAvoidGlobalAliases,C:\Celerium\Projects\_API\TeamsFun\build\TeamsFun\1.0.0\TeamsFun.psd1)" time="0.0287" asserts="0" success="True" result="Success" executed="True" />
                        </results>
                      </test-suite>
                    </results>
                  </test-suite>
                  <test-suite type="TestFixture" name="Testing the [ Built ] version of [ TeamsFun ] with [ PSScriptAnalyzer.tests.ps1 ].[ TeamsFun ] module PSScriptAnalyzer tests.[ TeamsFun.psd1 ]" executed="True" result="Success" success="True" time="0.5648" asserts="0" description="Testing the [ Built ] version of [ TeamsFun ] with [ PSScriptAnalyzer.tests.ps1 ].[ TeamsFun ] module PSScriptAnalyzer tests.[ TeamsFun.psd1 ]">
                    <results>
                      <test-suite type="ParameterizedTest" name="Testing the [ Built ] version of [ TeamsFun ] with [ PSScriptAnalyzer.tests.ps1 ].[ TeamsFun ] module PSScriptAnalyzer tests.[ TeamsFun.psd1 ].Should pass rule [ PSAvoidGlobalFunctions ]" executed="True" result="Success" success="True" time="0.0289" asserts="0" description="Should pass rule [ PSAvoidGlobalFunctions ]">
                        <results>
                          <test-case description="Should pass rule [ PSAvoidGlobalFunctions ]" name="Testing the [ Built ] version of [ TeamsFun ] with [ PSScriptAnalyzer.tests.ps1 ].[ TeamsFun ] module PSScriptAnalyzer tests.[ TeamsFun.psd1 ].Should pass rule [ PSAvoidGlobalFunctions ](PSAvoidGlobalFunctions,C:\Celerium\Projects\_API\TeamsFun\build\TeamsFun\1.0.0\TeamsFun.psd1)" time="0.0289" asserts="0" success="True" result="Success" executed="True" />
                        </results>
                      </test-suite>
                    </results>
                  </test-suite>
                  <test-suite type="TestFixture" name="Testing the [ Built ] version of [ TeamsFun ] with [ PSScriptAnalyzer.tests.ps1 ].[ TeamsFun ] module PSScriptAnalyzer tests.[ TeamsFun.psd1 ]" executed="True" result="Success" success="True" time="0.6002" asserts="0" description="Testing the [ Built ] version of [ TeamsFun ] with [ PSScriptAnalyzer.tests.ps1 ].[ TeamsFun ] module PSScriptAnalyzer tests.[ TeamsFun.psd1 ]">
                    <results>
                      <test-suite type="ParameterizedTest" name="Testing the [ Built ] version of [ TeamsFun ] with [ PSScriptAnalyzer.tests.ps1 ].[ TeamsFun ] module PSScriptAnalyzer tests.[ TeamsFun.psd1 ].Should pass rule [ PSAvoidGlobalVars ]" executed="True" result="Success" success="True" time="0.0307" asserts="0" description="Should pass rule [ PSAvoidGlobalVars ]">
                        <results>
                          <test-case description="Should pass rule [ PSAvoidGlobalVars ]" name="Testing the [ Built ] version of [ TeamsFun ] with [ PSScriptAnalyzer.tests.ps1 ].[ TeamsFun ] module PSScriptAnalyzer tests.[ TeamsFun.psd1 ].Should pass rule [ PSAvoidGlobalVars ](PSAvoidGlobalVars,C:\Celerium\Projects\_API\TeamsFun\build\TeamsFun\1.0.0\TeamsFun.psd1)" time="0.0307" asserts="0" success="True" result="Success" executed="True" />
                        </results>
                      </test-suite>
                    </results>
                  </test-suite>
                  <test-suite type="TestFixture" name="Testing the [ Built ] version of [ TeamsFun ] with [ PSScriptAnalyzer.tests.ps1 ].[ TeamsFun ] module PSScriptAnalyzer tests.[ TeamsFun.psd1 ]" executed="True" result="Success" success="True" time="0.6337" asserts="0" description="Testing the [ Built ] version of [ TeamsFun ] with [ PSScriptAnalyzer.tests.ps1 ].[ TeamsFun ] module PSScriptAnalyzer tests.[ TeamsFun.psd1 ]">
                    <results>
                      <test-suite type="ParameterizedTest" name="Testing the [ Built ] version of [ TeamsFun ] with [ PSScriptAnalyzer.tests.ps1 ].[ TeamsFun ] module PSScriptAnalyzer tests.[ TeamsFun.psd1 ].Should pass rule [ PSAvoidInvokingEmptyMembers ]" executed="True" result="Success" success="True" time="0.0289" asserts="0" description="Should pass rule [ PSAvoidInvokingEmptyMembers ]">
                        <results>
                          <test-case description="Should pass rule [ PSAvoidInvokingEmptyMembers ]" name="Testing the [ Built ] version of [ TeamsFun ] with [ PSScriptAnalyzer.tests.ps1 ].[ TeamsFun ] module PSScriptAnalyzer tests.[ TeamsFun.psd1 ].Should pass rule [ PSAvoidInvokingEmptyMembers ](PSAvoidInvokingEmptyMembers,C:\Celerium\Projects\_API\TeamsFun\build\TeamsFun\1.0.0\TeamsFun.psd1)" time="0.0289" asserts="0" success="True" result="Success" executed="True" />
                        </results>
                      </test-suite>
                    </results>
                  </test-suite>
                  <test-suite type="TestFixture" name="Testing the [ Built ] version of [ TeamsFun ] with [ PSScriptAnalyzer.tests.ps1 ].[ TeamsFun ] module PSScriptAnalyzer tests.[ TeamsFun.psd1 ]" executed="True" result="Success" success="True" time="0.6651" asserts="0" description="Testing the [ Built ] version of [ TeamsFun ] with [ PSScriptAnalyzer.tests.ps1 ].[ TeamsFun ] module PSScriptAnalyzer tests.[ TeamsFun.psd1 ]">
                    <results>
                      <test-suite type="ParameterizedTest" name="Testing the [ Built ] version of [ TeamsFun ] with [ PSScriptAnalyzer.tests.ps1 ].[ TeamsFun ] module PSScriptAnalyzer tests.[ TeamsFun.psd1 ].Should pass rule [ PSAvoidLongLines ]" executed="True" result="Success" success="True" time="0.027" asserts="0" description="Should pass rule [ PSAvoidLongLines ]">
                        <results>
                          <test-case description="Should pass rule [ PSAvoidLongLines ]" name="Testing the [ Built ] version of [ TeamsFun ] with [ PSScriptAnalyzer.tests.ps1 ].[ TeamsFun ] module PSScriptAnalyzer tests.[ TeamsFun.psd1 ].Should pass rule [ PSAvoidLongLines ](PSAvoidLongLines,C:\Celerium\Projects\_API\TeamsFun\build\TeamsFun\1.0.0\TeamsFun.psd1)" time="0.027" asserts="0" success="True" result="Success" executed="True" />
                        </results>
                      </test-suite>
                    </results>
                  </test-suite>
                  <test-suite type="TestFixture" name="Testing the [ Built ] version of [ TeamsFun ] with [ PSScriptAnalyzer.tests.ps1 ].[ TeamsFun ] module PSScriptAnalyzer tests.[ TeamsFun.psd1 ]" executed="True" result="Success" success="True" time="0.7023" asserts="0" description="Testing the [ Built ] version of [ TeamsFun ] with [ PSScriptAnalyzer.tests.ps1 ].[ TeamsFun ] module PSScriptAnalyzer tests.[ TeamsFun.psd1 ]">
                    <results>
                      <test-suite type="ParameterizedTest" name="Testing the [ Built ] version of [ TeamsFun ] with [ PSScriptAnalyzer.tests.ps1 ].[ TeamsFun ] module PSScriptAnalyzer tests.[ TeamsFun.psd1 ].Should pass rule [ PSAvoidMultipleTypeAttributes ]" executed="True" result="Success" success="True" time="0.0295" asserts="0" description="Should pass rule [ PSAvoidMultipleTypeAttributes ]">
                        <results>
                          <test-case description="Should pass rule [ PSAvoidMultipleTypeAttributes ]" name="Testing the [ Built ] version of [ TeamsFun ] with [ PSScriptAnalyzer.tests.ps1 ].[ TeamsFun ] module PSScriptAnalyzer tests.[ TeamsFun.psd1 ].Should pass rule [ PSAvoidMultipleTypeAttributes ](PSAvoidMultipleTypeAttributes,C:\Celerium\Projects\_API\TeamsFun\build\TeamsFun\1.0.0\TeamsFun.psd1)" time="0.0295" asserts="0" success="True" result="Success" executed="True" />
                        </results>
                      </test-suite>
                    </results>
                  </test-suite>
                  <test-suite type="TestFixture" name="Testing the [ Built ] version of [ TeamsFun ] with [ PSScriptAnalyzer.tests.ps1 ].[ TeamsFun ] module PSScriptAnalyzer tests.[ TeamsFun.psd1 ]" executed="True" result="Success" success="True" time="0.7374" asserts="0" description="Testing the [ Built ] version of [ TeamsFun ] with [ PSScriptAnalyzer.tests.ps1 ].[ TeamsFun ] module PSScriptAnalyzer tests.[ TeamsFun.psd1 ]">
                    <results>
                      <test-suite type="ParameterizedTest" name="Testing the [ Built ] version of [ TeamsFun ] with [ PSScriptAnalyzer.tests.ps1 ].[ TeamsFun ] module PSScriptAnalyzer tests.[ TeamsFun.psd1 ].Should pass rule [ PSAvoidNullOrEmptyHelpMessageAttribute ]" executed="True" result="Success" success="True" time="0.0307" asserts="0" description="Should pass rule [ PSAvoidNullOrEmptyHelpMessageAttribute ]">
                        <results>
                          <test-case description="Should pass rule [ PSAvoidNullOrEmptyHelpMessageAttribute ]" name="Testing the [ Built ] version of [ TeamsFun ] with [ PSScriptAnalyzer.tests.ps1 ].[ TeamsFun ] module PSScriptAnalyzer tests.[ TeamsFun.psd1 ].Should pass rule [ PSAvoidNullOrEmptyHelpMessageAttribute ](PSAvoidNullOrEmptyHelpMessageAttribute,C:\Celerium\Projects\_API\TeamsFun\build\TeamsFun\1.0.0\TeamsFun.psd1)" time="0.0307" asserts="0" success="True" result="Success" executed="True" />
                        </results>
                      </test-suite>
                    </results>
                  </test-suite>
                  <test-suite type="TestFixture" name="Testing the [ Built ] version of [ TeamsFun ] with [ PSScriptAnalyzer.tests.ps1 ].[ TeamsFun ] module PSScriptAnalyzer tests.[ TeamsFun.psd1 ]" executed="True" result="Success" success="True" time="0.7711" asserts="0" description="Testing the [ Built ] version of [ TeamsFun ] with [ PSScriptAnalyzer.tests.ps1 ].[ TeamsFun ] module PSScriptAnalyzer tests.[ TeamsFun.psd1 ]">
                    <results>
                      <test-suite type="ParameterizedTest" name="Testing the [ Built ] version of [ TeamsFun ] with [ PSScriptAnalyzer.tests.ps1 ].[ TeamsFun ] module PSScriptAnalyzer tests.[ TeamsFun.psd1 ].Should pass rule [ PSAvoidOverwritingBuiltInCmdlets ]" executed="True" result="Success" success="True" time="0.0294" asserts="0" description="Should pass rule [ PSAvoidOverwritingBuiltInCmdlets ]">
                        <results>
                          <test-case description="Should pass rule [ PSAvoidOverwritingBuiltInCmdlets ]" name="Testing the [ Built ] version of [ TeamsFun ] with [ PSScriptAnalyzer.tests.ps1 ].[ TeamsFun ] module PSScriptAnalyzer tests.[ TeamsFun.psd1 ].Should pass rule [ PSAvoidOverwritingBuiltInCmdlets ](PSAvoidOverwritingBuiltInCmdlets,C:\Celerium\Projects\_API\TeamsFun\build\TeamsFun\1.0.0\TeamsFun.psd1)" time="0.0294" asserts="0" success="True" result="Success" executed="True" />
                        </results>
                      </test-suite>
                    </results>
                  </test-suite>
                  <test-suite type="TestFixture" name="Testing the [ Built ] version of [ TeamsFun ] with [ PSScriptAnalyzer.tests.ps1 ].[ TeamsFun ] module PSScriptAnalyzer tests.[ TeamsFun.psd1 ]" executed="True" result="Success" success="True" time="0.8032" asserts="0" description="Testing the [ Built ] version of [ TeamsFun ] with [ PSScriptAnalyzer.tests.ps1 ].[ TeamsFun ] module PSScriptAnalyzer tests.[ TeamsFun.psd1 ]">
                    <results>
                      <test-suite type="ParameterizedTest" name="Testing the [ Built ] version of [ TeamsFun ] with [ PSScriptAnalyzer.tests.ps1 ].[ TeamsFun ] module PSScriptAnalyzer tests.[ TeamsFun.psd1 ].Should pass rule [ PSAvoidUsingPositionalParameters ]" executed="True" result="Success" success="True" time="0.0279" asserts="0" description="Should pass rule [ PSAvoidUsingPositionalParameters ]">
                        <results>
                          <test-case description="Should pass rule [ PSAvoidUsingPositionalParameters ]" name="Testing the [ Built ] version of [ TeamsFun ] with [ PSScriptAnalyzer.tests.ps1 ].[ TeamsFun ] module PSScriptAnalyzer tests.[ TeamsFun.psd1 ].Should pass rule [ PSAvoidUsingPositionalParameters ](PSAvoidUsingPositionalParameters,C:\Celerium\Projects\_API\TeamsFun\build\TeamsFun\1.0.0\TeamsFun.psd1)" time="0.0279" asserts="0" success="True" result="Success" executed="True" />
                        </results>
                      </test-suite>
                    </results>
                  </test-suite>
                  <test-suite type="TestFixture" name="Testing the [ Built ] version of [ TeamsFun ] with [ PSScriptAnalyzer.tests.ps1 ].[ TeamsFun ] module PSScriptAnalyzer tests.[ TeamsFun.psd1 ]" executed="True" result="Success" success="True" time="0.8355" asserts="0" description="Testing the [ Built ] version of [ TeamsFun ] with [ PSScriptAnalyzer.tests.ps1 ].[ TeamsFun ] module PSScriptAnalyzer tests.[ TeamsFun.psd1 ]">
                    <results>
                      <test-suite type="ParameterizedTest" name="Testing the [ Built ] version of [ TeamsFun ] with [ PSScriptAnalyzer.tests.ps1 ].[ TeamsFun ] module PSScriptAnalyzer tests.[ TeamsFun.psd1 ].Should pass rule [ PSReservedCmdletChar ]" executed="True" result="Success" success="True" time="0.0278" asserts="0" description="Should pass rule [ PSReservedCmdletChar ]">
                        <results>
                          <test-case description="Should pass rule [ PSReservedCmdletChar ]" name="Testing the [ Built ] version of [ TeamsFun ] with [ PSScriptAnalyzer.tests.ps1 ].[ TeamsFun ] module PSScriptAnalyzer tests.[ TeamsFun.psd1 ].Should pass rule [ PSReservedCmdletChar ](PSReservedCmdletChar,C:\Celerium\Projects\_API\TeamsFun\build\TeamsFun\1.0.0\TeamsFun.psd1)" time="0.0278" asserts="0" success="True" result="Success" executed="True" />
                        </results>
                      </test-suite>
                    </results>
                  </test-suite>
                  <test-suite type="TestFixture" name="Testing the [ Built ] version of [ TeamsFun ] with [ PSScriptAnalyzer.tests.ps1 ].[ TeamsFun ] module PSScriptAnalyzer tests.[ TeamsFun.psd1 ]" executed="True" result="Success" success="True" time="0.8732" asserts="0" description="Testing the [ Built ] version of [ TeamsFun ] with [ PSScriptAnalyzer.tests.ps1 ].[ TeamsFun ] module PSScriptAnalyzer tests.[ TeamsFun.psd1 ]">
                    <results>
                      <test-suite type="ParameterizedTest" name="Testing the [ Built ] version of [ TeamsFun ] with [ PSScriptAnalyzer.tests.ps1 ].[ TeamsFun ] module PSScriptAnalyzer tests.[ TeamsFun.psd1 ].Should pass rule [ PSReservedParams ]" executed="True" result="Success" success="True" time="0.0293" asserts="0" description="Should pass rule [ PSReservedParams ]">
                        <results>
                          <test-case description="Should pass rule [ PSReservedParams ]" name="Testing the [ Built ] version of [ TeamsFun ] with [ PSScriptAnalyzer.tests.ps1 ].[ TeamsFun ] module PSScriptAnalyzer tests.[ TeamsFun.psd1 ].Should pass rule [ PSReservedParams ](PSReservedParams,C:\Celerium\Projects\_API\TeamsFun\build\TeamsFun\1.0.0\TeamsFun.psd1)" time="0.0293" asserts="0" success="True" result="Success" executed="True" />
                        </results>
                      </test-suite>
                    </results>
                  </test-suite>
                  <test-suite type="TestFixture" name="Testing the [ Built ] version of [ TeamsFun ] with [ PSScriptAnalyzer.tests.ps1 ].[ TeamsFun ] module PSScriptAnalyzer tests.[ TeamsFun.psd1 ]" executed="True" result="Success" success="True" time="0.9067" asserts="0" description="Testing the [ Built ] version of [ TeamsFun ] with [ PSScriptAnalyzer.tests.ps1 ].[ TeamsFun ] module PSScriptAnalyzer tests.[ TeamsFun.psd1 ]">
                    <results>
                      <test-suite type="ParameterizedTest" name="Testing the [ Built ] version of [ TeamsFun ] with [ PSScriptAnalyzer.tests.ps1 ].[ TeamsFun ] module PSScriptAnalyzer tests.[ TeamsFun.psd1 ].Should pass rule [ PSAvoidSemicolonsAsLineTerminators ]" executed="True" result="Success" success="True" time="0.0292" asserts="0" description="Should pass rule [ PSAvoidSemicolonsAsLineTerminators ]">
                        <results>
                          <test-case description="Should pass rule [ PSAvoidSemicolonsAsLineTerminators ]" name="Testing the [ Built ] version of [ TeamsFun ] with [ PSScriptAnalyzer.tests.ps1 ].[ TeamsFun ] module PSScriptAnalyzer tests.[ TeamsFun.psd1 ].Should pass rule [ PSAvoidSemicolonsAsLineTerminators ](PSAvoidSemicolonsAsLineTerminators,C:\Celerium\Projects\_API\TeamsFun\build\TeamsFun\1.0.0\TeamsFun.psd1)" time="0.0292" asserts="0" success="True" result="Success" executed="True" />
                        </results>
                      </test-suite>
                    </results>
                  </test-suite>
                  <test-suite type="TestFixture" name="Testing the [ Built ] version of [ TeamsFun ] with [ PSScriptAnalyzer.tests.ps1 ].[ TeamsFun ] module PSScriptAnalyzer tests.[ TeamsFun.psd1 ]" executed="True" result="Success" success="True" time="0.951" asserts="0" description="Testing the [ Built ] version of [ TeamsFun ] with [ PSScriptAnalyzer.tests.ps1 ].[ TeamsFun ] module PSScriptAnalyzer tests.[ TeamsFun.psd1 ]">
                    <results>
                      <test-suite type="ParameterizedTest" name="Testing the [ Built ] version of [ TeamsFun ] with [ PSScriptAnalyzer.tests.ps1 ].[ TeamsFun ] module PSScriptAnalyzer tests.[ TeamsFun.psd1 ].Should pass rule [ PSAvoidShouldContinueWithoutForce ]" executed="True" result="Success" success="True" time="0.0314" asserts="0" description="Should pass rule [ PSAvoidShouldContinueWithoutForce ]">
                        <results>
                          <test-case description="Should pass rule [ PSAvoidShouldContinueWithoutForce ]" name="Testing the [ Built ] version of [ TeamsFun ] with [ PSScriptAnalyzer.tests.ps1 ].[ TeamsFun ] module PSScriptAnalyzer tests.[ TeamsFun.psd1 ].Should pass rule [ PSAvoidShouldContinueWithoutForce ](PSAvoidShouldContinueWithoutForce,C:\Celerium\Projects\_API\TeamsFun\build\TeamsFun\1.0.0\TeamsFun.psd1)" time="0.0314" asserts="0" success="True" result="Success" executed="True" />
                        </results>
                      </test-suite>
                    </results>
                  </test-suite>
                  <test-suite type="TestFixture" name="Testing the [ Built ] version of [ TeamsFun ] with [ PSScriptAnalyzer.tests.ps1 ].[ TeamsFun ] module PSScriptAnalyzer tests.[ TeamsFun.psd1 ]" executed="True" result="Success" success="True" time="0.9837" asserts="0" description="Testing the [ Built ] version of [ TeamsFun ] with [ PSScriptAnalyzer.tests.ps1 ].[ TeamsFun ] module PSScriptAnalyzer tests.[ TeamsFun.psd1 ]">
                    <results>
                      <test-suite type="ParameterizedTest" name="Testing the [ Built ] version of [ TeamsFun ] with [ PSScriptAnalyzer.tests.ps1 ].[ TeamsFun ] module PSScriptAnalyzer tests.[ TeamsFun.psd1 ].Should pass rule [ PSAvoidTrailingWhitespace ]" executed="True" result="Success" success="True" time="0.028" asserts="0" description="Should pass rule [ PSAvoidTrailingWhitespace ]">
                        <results>
                          <test-case description="Should pass rule [ PSAvoidTrailingWhitespace ]" name="Testing the [ Built ] version of [ TeamsFun ] with [ PSScriptAnalyzer.tests.ps1 ].[ TeamsFun ] module PSScriptAnalyzer tests.[ TeamsFun.psd1 ].Should pass rule [ PSAvoidTrailingWhitespace ](PSAvoidTrailingWhitespace,C:\Celerium\Projects\_API\TeamsFun\build\TeamsFun\1.0.0\TeamsFun.psd1)" time="0.028" asserts="0" success="True" result="Success" executed="True" />
                        </results>
                      </test-suite>
                    </results>
                  </test-suite>
                  <test-suite type="TestFixture" name="Testing the [ Built ] version of [ TeamsFun ] with [ PSScriptAnalyzer.tests.ps1 ].[ TeamsFun ] module PSScriptAnalyzer tests.[ TeamsFun.psd1 ]" executed="True" result="Success" success="True" time="1.0211" asserts="0" description="Testing the [ Built ] version of [ TeamsFun ] with [ PSScriptAnalyzer.tests.ps1 ].[ TeamsFun ] module PSScriptAnalyzer tests.[ TeamsFun.psd1 ]">
                    <results>
                      <test-suite type="ParameterizedTest" name="Testing the [ Built ] version of [ TeamsFun ] with [ PSScriptAnalyzer.tests.ps1 ].[ TeamsFun ] module PSScriptAnalyzer tests.[ TeamsFun.psd1 ].Should pass rule [ PSAvoidUsingUsernameAndPasswordParams ]" executed="True" result="Success" success="True" time="0.0326" asserts="0" description="Should pass rule [ PSAvoidUsingUsernameAndPasswordParams ]">
                        <results>
                          <test-case description="Should pass rule [ PSAvoidUsingUsernameAndPasswordParams ]" name="Testing the [ Built ] version of [ TeamsFun ] with [ PSScriptAnalyzer.tests.ps1 ].[ TeamsFun ] module PSScriptAnalyzer tests.[ TeamsFun.psd1 ].Should pass rule [ PSAvoidUsingUsernameAndPasswordParams ](PSAvoidUsingUsernameAndPasswordParams,C:\Celerium\Projects\_API\TeamsFun\build\TeamsFun\1.0.0\TeamsFun.psd1)" time="0.0326" asserts="0" success="True" result="Success" executed="True" />
                        </results>
                      </test-suite>
                    </results>
                  </test-suite>
                  <test-suite type="TestFixture" name="Testing the [ Built ] version of [ TeamsFun ] with [ PSScriptAnalyzer.tests.ps1 ].[ TeamsFun ] module PSScriptAnalyzer tests.[ TeamsFun.psd1 ]" executed="True" result="Success" success="True" time="1.0599" asserts="0" description="Testing the [ Built ] version of [ TeamsFun ] with [ PSScriptAnalyzer.tests.ps1 ].[ TeamsFun ] module PSScriptAnalyzer tests.[ TeamsFun.psd1 ]">
                    <results>
                      <test-suite type="ParameterizedTest" name="Testing the [ Built ] version of [ TeamsFun ] with [ PSScriptAnalyzer.tests.ps1 ].[ TeamsFun ] module PSScriptAnalyzer tests.[ TeamsFun.psd1 ].Should pass rule [ PSAvoidUsingAllowUnencryptedAuthentication ]" executed="True" result="Success" success="True" time="0.0298" asserts="0" description="Should pass rule [ PSAvoidUsingAllowUnencryptedAuthentication ]">
                        <results>
                          <test-case description="Should pass rule [ PSAvoidUsingAllowUnencryptedAuthentication ]" name="Testing the [ Built ] version of [ TeamsFun ] with [ PSScriptAnalyzer.tests.ps1 ].[ TeamsFun ] module PSScriptAnalyzer tests.[ TeamsFun.psd1 ].Should pass rule [ PSAvoidUsingAllowUnencryptedAuthentication ](PSAvoidUsingAllowUnencryptedAuthentication,C:\Celerium\Projects\_API\TeamsFun\build\TeamsFun\1.0.0\TeamsFun.psd1)" time="0.0298" asserts="0" success="True" result="Success" executed="True" />
                        </results>
                      </test-suite>
                    </results>
                  </test-suite>
                  <test-suite type="TestFixture" name="Testing the [ Built ] version of [ TeamsFun ] with [ PSScriptAnalyzer.tests.ps1 ].[ TeamsFun ] module PSScriptAnalyzer tests.[ TeamsFun.psd1 ]" executed="True" result="Success" success="True" time="1.097" asserts="0" description="Testing the [ Built ] version of [ TeamsFun ] with [ PSScriptAnalyzer.tests.ps1 ].[ TeamsFun ] module PSScriptAnalyzer tests.[ TeamsFun.psd1 ]">
                    <results>
                      <test-suite type="ParameterizedTest" name="Testing the [ Built ] version of [ TeamsFun ] with [ PSScriptAnalyzer.tests.ps1 ].[ TeamsFun ] module PSScriptAnalyzer tests.[ TeamsFun.psd1 ].Should pass rule [ PSAvoidUsingBrokenHashAlgorithms ]" executed="True" result="Success" success="True" time="0.0316" asserts="0" description="Should pass rule [ PSAvoidUsingBrokenHashAlgorithms ]">
                        <results>
                          <test-case description="Should pass rule [ PSAvoidUsingBrokenHashAlgorithms ]" name="Testing the [ Built ] version of [ TeamsFun ] with [ PSScriptAnalyzer.tests.ps1 ].[ TeamsFun ] module PSScriptAnalyzer tests.[ TeamsFun.psd1 ].Should pass rule [ PSAvoidUsingBrokenHashAlgorithms ](PSAvoidUsingBrokenHashAlgorithms,C:\Celerium\Projects\_API\TeamsFun\build\TeamsFun\1.0.0\TeamsFun.psd1)" time="0.0316" asserts="0" success="True" result="Success" executed="True" />
                        </results>
                      </test-suite>
                    </results>
                  </test-suite>
                  <test-suite type="TestFixture" name="Testing the [ Built ] version of [ TeamsFun ] with [ PSScriptAnalyzer.tests.ps1 ].[ TeamsFun ] module PSScriptAnalyzer tests.[ TeamsFun.psd1 ]" executed="True" result="Success" success="True" time="1.1346" asserts="0" description="Testing the [ Built ] version of [ TeamsFun ] with [ PSScriptAnalyzer.tests.ps1 ].[ TeamsFun ] module PSScriptAnalyzer tests.[ TeamsFun.psd1 ]">
                    <results>
                      <test-suite type="ParameterizedTest" name="Testing the [ Built ] version of [ TeamsFun ] with [ PSScriptAnalyzer.tests.ps1 ].[ TeamsFun ] module PSScriptAnalyzer tests.[ TeamsFun.psd1 ].Should pass rule [ PSAvoidUsingComputerNameHardcoded ]" executed="True" result="Success" success="True" time="0.0298" asserts="0" description="Should pass rule [ PSAvoidUsingComputerNameHardcoded ]">
                        <results>
                          <test-case description="Should pass rule [ PSAvoidUsingComputerNameHardcoded ]" name="Testing the [ Built ] version of [ TeamsFun ] with [ PSScriptAnalyzer.tests.ps1 ].[ TeamsFun ] module PSScriptAnalyzer tests.[ TeamsFun.psd1 ].Should pass rule [ PSAvoidUsingComputerNameHardcoded ](PSAvoidUsingComputerNameHardcoded,C:\Celerium\Projects\_API\TeamsFun\build\TeamsFun\1.0.0\TeamsFun.psd1)" time="0.0298" asserts="0" success="True" result="Success" executed="True" />
                        </results>
                      </test-suite>
                    </results>
                  </test-suite>
                  <test-suite type="TestFixture" name="Testing the [ Built ] version of [ TeamsFun ] with [ PSScriptAnalyzer.tests.ps1 ].[ TeamsFun ] module PSScriptAnalyzer tests.[ TeamsFun.psd1 ]" executed="True" result="Success" success="True" time="1.1667" asserts="0" description="Testing the [ Built ] version of [ TeamsFun ] with [ PSScriptAnalyzer.tests.ps1 ].[ TeamsFun ] module PSScriptAnalyzer tests.[ TeamsFun.psd1 ]">
                    <results>
                      <test-suite type="ParameterizedTest" name="Testing the [ Built ] version of [ TeamsFun ] with [ PSScriptAnalyzer.tests.ps1 ].[ TeamsFun ] module PSScriptAnalyzer tests.[ TeamsFun.psd1 ].Should pass rule [ PSAvoidUsingConvertToSecureStringWithPlainText ]" executed="True" result="Success" success="True" time="0.028" asserts="0" description="Should pass rule [ PSAvoidUsingConvertToSecureStringWithPlainText ]">
                        <results>
                          <test-case description="Should pass rule [ PSAvoidUsingConvertToSecureStringWithPlainText ]" name="Testing the [ Built ] version of [ TeamsFun ] with [ PSScriptAnalyzer.tests.ps1 ].[ TeamsFun ] module PSScriptAnalyzer tests.[ TeamsFun.psd1 ].Should pass rule [ PSAvoidUsingConvertToSecureStringWithPlainText ](PSAvoidUsingConvertToSecureStringWithPlainText,C:\Celerium\Projects\_API\TeamsFun\build\TeamsFun\1.0.0\TeamsFun.psd1)" time="0.028" asserts="0" success="True" result="Success" executed="True" />
                        </results>
                      </test-suite>
                    </results>
                  </test-suite>
                  <test-suite type="TestFixture" name="Testing the [ Built ] version of [ TeamsFun ] with [ PSScriptAnalyzer.tests.ps1 ].[ TeamsFun ] module PSScriptAnalyzer tests.[ TeamsFun.psd1 ]" executed="True" result="Success" success="True" time="1.2305" asserts="0" description="Testing the [ Built ] version of [ TeamsFun ] with [ PSScriptAnalyzer.tests.ps1 ].[ TeamsFun ] module PSScriptAnalyzer tests.[ TeamsFun.psd1 ]">
                    <results>
                      <test-suite type="ParameterizedTest" name="Testing the [ Built ] version of [ TeamsFun ] with [ PSScriptAnalyzer.tests.ps1 ].[ TeamsFun ] module PSScriptAnalyzer tests.[ TeamsFun.psd1 ].Should pass rule [ PSAvoidUsingDeprecatedManifestFields ]" executed="True" result="Success" success="True" time="0.0595" asserts="0" description="Should pass rule [ PSAvoidUsingDeprecatedManifestFields ]">
                        <results>
                          <test-case description="Should pass rule [ PSAvoidUsingDeprecatedManifestFields ]" name="Testing the [ Built ] version of [ TeamsFun ] with [ PSScriptAnalyzer.tests.ps1 ].[ TeamsFun ] module PSScriptAnalyzer tests.[ TeamsFun.psd1 ].Should pass rule [ PSAvoidUsingDeprecatedManifestFields ](PSAvoidUsingDeprecatedManifestFields,C:\Celerium\Projects\_API\TeamsFun\build\TeamsFun\1.0.0\TeamsFun.psd1)" time="0.0595" asserts="0" success="True" result="Success" executed="True" />
                        </results>
                      </test-suite>
                    </results>
                  </test-suite>
                  <test-suite type="TestFixture" name="Testing the [ Built ] version of [ TeamsFun ] with [ PSScriptAnalyzer.tests.ps1 ].[ TeamsFun ] module PSScriptAnalyzer tests.[ TeamsFun.psd1 ]" executed="True" result="Success" success="True" time="1.2658" asserts="0" description="Testing the [ Built ] version of [ TeamsFun ] with [ PSScriptAnalyzer.tests.ps1 ].[ TeamsFun ] module PSScriptAnalyzer tests.[ TeamsFun.psd1 ]">
                    <results>
                      <test-suite type="ParameterizedTest" name="Testing the [ Built ] version of [ TeamsFun ] with [ PSScriptAnalyzer.tests.ps1 ].[ TeamsFun ] module PSScriptAnalyzer tests.[ TeamsFun.psd1 ].Should pass rule [ PSAvoidUsingDoubleQuotesForConstantString ]" executed="True" result="Success" success="True" time="0.0299" asserts="0" description="Should pass rule [ PSAvoidUsingDoubleQuotesForConstantString ]">
                        <results>
                          <test-case description="Should pass rule [ PSAvoidUsingDoubleQuotesForConstantString ]" name="Testing the [ Built ] version of [ TeamsFun ] with [ PSScriptAnalyzer.tests.ps1 ].[ TeamsFun ] module PSScriptAnalyzer tests.[ TeamsFun.psd1 ].Should pass rule [ PSAvoidUsingDoubleQuotesForConstantString ](PSAvoidUsingDoubleQuotesForConstantString,C:\Celerium\Projects\_API\TeamsFun\build\TeamsFun\1.0.0\TeamsFun.psd1)" time="0.0299" asserts="0" success="True" result="Success" executed="True" />
                        </results>
                      </test-suite>
                    </results>
                  </test-suite>
                  <test-suite type="TestFixture" name="Testing the [ Built ] version of [ TeamsFun ] with [ PSScriptAnalyzer.tests.ps1 ].[ TeamsFun ] module PSScriptAnalyzer tests.[ TeamsFun.psd1 ]" executed="True" result="Success" success="True" time="1.2923" asserts="0" description="Testing the [ Built ] version of [ TeamsFun ] with [ PSScriptAnalyzer.tests.ps1 ].[ TeamsFun ] module PSScriptAnalyzer tests.[ TeamsFun.psd1 ]">
                    <results>
                      <test-suite type="ParameterizedTest" name="Testing the [ Built ] version of [ TeamsFun ] with [ PSScriptAnalyzer.tests.ps1 ].[ TeamsFun ] module PSScriptAnalyzer tests.[ TeamsFun.psd1 ].Should pass rule [ PSAvoidUsingInvokeExpression ]" executed="True" result="Success" success="True" time="0.0223" asserts="0" description="Should pass rule [ PSAvoidUsingInvokeExpression ]">
                        <results>
                          <test-case description="Should pass rule [ PSAvoidUsingInvokeExpression ]" name="Testing the [ Built ] version of [ TeamsFun ] with [ PSScriptAnalyzer.tests.ps1 ].[ TeamsFun ] module PSScriptAnalyzer tests.[ TeamsFun.psd1 ].Should pass rule [ PSAvoidUsingInvokeExpression ](PSAvoidUsingInvokeExpression,C:\Celerium\Projects\_API\TeamsFun\build\TeamsFun\1.0.0\TeamsFun.psd1)" time="0.0223" asserts="0" success="True" result="Success" executed="True" />
                        </results>
                      </test-suite>
                    </results>
                  </test-suite>
                  <test-suite type="TestFixture" name="Testing the [ Built ] version of [ TeamsFun ] with [ PSScriptAnalyzer.tests.ps1 ].[ TeamsFun ] module PSScriptAnalyzer tests.[ TeamsFun.psd1 ]" executed="True" result="Success" success="True" time="1.3269" asserts="0" description="Testing the [ Built ] version of [ TeamsFun ] with [ PSScriptAnalyzer.tests.ps1 ].[ TeamsFun ] module PSScriptAnalyzer tests.[ TeamsFun.psd1 ]">
                    <results>
                      <test-suite type="ParameterizedTest" name="Testing the [ Built ] version of [ TeamsFun ] with [ PSScriptAnalyzer.tests.ps1 ].[ TeamsFun ] module PSScriptAnalyzer tests.[ TeamsFun.psd1 ].Should pass rule [ PSAvoidUsingPlainTextForPassword ]" executed="True" result="Success" success="True" time="0.0304" asserts="0" description="Should pass rule [ PSAvoidUsingPlainTextForPassword ]">
                        <results>
                          <test-case description="Should pass rule [ PSAvoidUsingPlainTextForPassword ]" name="Testing the [ Built ] version of [ TeamsFun ] with [ PSScriptAnalyzer.tests.ps1 ].[ TeamsFun ] module PSScriptAnalyzer tests.[ TeamsFun.psd1 ].Should pass rule [ PSAvoidUsingPlainTextForPassword ](PSAvoidUsingPlainTextForPassword,C:\Celerium\Projects\_API\TeamsFun\build\TeamsFun\1.0.0\TeamsFun.psd1)" time="0.0304" asserts="0" success="True" result="Success" executed="True" />
                        </results>
                      </test-suite>
                    </results>
                  </test-suite>
                  <test-suite type="TestFixture" name="Testing the [ Built ] version of [ TeamsFun ] with [ PSScriptAnalyzer.tests.ps1 ].[ TeamsFun ] module PSScriptAnalyzer tests.[ TeamsFun.psd1 ]" executed="True" result="Success" success="True" time="1.3626" asserts="0" description="Testing the [ Built ] version of [ TeamsFun ] with [ PSScriptAnalyzer.tests.ps1 ].[ TeamsFun ] module PSScriptAnalyzer tests.[ TeamsFun.psd1 ]">
                    <results>
                      <test-suite type="ParameterizedTest" name="Testing the [ Built ] version of [ TeamsFun ] with [ PSScriptAnalyzer.tests.ps1 ].[ TeamsFun ] module PSScriptAnalyzer tests.[ TeamsFun.psd1 ].Should pass rule [ PSAvoidUsingWMICmdlet ]" executed="True" result="Success" success="True" time="0.0314" asserts="0" description="Should pass rule [ PSAvoidUsingWMICmdlet ]">
                        <results>
                          <test-case description="Should pass rule [ PSAvoidUsingWMICmdlet ]" name="Testing the [ Built ] version of [ TeamsFun ] with [ PSScriptAnalyzer.tests.ps1 ].[ TeamsFun ] module PSScriptAnalyzer tests.[ TeamsFun.psd1 ].Should pass rule [ PSAvoidUsingWMICmdlet ](PSAvoidUsingWMICmdlet,C:\Celerium\Projects\_API\TeamsFun\build\TeamsFun\1.0.0\TeamsFun.psd1)" time="0.0314" asserts="0" success="True" result="Success" executed="True" />
                        </results>
                      </test-suite>
                    </results>
                  </test-suite>
                  <test-suite type="TestFixture" name="Testing the [ Built ] version of [ TeamsFun ] with [ PSScriptAnalyzer.tests.ps1 ].[ TeamsFun ] module PSScriptAnalyzer tests.[ TeamsFun.psd1 ]" executed="True" result="Success" success="True" time="1.3956" asserts="0" description="Testing the [ Built ] version of [ TeamsFun ] with [ PSScriptAnalyzer.tests.ps1 ].[ TeamsFun ] module PSScriptAnalyzer tests.[ TeamsFun.psd1 ]">
                    <results>
                      <test-suite type="ParameterizedTest" name="Testing the [ Built ] version of [ TeamsFun ] with [ PSScriptAnalyzer.tests.ps1 ].[ TeamsFun ] module PSScriptAnalyzer tests.[ TeamsFun.psd1 ].Should pass rule [ PSAvoidUsingWriteHost ]" executed="True" result="Success" success="True" time="0.0287" asserts="0" description="Should pass rule [ PSAvoidUsingWriteHost ]">
                        <results>
                          <test-case description="Should pass rule [ PSAvoidUsingWriteHost ]" name="Testing the [ Built ] version of [ TeamsFun ] with [ PSScriptAnalyzer.tests.ps1 ].[ TeamsFun ] module PSScriptAnalyzer tests.[ TeamsFun.psd1 ].Should pass rule [ PSAvoidUsingWriteHost ](PSAvoidUsingWriteHost,C:\Celerium\Projects\_API\TeamsFun\build\TeamsFun\1.0.0\TeamsFun.psd1)" time="0.0287" asserts="0" success="True" result="Success" executed="True" />
                        </results>
                      </test-suite>
                    </results>
                  </test-suite>
                  <test-suite type="TestFixture" name="Testing the [ Built ] version of [ TeamsFun ] with [ PSScriptAnalyzer.tests.ps1 ].[ TeamsFun ] module PSScriptAnalyzer tests.[ TeamsFun.psd1 ]" executed="True" result="Success" success="True" time="1.4326" asserts="0" description="Testing the [ Built ] version of [ TeamsFun ] with [ PSScriptAnalyzer.tests.ps1 ].[ TeamsFun ] module PSScriptAnalyzer tests.[ TeamsFun.psd1 ]">
                    <results>
                      <test-suite type="ParameterizedTest" name="Testing the [ Built ] version of [ TeamsFun ] with [ PSScriptAnalyzer.tests.ps1 ].[ TeamsFun ] module PSScriptAnalyzer tests.[ TeamsFun.psd1 ].Should pass rule [ PSUseCompatibleCommands ]" executed="True" result="Success" success="True" time="0.0326" asserts="0" description="Should pass rule [ PSUseCompatibleCommands ]">
                        <results>
                          <test-case description="Should pass rule [ PSUseCompatibleCommands ]" name="Testing the [ Built ] version of [ TeamsFun ] with [ PSScriptAnalyzer.tests.ps1 ].[ TeamsFun ] module PSScriptAnalyzer tests.[ TeamsFun.psd1 ].Should pass rule [ PSUseCompatibleCommands ](PSUseCompatibleCommands,C:\Celerium\Projects\_API\TeamsFun\build\TeamsFun\1.0.0\TeamsFun.psd1)" time="0.0326" asserts="0" success="True" result="Success" executed="True" />
                        </results>
                      </test-suite>
                    </results>
                  </test-suite>
                  <test-suite type="TestFixture" name="Testing the [ Built ] version of [ TeamsFun ] with [ PSScriptAnalyzer.tests.ps1 ].[ TeamsFun ] module PSScriptAnalyzer tests.[ TeamsFun.psd1 ]" executed="True" result="Success" success="True" time="1.4703" asserts="0" description="Testing the [ Built ] version of [ TeamsFun ] with [ PSScriptAnalyzer.tests.ps1 ].[ TeamsFun ] module PSScriptAnalyzer tests.[ TeamsFun.psd1 ]">
                    <results>
                      <test-suite type="ParameterizedTest" name="Testing the [ Built ] version of [ TeamsFun ] with [ PSScriptAnalyzer.tests.ps1 ].[ TeamsFun ] module PSScriptAnalyzer tests.[ TeamsFun.psd1 ].Should pass rule [ PSUseCompatibleSyntax ]" executed="True" result="Success" success="True" time="0.0335" asserts="0" description="Should pass rule [ PSUseCompatibleSyntax ]">
                        <results>
                          <test-case description="Should pass rule [ PSUseCompatibleSyntax ]" name="Testing the [ Built ] version of [ TeamsFun ] with [ PSScriptAnalyzer.tests.ps1 ].[ TeamsFun ] module PSScriptAnalyzer tests.[ TeamsFun.psd1 ].Should pass rule [ PSUseCompatibleSyntax ](PSUseCompatibleSyntax,C:\Celerium\Projects\_API\TeamsFun\build\TeamsFun\1.0.0\TeamsFun.psd1)" time="0.0335" asserts="0" success="True" result="Success" executed="True" />
                        </results>
                      </test-suite>
                    </results>
                  </test-suite>
                  <test-suite type="TestFixture" name="Testing the [ Built ] version of [ TeamsFun ] with [ PSScriptAnalyzer.tests.ps1 ].[ TeamsFun ] module PSScriptAnalyzer tests.[ TeamsFun.psd1 ]" executed="True" result="Success" success="True" time="1.5036" asserts="0" description="Testing the [ Built ] version of [ TeamsFun ] with [ PSScriptAnalyzer.tests.ps1 ].[ TeamsFun ] module PSScriptAnalyzer tests.[ TeamsFun.psd1 ]">
                    <results>
                      <test-suite type="ParameterizedTest" name="Testing the [ Built ] version of [ TeamsFun ] with [ PSScriptAnalyzer.tests.ps1 ].[ TeamsFun ] module PSScriptAnalyzer tests.[ TeamsFun.psd1 ].Should pass rule [ PSUseCompatibleTypes ]" executed="True" result="Success" success="True" time="0.0292" asserts="0" description="Should pass rule [ PSUseCompatibleTypes ]">
                        <results>
                          <test-case description="Should pass rule [ PSUseCompatibleTypes ]" name="Testing the [ Built ] version of [ TeamsFun ] with [ PSScriptAnalyzer.tests.ps1 ].[ TeamsFun ] module PSScriptAnalyzer tests.[ TeamsFun.psd1 ].Should pass rule [ PSUseCompatibleTypes ](PSUseCompatibleTypes,C:\Celerium\Projects\_API\TeamsFun\build\TeamsFun\1.0.0\TeamsFun.psd1)" time="0.0292" asserts="0" success="True" result="Success" executed="True" />
                        </results>
                      </test-suite>
                    </results>
                  </test-suite>
                  <test-suite type="TestFixture" name="Testing the [ Built ] version of [ TeamsFun ] with [ PSScriptAnalyzer.tests.ps1 ].[ TeamsFun ] module PSScriptAnalyzer tests.[ TeamsFun.psd1 ]" executed="True" result="Success" success="True" time="1.5328" asserts="0" description="Testing the [ Built ] version of [ TeamsFun ] with [ PSScriptAnalyzer.tests.ps1 ].[ TeamsFun ] module PSScriptAnalyzer tests.[ TeamsFun.psd1 ]">
                    <results>
                      <test-suite type="ParameterizedTest" name="Testing the [ Built ] version of [ TeamsFun ] with [ PSScriptAnalyzer.tests.ps1 ].[ TeamsFun ] module PSScriptAnalyzer tests.[ TeamsFun.psd1 ].Should pass rule [ PSMisleadingBacktick ]" executed="True" result="Success" success="True" time="0.0208" asserts="0" description="Should pass rule [ PSMisleadingBacktick ]">
                        <results>
                          <test-case description="Should pass rule [ PSMisleadingBacktick ]" name="Testing the [ Built ] version of [ TeamsFun ] with [ PSScriptAnalyzer.tests.ps1 ].[ TeamsFun ] module PSScriptAnalyzer tests.[ TeamsFun.psd1 ].Should pass rule [ PSMisleadingBacktick ](PSMisleadingBacktick,C:\Celerium\Projects\_API\TeamsFun\build\TeamsFun\1.0.0\TeamsFun.psd1)" time="0.0208" asserts="0" success="True" result="Success" executed="True" />
                        </results>
                      </test-suite>
                    </results>
                  </test-suite>
                  <test-suite type="TestFixture" name="Testing the [ Built ] version of [ TeamsFun ] with [ PSScriptAnalyzer.tests.ps1 ].[ TeamsFun ] module PSScriptAnalyzer tests.[ TeamsFun.psd1 ]" executed="True" result="Success" success="True" time="1.5852" asserts="0" description="Testing the [ Built ] version of [ TeamsFun ] with [ PSScriptAnalyzer.tests.ps1 ].[ TeamsFun ] module PSScriptAnalyzer tests.[ TeamsFun.psd1 ]">
                    <results>
                      <test-suite type="ParameterizedTest" name="Testing the [ Built ] version of [ TeamsFun ] with [ PSScriptAnalyzer.tests.ps1 ].[ TeamsFun ] module PSScriptAnalyzer tests.[ TeamsFun.psd1 ].Should pass rule [ PSMissingModuleManifestField ]" executed="True" result="Success" success="True" time="0.0481" asserts="0" description="Should pass rule [ PSMissingModuleManifestField ]">
                        <results>
                          <test-case description="Should pass rule [ PSMissingModuleManifestField ]" name="Testing the [ Built ] version of [ TeamsFun ] with [ PSScriptAnalyzer.tests.ps1 ].[ TeamsFun ] module PSScriptAnalyzer tests.[ TeamsFun.psd1 ].Should pass rule [ PSMissingModuleManifestField ](PSMissingModuleManifestField,C:\Celerium\Projects\_API\TeamsFun\build\TeamsFun\1.0.0\TeamsFun.psd1)" time="0.0481" asserts="0" success="True" result="Success" executed="True" />
                        </results>
                      </test-suite>
                    </results>
                  </test-suite>
[...]
                        </results>
                      </test-suite>
                    </results>
                  </test-suite>
                  <test-suite type="TestFixture" name="Testing the [ Built ] version of [ TeamsFun ] with [ PSScriptAnalyzer.tests.ps1 ].[ TeamsFun ] module PSScriptAnalyzer tests.[ TeamsFun.psm1 ]" executed="True" result="Success" success="True" time="1.9053" asserts="0" description="Testing the [ Built ] version of [ TeamsFun ] with [ PSScriptAnalyzer.tests.ps1 ].[ TeamsFun ] module PSScriptAnalyzer tests.[ TeamsFun.psm1 ]">
                    <results>
                      <test-suite type="ParameterizedTest" name="Testing the [ Built ] version of [ TeamsFun ] with [ PSScriptAnalyzer.tests.ps1 ].[ TeamsFun ] module PSScriptAnalyzer tests.[ TeamsFun.psm1 ].Should pass rule [ PSDSCDscExamplesPresent ]" executed="True" result="Success" success="True" time="0.0295" asserts="0" description="Should pass rule [ PSDSCDscExamplesPresent ]">
                        <results>
                          <test-case description="Should pass rule [ PSDSCDscExamplesPresent ]" name="Testing the [ Built ] version of [ TeamsFun ] with [ PSScriptAnalyzer.tests.ps1 ].[ TeamsFun ] module PSScriptAnalyzer tests.[ TeamsFun.psm1 ].Should pass rule [ PSDSCDscExamplesPresent ](PSDSCDscExamplesPresent,C:\Celerium\Projects\_API\TeamsFun\build\TeamsFun\1.0.0\TeamsFun.psm1)" time="0.0295" asserts="0" success="True" result="Success" executed="True" />
                        </results>
                      </test-suite>
                    </results>
                  </test-suite>
                  <test-suite type="TestFixture" name="Testing the [ Built ] version of [ TeamsFun ] with [ PSScriptAnalyzer.tests.ps1 ].[ TeamsFun ] module PSScriptAnalyzer tests.[ TeamsFun.psm1 ]" executed="True" result="Success" success="True" time="1.9331" asserts="0" description="Testing the [ Built ] version of [ TeamsFun ] with [ PSScriptAnalyzer.tests.ps1 ].[ TeamsFun ] module PSScriptAnalyzer tests.[ TeamsFun.psm1 ]">
                    <results>
                      <test-suite type="ParameterizedTest" name="Testing the [ Built ] version of [ TeamsFun ] with [ PSScriptAnalyzer.tests.ps1 ].[ TeamsFun ] module PSScriptAnalyzer tests.[ TeamsFun.psm1 ].Should pass rule [ PSDSCDscTestsPresent ]" executed="True" result="Success" success="True" time="0.0236" asserts="0" description="Should pass rule [ PSDSCDscTestsPresent ]">
                        <results>
                          <test-case description="Should pass rule [ PSDSCDscTestsPresent ]" name="Testing the [ Built ] version of [ TeamsFun ] with [ PSScriptAnalyzer.tests.ps1 ].[ TeamsFun ] module PSScriptAnalyzer tests.[ TeamsFun.psm1 ].Should pass rule [ PSDSCDscTestsPresent ](PSDSCDscTestsPresent,C:\Celerium\Projects\_API\TeamsFun\build\TeamsFun\1.0.0\TeamsFun.psm1)" time="0.0236" asserts="0" success="True" result="Success" executed="True" />
                        </results>
                      </test-suite>
                    </results>
                  </test-suite>
                  <test-suite type="TestFixture" name="Testing the [ Built ] version of [ TeamsFun ] with [ PSScriptAnalyzer.tests.ps1 ].[ TeamsFun ] module PSScriptAnalyzer tests.[ TeamsFun.psm1 ]" executed="True" result="Success" success="True" time="1.9629" asserts="0" description="Testing the [ Built ] version of [ TeamsFun ] with [ PSScriptAnalyzer.tests.ps1 ].[ TeamsFun ] module PSScriptAnalyzer tests.[ TeamsFun.psm1 ]">
                    <results>
                      <test-suite type="ParameterizedTest" name="Testing the [ Built ] version of [ TeamsFun ] with [ PSScriptAnalyzer.tests.ps1 ].[ TeamsFun ] module PSScriptAnalyzer tests.[ TeamsFun.psm1 ].Should pass rule [ PSDSCReturnCorrectTypesForDSCFunctions ]" executed="True" result="Success" success="True" time="0.0255" asserts="0" description="Should pass rule [ PSDSCReturnCorrectTypesForDSCFunctions ]">
                        <results>
                          <test-case description="Should pass rule [ PSDSCReturnCorrectTypesForDSCFunctions ]" name="Testing the [ Built ] version of [ TeamsFun ] with [ PSScriptAnalyzer.tests.ps1 ].[ TeamsFun ] module PSScriptAnalyzer tests.[ TeamsFun.psm1 ].Should pass rule [ PSDSCReturnCorrectTypesForDSCFunctions ](PSDSCReturnCorrectTypesForDSCFunctions,C:\Celerium\Projects\_API\TeamsFun\build\TeamsFun\1.0.0\TeamsFun.psm1)" time="0.0255" asserts="0" success="True" result="Success" executed="True" />
                        </results>
                      </test-suite>
                    </results>
                  </test-suite>
                  <test-suite type="TestFixture" name="Testing the [ Built ] version of [ TeamsFun ] with [ PSScriptAnalyzer.tests.ps1 ].[ TeamsFun ] module PSScriptAnalyzer tests.[ TeamsFun.psm1 ]" executed="True" result="Success" success="True" time="1.9939" asserts="0" description="Testing the [ Built ] version of [ TeamsFun ] with [ PSScriptAnalyzer.tests.ps1 ].[ TeamsFun ] module PSScriptAnalyzer tests.[ TeamsFun.psm1 ]">
                    <results>
                      <test-suite type="ParameterizedTest" name="Testing the [ Built ] version of [ TeamsFun ] with [ PSScriptAnalyzer.tests.ps1 ].[ TeamsFun ] module PSScriptAnalyzer tests.[ TeamsFun.psm1 ].Should pass rule [ PSDSCUseIdenticalMandatoryParametersForDSC ]" executed="True" result="Success" success="True" time="0.0269" asserts="0" description="Should pass rule [ PSDSCUseIdenticalMandatoryParametersForDSC ]">
                        <results>
                          <test-case description="Should pass rule [ PSDSCUseIdenticalMandatoryParametersForDSC ]" name="Testing the [ Built ] version of [ TeamsFun ] with [ PSScriptAnalyzer.tests.ps1 ].[ TeamsFun ] module PSScriptAnalyzer tests.[ TeamsFun.psm1 ].Should pass rule [ PSDSCUseIdenticalMandatoryParametersForDSC ](PSDSCUseIdenticalMandatoryParametersForDSC,C:\Celerium\Projects\_API\TeamsFun\build\TeamsFun\1.0.0\TeamsFun.psm1)" time="0.0269" asserts="0" success="True" result="Success" executed="True" />
                        </results>
                      </test-suite>
                    </results>
                  </test-suite>
                  <test-suite type="TestFixture" name="Testing the [ Built ] version of [ TeamsFun ] with [ PSScriptAnalyzer.tests.ps1 ].[ TeamsFun ] module PSScriptAnalyzer tests.[ TeamsFun.psm1 ]" executed="True" result="Success" success="True" time="2.0163" asserts="0" description="Testing the [ Built ] version of [ TeamsFun ] with [ PSScriptAnalyzer.tests.ps1 ].[ TeamsFun ] module PSScriptAnalyzer tests.[ TeamsFun.psm1 ]">
                    <results>
                      <test-suite type="ParameterizedTest" name="Testing the [ Built ] version of [ TeamsFun ] with [ PSScriptAnalyzer.tests.ps1 ].[ TeamsFun ] module PSScriptAnalyzer tests.[ TeamsFun.psm1 ].Should pass rule [ PSDSCUseIdenticalParametersForDSC ]" executed="True" result="Success" success="True" time="0.0183" asserts="0" description="Should pass rule [ PSDSCUseIdenticalParametersForDSC ]">
                        <results>
                          <test-case description="Should pass rule [ PSDSCUseIdenticalParametersForDSC ]" name="Testing the [ Built ] version of [ TeamsFun ] with [ PSScriptAnalyzer.tests.ps1 ].[ TeamsFun ] module PSScriptAnalyzer tests.[ TeamsFun.psm1 ].Should pass rule [ PSDSCUseIdenticalParametersForDSC ](PSDSCUseIdenticalParametersForDSC,C:\Celerium\Projects\_API\TeamsFun\build\TeamsFun\1.0.0\TeamsFun.psm1)" time="0.0183" asserts="0" success="True" result="Success" executed="True" />
                        </results>
                      </test-suite>
                    </results>
                  </test-suite>
                  <test-suite type="TestFixture" name="Testing the [ Built ] version of [ TeamsFun ] with [ PSScriptAnalyzer.tests.ps1 ].[ TeamsFun ] module PSScriptAnalyzer tests.[ TeamsFun.psm1 ]" executed="True" result="Success" success="True" time="2.0386" asserts="0" description="Testing the [ Built ] version of [ TeamsFun ] with [ PSScriptAnalyzer.tests.ps1 ].[ TeamsFun ] module PSScriptAnalyzer tests.[ TeamsFun.psm1 ]">
                    <results>
                      <test-suite type="ParameterizedTest" name="Testing the [ Built ] version of [ TeamsFun ] with [ PSScriptAnalyzer.tests.ps1 ].[ TeamsFun ] module PSScriptAnalyzer tests.[ TeamsFun.psm1 ].Should pass rule [ PSDSCStandardDSCFunctionsInResource ]" executed="True" result="Success" success="True" time="0.0182" asserts="0" description="Should pass rule [ PSDSCStandardDSCFunctionsInResource ]">
                        <results>
                          <test-case description="Should pass rule [ PSDSCStandardDSCFunctionsInResource ]" name="Testing the [ Built ] version of [ TeamsFun ] with [ PSScriptAnalyzer.tests.ps1 ].[ TeamsFun ] module PSScriptAnalyzer tests.[ TeamsFun.psm1 ].Should pass rule [ PSDSCStandardDSCFunctionsInResource ](PSDSCStandardDSCFunctionsInResource,C:\Celerium\Projects\_API\TeamsFun\build\TeamsFun\1.0.0\TeamsFun.psm1)" time="0.0182" asserts="0" success="True" result="Success" executed="True" />
                        </results>
                      </test-suite>
                    </results>
                  </test-suite>
                  <test-suite type="TestFixture" name="Testing the [ Built ] version of [ TeamsFun ] with [ PSScriptAnalyzer.tests.ps1 ].[ TeamsFun ] module PSScriptAnalyzer tests.[ TeamsFun.psm1 ]" executed="True" result="Success" success="True" time="2.0641" asserts="0" description="Testing the [ Built ] version of [ TeamsFun ] with [ PSScriptAnalyzer.tests.ps1 ].[ TeamsFun ] module PSScriptAnalyzer tests.[ TeamsFun.psm1 ]">
                    <results>
                      <test-suite type="ParameterizedTest" name="Testing the [ Built ] version of [ TeamsFun ] with [ PSScriptAnalyzer.tests.ps1 ].[ TeamsFun ] module PSScriptAnalyzer tests.[ TeamsFun.psm1 ].Should pass rule [ PSDSCUseVerboseMessageInDSCResource ]" executed="True" result="Success" success="True" time="0.0195" asserts="0" description="Should pass rule [ PSDSCUseVerboseMessageInDSCResource ]">
                        <results>
                          <test-case description="Should pass rule [ PSDSCUseVerboseMessageInDSCResource ]" name="Testing the [ Built ] version of [ TeamsFun ] with [ PSScriptAnalyzer.tests.ps1 ].[ TeamsFun ] module PSScriptAnalyzer tests.[ TeamsFun.psm1 ].Should pass rule [ PSDSCUseVerboseMessageInDSCResource ](PSDSCUseVerboseMessageInDSCResource,C:\Celerium\Projects\_API\TeamsFun\build\TeamsFun\1.0.0\TeamsFun.psm1)" time="0.0195" asserts="0" success="True" result="Success" executed="True" />
                        </results>
                      </test-suite>
                    </results>
                  </test-suite>
                </results>
              </test-suite>
            </results>
          </test-suite>
        </results>
      </test-suite>
      <test-suite type="TestFixture" name="C:\Celerium\Projects\_API\TeamsFun\tests\TeamsFun.Tests.ps1" executed="True" result="Failure" success="False" time="0.4685" asserts="0" description="C:\Celerium\Projects\_API\TeamsFun\tests\TeamsFun.Tests.ps1">
        <results>
          <test-suite type="TestFixture" name="Testing the [ Built ] version of [ TeamsFun ] with [ TeamsFun.Tests.ps1 ]" executed="True" result="Failure" success="False" time="0.2945" asserts="0" description="Testing the [ Built ] version of [ TeamsFun ] with [ TeamsFun.Tests.ps1 ]">
            <results>
              <test-suite type="TestFixture" name="Testing the [ Built ] version of [ TeamsFun ] with [ TeamsFun.Tests.ps1 ].[ TeamsFun.psd1 ] general manifest data" executed="True" result="Failure" success="False" time="0.1652" asserts="0" description="Testing the [ Built ] version of [ TeamsFun ] with [ TeamsFun.Tests.ps1 ].[ TeamsFun.psd1 ] general manifest data">
                <results>
                  <test-case description="Manifest [ RootModule ] has valid data" name="Testing the [ Built ] version of [ TeamsFun ] with [ TeamsFun.Tests.ps1 ].[ TeamsFun.psd1 ] general manifest data.Manifest [ RootModule ] has valid data" time="0.0055" asserts="0" success="True" result="Success" executed="True" />
                  <test-case description="Manifest [ ModuleVersion ] has valid data" name="Testing the [ Built ] version of [ TeamsFun ] with [ TeamsFun.Tests.ps1 ].[ TeamsFun.psd1 ] general manifest data.Manifest [ ModuleVersion ] has valid data" time="0.0061" asserts="0" success="True" result="Success" executed="True" />
                  <test-case description="Manifest [ GUID ] has valid data" name="Testing the [ Built ] version of [ TeamsFun ] with [ TeamsFun.Tests.ps1 ].[ TeamsFun.psd1 ] general manifest data.Manifest [ GUID ] has valid data" time="0.008" asserts="0" success="True" result="Success" executed="True" />
                  <test-case description="Manifest [ Author ] has valid data" name="Testing the [ Built ] version of [ TeamsFun ] with [ TeamsFun.Tests.ps1 ].[ TeamsFun.psd1 ] general manifest data.Manifest [ Author ] has valid data" time="0.0034" asserts="0" success="True" result="Success" executed="True" />
                  <test-case description="Manifest [ CompanyName ] has valid data" name="Testing the [ Built ] version of [ TeamsFun ] with [ TeamsFun.Tests.ps1 ].[ TeamsFun.psd1 ] general manifest data.Manifest [ CompanyName ] has valid data" time="0.0039" asserts="0" success="True" result="Success" executed="True" />
                  <test-case description="Manifest [ Copyright ] has valid data" name="Testing the [ Built ] version of [ TeamsFun ] with [ TeamsFun.Tests.ps1 ].[ TeamsFun.psd1 ] general manifest data.Manifest [ Copyright ] has valid data" time="0.0035" asserts="0" success="True" result="Success" executed="True" />
                  <test-case description="Manifest [ Description ] is not empty" name="Testing the [ Built ] version of [ TeamsFun ] with [ TeamsFun.Tests.ps1 ].[ TeamsFun.psd1 ] general manifest data.Manifest [ Description ] is not empty" time="0.0048" asserts="0" success="True" result="Success" executed="True" />
                  <test-case description="Manifest [ PowerShellVersion ] has valid data" name="Testing the [ Built ] version of [ TeamsFun ] with [ TeamsFun.Tests.ps1 ].[ TeamsFun.psd1 ] general manifest data.Manifest [ PowerShellVersion ] has valid data" time="0.0089" asserts="0" success="True" result="Success" executed="True" />
                  <test-case description="Manifest [ NestedModules ] has valid data" name="Testing the [ Built ] version of [ TeamsFun ] with [ TeamsFun.Tests.ps1 ].[ TeamsFun.psd1 ] general manifest data.Manifest [ NestedModules ] has valid data" time="0.0064" asserts="0" success="True" result="Success" executed="True" />
                  <test-case description="Manifest [ FunctionsToExport ] has valid data" name="Testing the [ Built ] version of [ TeamsFun ] with [ TeamsFun.Tests.ps1 ].[ TeamsFun.psd1 ] general manifest data.Manifest [ FunctionsToExport ] has valid data" time="0.0053" asserts="0" success="True" result="Success" executed="True" />
                  <test-case description="Manifest [ CmdletsToExport ] is empty" name="Testing the [ Built ] version of [ TeamsFun ] with [ TeamsFun.Tests.ps1 ].[ TeamsFun.psd1 ] general manifest data.Manifest [ CmdletsToExport ] is empty" time="0.0059" asserts="0" success="True" result="Success" executed="True" />
                  <test-case description="Manifest [ VariablesToExport ] is empty" name="Testing the [ Built ] version of [ TeamsFun ] with [ TeamsFun.Tests.ps1 ].[ TeamsFun.psd1 ] general manifest data.Manifest [ VariablesToExport ] is empty" time="0.0061" asserts="0" success="True" result="Success" executed="True" />
                  <test-case description="Manifest [ AliasesToExport ] has alias" name="Testing the [ Built ] version of [ TeamsFun ] with [ TeamsFun.Tests.ps1 ].[ TeamsFun.psd1 ] general manifest data.Manifest [ AliasesToExport ] has alias" time="0.0126" asserts="0" success="False" result="Failure" executed="True">
                    <failure>
                      <message>Expected 0, but got 1.</message>
                      <stack-trace>at 'built'     { ($Module.ExportedAliases | Measure-Object).Count |  Should -Be 0 }, C:\Celerium\Projects\_API\TeamsFun\tests\TeamsFun.Tests.ps1:199
at &lt;ScriptBlock&gt;, C:\Celerium\Projects\_API\TeamsFun\tests\TeamsFun.Tests.ps1:199</stack-trace>
                    </failure>
                  </test-case>
                  <test-case description="Manifest [ Tags ] has valid data" name="Testing the [ Built ] version of [ TeamsFun ] with [ TeamsFun.Tests.ps1 ].[ TeamsFun.psd1 ] general manifest data.Manifest [ Tags ] has valid data" time="0.0553" asserts="0" success="True" result="Success" executed="True" />
                  <test-case description="Manifest [ LicenseUri ] has valid data" name="Testing the [ Built ] version of [ TeamsFun ] with [ TeamsFun.Tests.ps1 ].[ TeamsFun.psd1 ] general manifest data.Manifest [ LicenseUri ] has valid data" time="0.007" asserts="0" success="True" result="Success" executed="True" />
                  <test-case description="Manifest [ ProjectUri ] has valid data" name="Testing the [ Built ] version of [ TeamsFun ] with [ TeamsFun.Tests.ps1 ].[ TeamsFun.psd1 ] general manifest data.Manifest [ ProjectUri ] has valid data" time="0.0083" asserts="0" success="True" result="Success" executed="True" />
                  <test-case description="Manifest [ ReleaseNotes ] has valid data" name="Testing the [ Built ] version of [ TeamsFun ] with [ TeamsFun.Tests.ps1 ].[ TeamsFun.psd1 ] general manifest data.Manifest [ ReleaseNotes ] has valid data" time="0.0036" asserts="0" success="True" result="Success" executed="True" />
                  <test-case description="Manifest [ HelpInfoUri ] is not empty" name="Testing the [ Built ] version of [ TeamsFun ] with [ TeamsFun.Tests.ps1 ].[ TeamsFun.psd1 ] general manifest data.Manifest [ HelpInfoUri ] is not empty" time="0.0055" asserts="0" success="True" result="Success" executed="True" />
                </results>
              </test-suite>
              <test-suite type="TestFixture" name="Testing the [ Built ] version of [ TeamsFun ] with [ TeamsFun.Tests.ps1 ].[ TeamsFun.psd1 ] module import test" executed="True" result="Success" success="True" time="0.2897" asserts="0" description="Testing the [ Built ] version of [ TeamsFun ] with [ TeamsFun.Tests.ps1 ].[ TeamsFun.psd1 ] module import test">
                <results>
                  <test-case description="Module contains only PowerShell files" name="Testing the [ Built ] version of [ TeamsFun ] with [ TeamsFun.Tests.ps1 ].[ TeamsFun.psd1 ] module import test.Module contains only PowerShell files" time="0.0508" asserts="0" success="True" result="Success" executed="True" />
                  <test-case description="Module files exist" name="Testing the [ Built ] version of [ TeamsFun ] with [ TeamsFun.Tests.ps1 ].[ TeamsFun.psd1 ] module import test.Module files exist" time="0.0511" asserts="0" success="True" result="Success" executed="True" />
                  <test-case description="Should pass Test-ModuleManifest" name="Testing the [ Built ] version of [ TeamsFun ] with [ TeamsFun.Tests.ps1 ].[ TeamsFun.psd1 ] module import test.Should pass Test-ModuleManifest" time="0.0094" asserts="0" success="True" result="Success" executed="True" />
                  <test-case description="Should import successfully" name="Testing the [ Built ] version of [ TeamsFun ] with [ TeamsFun.Tests.ps1 ].[ TeamsFun.psd1 ] module import test.Should import successfully" time="0.0048" asserts="0" success="True" result="Success" executed="True" />
                </results>
              </test-suite>
            </results>
          </test-suite>
        </results>
      </test-suite>
    </results>
  </test-suite>
</test-results>