<?xml version="1.0" encoding="utf-8" standalone="no"?>
<test-results xmlns:xsi="http://www.w3.org/2001/XMLSchema-instance" xsi:noNamespaceSchemaLocation="nunit_schema_2.5.xsd" name="Pester" total="478" errors="0" failures="1" not-run="0" inconclusive="0" ignored="0" skipped="0" invalid="0" date="2024-12-15" time="14:30:56">
  <environment clr-version="4.0.30319.42000" user-domain="BATTLESTATION" cwd="C:\Celerium\Projects\_API\TeamsFun" platform="Microsoft Windows 11 Pro|C:\WINDOWS|\Device\Harddisk0\Partition3" machine-name="BATTLESTATION" nunit-version="2.5.8.0" os-version="10.0.26100" user="David" />
  <culture-info current-culture="en-US" current-uiculture="en-US" />
  <test-suite type="TestFixture" name="Pester" executed="True" result="Failure" success="False" time="18.2502" asserts="0" description="Pester">
    <results>
      <test-suite type="TestFixture" name="C:\Celerium\Projects\_API\TeamsFun\tests\HelpComment.Tests.ps1" executed="True" result="Success" success="True" time="0.5132" asserts="0" description="C:\Celerium\Projects\_API\TeamsFun\tests\HelpComment.Tests.ps1">
        <results>
          <test-suite type="TestFixture" name="Testing the [ notBuilt ] version of [ TeamsFun ] with [ HelpComment.Tests.ps1 ]" executed="True" result="Success" success="True" time="0.1505" asserts="0" description="Testing the [ notBuilt ] version of [ TeamsFun ] with [ HelpComment.Tests.ps1 ]">
            <results>
              <test-suite type="TestFixture" name="Testing the [ notBuilt ] version of [ TeamsFun ] with [ HelpComment.Tests.ps1 ].[ TeamsFun ] module help tests" executed="True" result="Success" success="True" time="0.0411" asserts="0" description="Testing the [ notBuilt ] version of [ TeamsFun ] with [ HelpComment.Tests.ps1 ].[ TeamsFun ] module help tests">
                <results>
                  <test-suite type="TestFixture" name="Testing the [ notBuilt ] version of [ TeamsFun ] with [ HelpComment.Tests.ps1 ].[ TeamsFun ] module help tests.[ Send-TeamsDadJoke ]" executed="True" result="Success" success="True" time="0.0373" asserts="0" description="Testing the [ notBuilt ] version of [ TeamsFun ] with [ HelpComment.Tests.ps1 ].[ TeamsFun ] module help tests.[ Send-TeamsDadJoke ]">
                    <results>
                      <test-case description="[ Send-TeamsDadJoke ] contains comment based help" name="Testing the [ notBuilt ] version of [ TeamsFun ] with [ HelpComment.Tests.ps1 ].[ TeamsFun ] module help tests.[ Send-TeamsDadJoke ].[ Send-TeamsDadJoke ] contains comment based help" time="0.0047" asserts="0" success="True" result="Success" executed="True" />
                      <test-case description="[ Send-TeamsDadJoke ] contains a synopsis" name="Testing the [ notBuilt ] version of [ TeamsFun ] with [ HelpComment.Tests.ps1 ].[ TeamsFun ] module help tests.[ Send-TeamsDadJoke ].[ Send-TeamsDadJoke ] contains a synopsis" time="0.0022" asserts="0" success="True" result="Success" executed="True" />
                      <test-case description="[ Send-TeamsDadJoke ] contains a description" name="Testing the [ notBuilt ] version of [ TeamsFun ] with [ HelpComment.Tests.ps1 ].[ TeamsFun ] module help tests.[ Send-TeamsDadJoke ].[ Send-TeamsDadJoke ] contains a description" time="0.0021" asserts="0" success="True" result="Success" executed="True" />
                      <test-case description="[ Send-TeamsDadJoke ] contains at least one usage example" name="Testing the [ notBuilt ] version of [ TeamsFun ] with [ HelpComment.Tests.ps1 ].[ TeamsFun ] module help tests.[ Send-TeamsDadJoke ].[ Send-TeamsDadJoke ] contains at least one usage example" time="0.0028" asserts="0" success="True" result="Success" executed="True" />
                      <test-case description="[ Send-TeamsDadJoke ] contains a note" name="Testing the [ notBuilt ] version of [ TeamsFun ] with [ HelpComment.Tests.ps1 ].[ TeamsFun ] module help tests.[ Send-TeamsDadJoke ].[ Send-TeamsDadJoke ] contains a note" time="0.0023" asserts="0" success="True" result="Success" executed="True" />
                      <test-case description="[ Send-TeamsDadJoke ] contains a link" name="Testing the [ notBuilt ] version of [ TeamsFun ] with [ HelpComment.Tests.ps1 ].[ TeamsFun ] module help tests.[ Send-TeamsDadJoke ].[ Send-TeamsDadJoke ] contains a link" time="0.0021" asserts="0" success="True" result="Success" executed="True" />
                      <test-suite type="ParameterizedTest" name="Testing the [ notBuilt ] version of [ TeamsFun ] with [ HelpComment.Tests.ps1 ].[ TeamsFun ] module help tests.[ Send-TeamsDadJoke ].[ Send-TeamsDadJoke ] - Parameter has a description - [ &lt;_.name&gt; ]" executed="True" result="Success" success="True" time="0.0038" asserts="0" description="[ Send-TeamsDadJoke ] - Parameter has a description - [ &lt;_.name&gt; ]">
                        <results>
                          <test-case description="[ Send-TeamsDadJoke ] - Parameter has a description - [ TeamsUri ]" name="Testing the [ notBuilt ] version of [ TeamsFun ] with [ HelpComment.Tests.ps1 ].[ TeamsFun ] module help tests.[ Send-TeamsDadJoke ].[ Send-TeamsDadJoke ] - Parameter has a description - [ TeamsUri ]" time="0.0038" asserts="0" success="True" result="Success" executed="True" />
                        </results>
                      </test-suite>
                      <test-suite type="ParameterizedTest" name="Testing the [ notBuilt ] version of [ TeamsFun ] with [ HelpComment.Tests.ps1 ].[ TeamsFun ] module help tests.[ Send-TeamsDadJoke ].[ Send-TeamsDadJoke ] - Example has example code &amp; description   - [ &lt;_.title -replace '-'.''&gt; ]" executed="True" result="Success" success="True" time="0.0124" asserts="0" description="[ Send-TeamsDadJoke ] - Example has example code &amp; description   - [ &lt;_.title -replace '-'.''&gt; ]">
                        <results>
                          <test-case description="[ Send-TeamsDadJoke ] - Example has example code &amp; description   - [  EXAMPLE 1  ]" name="Testing the [ notBuilt ] version of [ TeamsFun ] with [ HelpComment.Tests.ps1 ].[ TeamsFun ] module help tests.[ Send-TeamsDadJoke ].[ Send-TeamsDadJoke ] - Example has example code &amp; description   - [  EXAMPLE 1  ]" time="0.0093" asserts="0" success="True" result="Success" executed="True" />
                          <test-case description="[ Send-TeamsDadJoke ] - Example has example code &amp; description   - [  EXAMPLE 2  ]" name="Testing the [ notBuilt ] version of [ TeamsFun ] with [ HelpComment.Tests.ps1 ].[ TeamsFun ] module help tests.[ Send-TeamsDadJoke ].[ Send-TeamsDadJoke ] - Example has example code &amp; description   - [  EXAMPLE 2  ]" time="0.0031" asserts="0" success="True" result="Success" executed="True" />
                        </results>
                      </test-suite>
                    </results>
                  </test-suite>
                </results>
              </test-suite>
              <test-suite type="TestFixture" name="Testing the [ notBuilt ] version of [ TeamsFun ] with [ HelpComment.Tests.ps1 ].[ TeamsFun ] module help tests" executed="True" result="Success" success="True" time="0.0763" asserts="0" description="Testing the [ notBuilt ] version of [ TeamsFun ] with [ HelpComment.Tests.ps1 ].[ TeamsFun ] module help tests">
                <results>
                  <test-suite type="TestFixture" name="Testing the [ notBuilt ] version of [ TeamsFun ] with [ HelpComment.Tests.ps1 ].[ TeamsFun ] module help tests.[ Send-TeamsPokemon ]" executed="True" result="Success" success="True" time="0.031" asserts="0" description="Testing the [ notBuilt ] version of [ TeamsFun ] with [ HelpComment.Tests.ps1 ].[ TeamsFun ] module help tests.[ Send-TeamsPokemon ]">
                    <results>
                      <test-case description="[ Send-TeamsPokemon ] contains comment based help" name="Testing the [ notBuilt ] version of [ TeamsFun ] with [ HelpComment.Tests.ps1 ].[ TeamsFun ] module help tests.[ Send-TeamsPokemon ].[ Send-TeamsPokemon ] contains comment based help" time="0.0025" asserts="0" success="True" result="Success" executed="True" />
                      <test-case description="[ Send-TeamsPokemon ] contains a synopsis" name="Testing the [ notBuilt ] version of [ TeamsFun ] with [ HelpComment.Tests.ps1 ].[ TeamsFun ] module help tests.[ Send-TeamsPokemon ].[ Send-TeamsPokemon ] contains a synopsis" time="0.0022" asserts="0" success="True" result="Success" executed="True" />
                      <test-case description="[ Send-TeamsPokemon ] contains a description" name="Testing the [ notBuilt ] version of [ TeamsFun ] with [ HelpComment.Tests.ps1 ].[ TeamsFun ] module help tests.[ Send-TeamsPokemon ].[ Send-TeamsPokemon ] contains a description" time="0.0022" asserts="0" success="True" result="Success" executed="True" />
                      <test-case description="[ Send-TeamsPokemon ] contains at least one usage example" name="Testing the [ notBuilt ] version of [ TeamsFun ] with [ HelpComment.Tests.ps1 ].[ TeamsFun ] module help tests.[ Send-TeamsPokemon ].[ Send-TeamsPokemon ] contains at least one usage example" time="0.0027" asserts="0" success="True" result="Success" executed="True" />
                      <test-case description="[ Send-TeamsPokemon ] contains a note" name="Testing the [ notBuilt ] version of [ TeamsFun ] with [ HelpComment.Tests.ps1 ].[ TeamsFun ] module help tests.[ Send-TeamsPokemon ].[ Send-TeamsPokemon ] contains a note" time="0.0021" asserts="0" success="True" result="Success" executed="True" />
                      <test-case description="[ Send-TeamsPokemon ] contains a link" name="Testing the [ notBuilt ] version of [ TeamsFun ] with [ HelpComment.Tests.ps1 ].[ TeamsFun ] module help tests.[ Send-TeamsPokemon ].[ Send-TeamsPokemon ] contains a link" time="0.0021" asserts="0" success="True" result="Success" executed="True" />
                      <test-suite type="ParameterizedTest" name="Testing the [ notBuilt ] version of [ TeamsFun ] with [ HelpComment.Tests.ps1 ].[ TeamsFun ] module help tests.[ Send-TeamsPokemon ].[ Send-TeamsPokemon ] - Parameter has a description - [ &lt;_.name&gt; ]" executed="True" result="Success" success="True" time="0.0025" asserts="0" description="[ Send-TeamsPokemon ] - Parameter has a description - [ &lt;_.name&gt; ]">
                        <results>
                          <test-case description="[ Send-TeamsPokemon ] - Parameter has a description - [ TeamsUri ]" name="Testing the [ notBuilt ] version of [ TeamsFun ] with [ HelpComment.Tests.ps1 ].[ TeamsFun ] module help tests.[ Send-TeamsPokemon ].[ Send-TeamsPokemon ] - Parameter has a description - [ TeamsUri ]" time="0.0025" asserts="0" success="True" result="Success" executed="True" />
                        </results>
                      </test-suite>
                      <test-suite type="ParameterizedTest" name="Testing the [ notBuilt ] version of [ TeamsFun ] with [ HelpComment.Tests.ps1 ].[ TeamsFun ] module help tests.[ Send-TeamsPokemon ].[ Send-TeamsPokemon ] - Example has example code &amp; description   - [ &lt;_.title -replace '-'.''&gt; ]" executed="True" result="Success" success="True" time="0.0064" asserts="0" description="[ Send-TeamsPokemon ] - Example has example code &amp; description   - [ &lt;_.title -replace '-'.''&gt; ]">
                        <results>
                          <test-case description="[ Send-TeamsPokemon ] - Example has example code &amp; description   - [  EXAMPLE 1  ]" name="Testing the [ notBuilt ] version of [ TeamsFun ] with [ HelpComment.Tests.ps1 ].[ TeamsFun ] module help tests.[ Send-TeamsPokemon ].[ Send-TeamsPokemon ] - Example has example code &amp; description   - [  EXAMPLE 1  ]" time="0.0031" asserts="0" success="True" result="Success" executed="True" />
                          <test-case description="[ Send-TeamsPokemon ] - Example has example code &amp; description   - [  EXAMPLE 2  ]" name="Testing the [ notBuilt ] version of [ TeamsFun ] with [ HelpComment.Tests.ps1 ].[ TeamsFun ] module help tests.[ Send-TeamsPokemon ].[ Send-TeamsPokemon ] - Example has example code &amp; description   - [  EXAMPLE 2  ]" time="0.0033" asserts="0" success="True" result="Success" executed="True" />
                        </results>
                      </test-suite>
                    </results>
                  </test-suite>
                </results>
              </test-suite>
              <test-suite type="TestFixture" name="Testing the [ notBuilt ] version of [ TeamsFun ] with [ HelpComment.Tests.ps1 ].[ TeamsFun ] module help tests" executed="True" result="Success" success="True" time="0.1116" asserts="0" description="Testing the [ notBuilt ] version of [ TeamsFun ] with [ HelpComment.Tests.ps1 ].[ TeamsFun ] module help tests">
                <results>
                  <test-suite type="TestFixture" name="Testing the [ notBuilt ] version of [ TeamsFun ] with [ HelpComment.Tests.ps1 ].[ TeamsFun ] module help tests.[ Send-TeamsPurr ]" executed="True" result="Success" success="True" time="0.0316" asserts="0" description="Testing the [ notBuilt ] version of [ TeamsFun ] with [ HelpComment.Tests.ps1 ].[ TeamsFun ] module help tests.[ Send-TeamsPurr ]">
                    <results>
                      <test-case description="[ Send-TeamsPurr ] contains comment based help" name="Testing the [ notBuilt ] version of [ TeamsFun ] with [ HelpComment.Tests.ps1 ].[ TeamsFun ] module help tests.[ Send-TeamsPurr ].[ Send-TeamsPurr ] contains comment based help" time="0.0027" asserts="0" success="True" result="Success" executed="True" />
                      <test-case description="[ Send-TeamsPurr ] contains a synopsis" name="Testing the [ notBuilt ] version of [ TeamsFun ] with [ HelpComment.Tests.ps1 ].[ TeamsFun ] module help tests.[ Send-TeamsPurr ].[ Send-TeamsPurr ] contains a synopsis" time="0.0024" asserts="0" success="True" result="Success" executed="True" />
                      <test-case description="[ Send-TeamsPurr ] contains a description" name="Testing the [ notBuilt ] version of [ TeamsFun ] with [ HelpComment.Tests.ps1 ].[ TeamsFun ] module help tests.[ Send-TeamsPurr ].[ Send-TeamsPurr ] contains a description" time="0.0023" asserts="0" success="True" result="Success" executed="True" />
                      <test-case description="[ Send-TeamsPurr ] contains at least one usage example" name="Testing the [ notBuilt ] version of [ TeamsFun ] with [ HelpComment.Tests.ps1 ].[ TeamsFun ] module help tests.[ Send-TeamsPurr ].[ Send-TeamsPurr ] contains at least one usage example" time="0.0029" asserts="0" success="True" result="Success" executed="True" />
                      <test-case description="[ Send-TeamsPurr ] contains a note" name="Testing the [ notBuilt ] version of [ TeamsFun ] with [ HelpComment.Tests.ps1 ].[ TeamsFun ] module help tests.[ Send-TeamsPurr ].[ Send-TeamsPurr ] contains a note" time="0.0022" asserts="0" success="True" result="Success" executed="True" />
                      <test-case description="[ Send-TeamsPurr ] contains a link" name="Testing the [ notBuilt ] version of [ TeamsFun ] with [ HelpComment.Tests.ps1 ].[ TeamsFun ] module help tests.[ Send-TeamsPurr ].[ Send-TeamsPurr ] contains a link" time="0.0022" asserts="0" success="True" result="Success" executed="True" />
                      <test-suite type="ParameterizedTest" name="Testing the [ notBuilt ] version of [ TeamsFun ] with [ HelpComment.Tests.ps1 ].[ TeamsFun ] module help tests.[ Send-TeamsPurr ].[ Send-TeamsPurr ] - Parameter has a description - [ &lt;_.name&gt; ]" executed="True" result="Success" success="True" time="0.0028" asserts="0" description="[ Send-TeamsPurr ] - Parameter has a description - [ &lt;_.name&gt; ]">
                        <results>
                          <test-case description="[ Send-TeamsPurr ] - Parameter has a description - [ TeamsUri ]" name="Testing the [ notBuilt ] version of [ TeamsFun ] with [ HelpComment.Tests.ps1 ].[ TeamsFun ] module help tests.[ Send-TeamsPurr ].[ Send-TeamsPurr ] - Parameter has a description - [ TeamsUri ]" time="0.0028" asserts="0" success="True" result="Success" executed="True" />
                        </results>
                      </test-suite>
                      <test-suite type="ParameterizedTest" name="Testing the [ notBuilt ] version of [ TeamsFun ] with [ HelpComment.Tests.ps1 ].[ TeamsFun ] module help tests.[ Send-TeamsPurr ].[ Send-TeamsPurr ] - Example has example code &amp; description   - [ &lt;_.title -replace '-'.''&gt; ]" executed="True" result="Success" success="True" time="0.0095" asserts="0" description="[ Send-TeamsPurr ] - Example has example code &amp; description   - [ &lt;_.title -replace '-'.''&gt; ]">
                        <results>
                          <test-case description="[ Send-TeamsPurr ] - Example has example code &amp; description   - [  EXAMPLE 1  ]" name="Testing the [ notBuilt ] version of [ TeamsFun ] with [ HelpComment.Tests.ps1 ].[ TeamsFun ] module help tests.[ Send-TeamsPurr ].[ Send-TeamsPurr ] - Example has example code &amp; description   - [  EXAMPLE 1  ]" time="0.003" asserts="0" success="True" result="Success" executed="True" />
                          <test-case description="[ Send-TeamsPurr ] - Example has example code &amp; description   - [  EXAMPLE 2  ]" name="Testing the [ notBuilt ] version of [ TeamsFun ] with [ HelpComment.Tests.ps1 ].[ TeamsFun ] module help tests.[ Send-TeamsPurr ].[ Send-TeamsPurr ] - Example has example code &amp; description   - [  EXAMPLE 2  ]" time="0.0065" asserts="0" success="True" result="Success" executed="True" />
                        </results>
                      </test-suite>
                    </results>
                  </test-suite>
                </results>
              </test-suite>
              <test-suite type="TestFixture" name="Testing the [ notBuilt ] version of [ TeamsFun ] with [ HelpComment.Tests.ps1 ].[ TeamsFun ] module help tests" executed="True" result="Success" success="True" time="0.1462" asserts="0" description="Testing the [ notBuilt ] version of [ TeamsFun ] with [ HelpComment.Tests.ps1 ].[ TeamsFun ] module help tests">
                <results>
                  <test-suite type="TestFixture" name="Testing the [ notBuilt ] version of [ TeamsFun ] with [ HelpComment.Tests.ps1 ].[ TeamsFun ] module help tests.[ Send-TeamsWoof ]" executed="True" result="Success" success="True" time="0.0306" asserts="0" description="Testing the [ notBuilt ] version of [ TeamsFun ] with [ HelpComment.Tests.ps1 ].[ TeamsFun ] module help tests.[ Send-TeamsWoof ]">
                    <results>
                      <test-case description="[ Send-TeamsWoof ] contains comment based help" name="Testing the [ notBuilt ] version of [ TeamsFun ] with [ HelpComment.Tests.ps1 ].[ TeamsFun ] module help tests.[ Send-TeamsWoof ].[ Send-TeamsWoof ] contains comment based help" time="0.0026" asserts="0" success="True" result="Success" executed="True" />
                      <test-case description="[ Send-TeamsWoof ] contains a synopsis" name="Testing the [ notBuilt ] version of [ TeamsFun ] with [ HelpComment.Tests.ps1 ].[ TeamsFun ] module help tests.[ Send-TeamsWoof ].[ Send-TeamsWoof ] contains a synopsis" time="0.0021" asserts="0" success="True" result="Success" executed="True" />
                      <test-case description="[ Send-TeamsWoof ] contains a description" name="Testing the [ notBuilt ] version of [ TeamsFun ] with [ HelpComment.Tests.ps1 ].[ TeamsFun ] module help tests.[ Send-TeamsWoof ].[ Send-TeamsWoof ] contains a description" time="0.0021" asserts="0" success="True" result="Success" executed="True" />
                      <test-case description="[ Send-TeamsWoof ] contains at least one usage example" name="Testing the [ notBuilt ] version of [ TeamsFun ] with [ HelpComment.Tests.ps1 ].[ TeamsFun ] module help tests.[ Send-TeamsWoof ].[ Send-TeamsWoof ] contains at least one usage example" time="0.0026" asserts="0" success="True" result="Success" executed="True" />
                      <test-case description="[ Send-TeamsWoof ] contains a note" name="Testing the [ notBuilt ] version of [ TeamsFun ] with [ HelpComment.Tests.ps1 ].[ TeamsFun ] module help tests.[ Send-TeamsWoof ].[ Send-TeamsWoof ] contains a note" time="0.0021" asserts="0" success="True" result="Success" executed="True" />
                      <test-case description="[ Send-TeamsWoof ] contains a link" name="Testing the [ notBuilt ] version of [ TeamsFun ] with [ HelpComment.Tests.ps1 ].[ TeamsFun ] module help tests.[ Send-TeamsWoof ].[ Send-TeamsWoof ] contains a link" time="0.0021" asserts="0" success="True" result="Success" executed="True" />
                      <test-suite type="ParameterizedTest" name="Testing the [ notBuilt ] version of [ TeamsFun ] with [ HelpComment.Tests.ps1 ].[ TeamsFun ] module help tests.[ Send-TeamsWoof ].[ Send-TeamsWoof ] - Parameter has a description - [ &lt;_.name&gt; ]" executed="True" result="Success" success="True" time="0.0068" asserts="0" description="[ Send-TeamsWoof ] - Parameter has a description - [ &lt;_.name&gt; ]">
                        <results>
                          <test-case description="[ Send-TeamsWoof ] - Parameter has a description - [ TeamsUri ]" name="Testing the [ notBuilt ] version of [ TeamsFun ] with [ HelpComment.Tests.ps1 ].[ TeamsFun ] module help tests.[ Send-TeamsWoof ].[ Send-TeamsWoof ] - Parameter has a description - [ TeamsUri ]" time="0.0068" asserts="0" success="True" result="Success" executed="True" />
                        </results>
                      </test-suite>
                      <test-suite type="ParameterizedTest" name="Testing the [ notBuilt ] version of [ TeamsFun ] with [ HelpComment.Tests.ps1 ].[ TeamsFun ] module help tests.[ Send-TeamsWoof ].[ Send-TeamsWoof ] - Example has example code &amp; description   - [ &lt;_.title -replace '-'.''&gt; ]" executed="True" result="Success" success="True" time="0.0056" asserts="0" description="[ Send-TeamsWoof ] - Example has example code &amp; description   - [ &lt;_.title -replace '-'.''&gt; ]">
                        <results>
                          <test-case description="[ Send-TeamsWoof ] - Example has example code &amp; description   - [  EXAMPLE 1  ]" name="Testing the [ notBuilt ] version of [ TeamsFun ] with [ HelpComment.Tests.ps1 ].[ TeamsFun ] module help tests.[ Send-TeamsWoof ].[ Send-TeamsWoof ] - Example has example code &amp; description   - [  EXAMPLE 1  ]" time="0.003" asserts="0" success="True" result="Success" executed="True" />
                          <test-case description="[ Send-TeamsWoof ] - Example has example code &amp; description   - [  EXAMPLE 2  ]" name="Testing the [ notBuilt ] version of [ TeamsFun ] with [ HelpComment.Tests.ps1 ].[ TeamsFun ] module help tests.[ Send-TeamsWoof ].[ Send-TeamsWoof ] - Example has example code &amp; description   - [  EXAMPLE 2  ]" time="0.0026" asserts="0" success="True" result="Success" executed="True" />
                        </results>
                      </test-suite>
                    </results>
                  </test-suite>
                </results>
              </test-suite>
            </results>
          </test-suite>
        </results>
      </test-suite>
      <test-suite type="TestFixture" name="C:\Celerium\Projects\_API\TeamsFun\tests\PSScriptAnalyzer.tests.ps1" executed="True" result="Failure" success="False" time="17.5123" asserts="0" description="C:\Celerium\Projects\_API\TeamsFun\tests\PSScriptAnalyzer.tests.ps1">
        <results>
          <test-suite type="TestFixture" name="Testing the [ notBuilt ] version of [ TeamsFun ] with [ PSScriptAnalyzer.tests.ps1 ]" executed="True" result="Failure" success="False" time="17.0033" asserts="0" description="Testing the [ notBuilt ] version of [ TeamsFun ] with [ PSScriptAnalyzer.tests.ps1 ]">
            <results>
              <test-suite type="TestFixture" name="Testing the [ notBuilt ] version of [ TeamsFun ] with [ PSScriptAnalyzer.tests.ps1 ].[ TeamsFun ] module PSScriptAnalyzer tests" executed="True" result="Success" success="True" time="2.5248" asserts="0" description="Testing the [ notBuilt ] version of [ TeamsFun ] with [ PSScriptAnalyzer.tests.ps1 ].[ TeamsFun ] module PSScriptAnalyzer tests">
                <results>
                  <test-suite type="TestFixture" name="Testing the [ notBuilt ] version of [ TeamsFun ] with [ PSScriptAnalyzer.tests.ps1 ].[ TeamsFun ] module PSScriptAnalyzer tests.[ Send-TeamsPurr.ps1 ]" executed="True" result="Success" success="True" time="0.0451" asserts="0" description="Testing the [ notBuilt ] version of [ TeamsFun ] with [ PSScriptAnalyzer.tests.ps1 ].[ TeamsFun ] module PSScriptAnalyzer tests.[ Send-TeamsPurr.ps1 ]">
                    <results>
                      <test-suite type="ParameterizedTest" name="Testing the [ notBuilt ] version of [ TeamsFun ] with [ PSScriptAnalyzer.tests.ps1 ].[ TeamsFun ] module PSScriptAnalyzer tests.[ Send-TeamsPurr.ps1 ].Should pass rule [ PSAlignAssignmentStatement ]" executed="True" result="Success" success="True" time="0.0411" asserts="0" description="Should pass rule [ PSAlignAssignmentStatement ]">
                        <results>
                          <test-case description="Should pass rule [ PSAlignAssignmentStatement ]" name="Testing the [ notBuilt ] version of [ TeamsFun ] with [ PSScriptAnalyzer.tests.ps1 ].[ TeamsFun ] module PSScriptAnalyzer tests.[ Send-TeamsPurr.ps1 ].Should pass rule [ PSAlignAssignmentStatement ](PSAlignAssignmentStatement,C:\Celerium\Projects\_API\TeamsFun\TeamsFun\Public\Cat\Send-TeamsPurr.ps1)" time="0.0411" asserts="0" success="True" result="Success" executed="True" />
                        </results>
                      </test-suite>
                    </results>
                  </test-suite>
                  <test-suite type="TestFixture" name="Testing the [ notBuilt ] version of [ TeamsFun ] with [ PSScriptAnalyzer.tests.ps1 ].[ TeamsFun ] module PSScriptAnalyzer tests.[ Send-TeamsPurr.ps1 ]" executed="True" result="Success" success="True" time="0.074" asserts="0" description="Testing the [ notBuilt ] version of [ TeamsFun ] with [ PSScriptAnalyzer.tests.ps1 ].[ TeamsFun ] module PSScriptAnalyzer tests.[ Send-TeamsPurr.ps1 ]">
                    <results>
                      <test-suite type="ParameterizedTest" name="Testing the [ notBuilt ] version of [ TeamsFun ] with [ PSScriptAnalyzer.tests.ps1 ].[ TeamsFun ] module PSScriptAnalyzer tests.[ Send-TeamsPurr.ps1 ].Should pass rule [ PSAvoidUsingCmdletAliases ]" executed="True" result="Success" success="True" time="0.0244" asserts="0" description="Should pass rule [ PSAvoidUsingCmdletAliases ]">
                        <results>
                          <test-case description="Should pass rule [ PSAvoidUsingCmdletAliases ]" name="Testing the [ notBuilt ] version of [ TeamsFun ] with [ PSScriptAnalyzer.tests.ps1 ].[ TeamsFun ] module PSScriptAnalyzer tests.[ Send-TeamsPurr.ps1 ].Should pass rule [ PSAvoidUsingCmdletAliases ](PSAvoidUsingCmdletAliases,C:\Celerium\Projects\_API\TeamsFun\TeamsFun\Public\Cat\Send-TeamsPurr.ps1)" time="0.0244" asserts="0" success="True" result="Success" executed="True" />
                        </results>
                      </test-suite>
                    </results>
                  </test-suite>
                  <test-suite type="TestFixture" name="Testing the [ notBuilt ] version of [ TeamsFun ] with [ PSScriptAnalyzer.tests.ps1 ].[ TeamsFun ] module PSScriptAnalyzer tests.[ Send-TeamsPurr.ps1 ]" executed="True" result="Success" success="True" time="0.1068" asserts="0" description="Testing the [ notBuilt ] version of [ TeamsFun ] with [ PSScriptAnalyzer.tests.ps1 ].[ TeamsFun ] module PSScriptAnalyzer tests.[ Send-TeamsPurr.ps1 ]">
                    <results>
                      <test-suite type="ParameterizedTest" name="Testing the [ notBuilt ] version of [ TeamsFun ] with [ PSScriptAnalyzer.tests.ps1 ].[ TeamsFun ] module PSScriptAnalyzer tests.[ Send-TeamsPurr.ps1 ].Should pass rule [ PSAvoidAssignmentToAutomaticVariable ]" executed="True" result="Success" success="True" time="0.0284" asserts="0" description="Should pass rule [ PSAvoidAssignmentToAutomaticVariable ]">
                        <results>
                          <test-case description="Should pass rule [ PSAvoidAssignmentToAutomaticVariable ]" name="Testing the [ notBuilt ] version of [ TeamsFun ] with [ PSScriptAnalyzer.tests.ps1 ].[ TeamsFun ] module PSScriptAnalyzer tests.[ Send-TeamsPurr.ps1 ].Should pass rule [ PSAvoidAssignmentToAutomaticVariable ](PSAvoidAssignmentToAutomaticVariable,C:\Celerium\Projects\_API\TeamsFun\TeamsFun\Public\Cat\Send-TeamsPurr.ps1)" time="0.0284" asserts="0" success="True" result="Success" executed="True" />
                        </results>
                      </test-suite>
                    </results>
                  </test-suite>
                  <test-suite type="TestFixture" name="Testing the [ notBuilt ] version of [ TeamsFun ] with [ PSScriptAnalyzer.tests.ps1 ].[ TeamsFun ] module PSScriptAnalyzer tests.[ Send-TeamsPurr.ps1 ]" executed="True" result="Success" success="True" time="0.1448" asserts="0" description="Testing the [ notBuilt ] version of [ TeamsFun ] with [ PSScriptAnalyzer.tests.ps1 ].[ TeamsFun ] module PSScriptAnalyzer tests.[ Send-TeamsPurr.ps1 ]">
                    <results>
                      <test-suite type="ParameterizedTest" name="Testing the [ notBuilt ] version of [ TeamsFun ] with [ PSScriptAnalyzer.tests.ps1 ].[ TeamsFun ] module PSScriptAnalyzer tests.[ Send-TeamsPurr.ps1 ].Should pass rule [ PSAvoidDefaultValueSwitchParameter ]" executed="True" result="Success" success="True" time="0.0339" asserts="0" description="Should pass rule [ PSAvoidDefaultValueSwitchParameter ]">
                        <results>
                          <test-case description="Should pass rule [ PSAvoidDefaultValueSwitchParameter ]" name="Testing the [ notBuilt ] version of [ TeamsFun ] with [ PSScriptAnalyzer.tests.ps1 ].[ TeamsFun ] module PSScriptAnalyzer tests.[ Send-TeamsPurr.ps1 ].Should pass rule [ PSAvoidDefaultValueSwitchParameter ](PSAvoidDefaultValueSwitchParameter,C:\Celerium\Projects\_API\TeamsFun\TeamsFun\Public\Cat\Send-TeamsPurr.ps1)" time="0.0339" asserts="0" success="True" result="Success" executed="True" />
                        </results>
                      </test-suite>
                    </results>
                  </test-suite>
                  <test-suite type="TestFixture" name="Testing the [ notBuilt ] version of [ TeamsFun ] with [ PSScriptAnalyzer.tests.ps1 ].[ TeamsFun ] module PSScriptAnalyzer tests.[ Send-TeamsPurr.ps1 ]" executed="True" result="Success" success="True" time="0.185" asserts="0" description="Testing the [ notBuilt ] version of [ TeamsFun ] with [ PSScriptAnalyzer.tests.ps1 ].[ TeamsFun ] module PSScriptAnalyzer tests.[ Send-TeamsPurr.ps1 ]">
                    <results>
                      <test-suite type="ParameterizedTest" name="Testing the [ notBuilt ] version of [ TeamsFun ] with [ PSScriptAnalyzer.tests.ps1 ].[ TeamsFun ] module PSScriptAnalyzer tests.[ Send-TeamsPurr.ps1 ].Should pass rule [ PSAvoidDefaultValueForMandatoryParameter ]" executed="True" result="Success" success="True" time="0.0362" asserts="0" description="Should pass rule [ PSAvoidDefaultValueForMandatoryParameter ]">
                        <results>
                          <test-case description="Should pass rule [ PSAvoidDefaultValueForMandatoryParameter ]" name="Testing the [ notBuilt ] version of [ TeamsFun ] with [ PSScriptAnalyzer.tests.ps1 ].[ TeamsFun ] module PSScriptAnalyzer tests.[ Send-TeamsPurr.ps1 ].Should pass rule [ PSAvoidDefaultValueForMandatoryParameter ](PSAvoidDefaultValueForMandatoryParameter,C:\Celerium\Projects\_API\TeamsFun\TeamsFun\Public\Cat\Send-TeamsPurr.ps1)" time="0.0362" asserts="0" success="True" result="Success" executed="True" />
                        </results>
                      </test-suite>
                    </results>
                  </test-suite>
                  <test-suite type="TestFixture" name="Testing the [ notBuilt ] version of [ TeamsFun ] with [ PSScriptAnalyzer.tests.ps1 ].[ TeamsFun ] module PSScriptAnalyzer tests.[ Send-TeamsPurr.ps1 ]" executed="True" result="Success" success="True" time="0.2106" asserts="0" description="Testing the [ notBuilt ] version of [ TeamsFun ] with [ PSScriptAnalyzer.tests.ps1 ].[ TeamsFun ] module PSScriptAnalyzer tests.[ Send-TeamsPurr.ps1 ]">
                    <results>
                      <test-suite type="ParameterizedTest" name="Testing the [ notBuilt ] version of [ TeamsFun ] with [ PSScriptAnalyzer.tests.ps1 ].[ TeamsFun ] module PSScriptAnalyzer tests.[ Send-TeamsPurr.ps1 ].Should pass rule [ PSAvoidUsingEmptyCatchBlock ]" executed="True" result="Success" success="True" time="0.0214" asserts="0" description="Should pass rule [ PSAvoidUsingEmptyCatchBlock ]">
                        <results>
                          <test-case description="Should pass rule [ PSAvoidUsingEmptyCatchBlock ]" name="Testing the [ notBuilt ] version of [ TeamsFun ] with [ PSScriptAnalyzer.tests.ps1 ].[ TeamsFun ] module PSScriptAnalyzer tests.[ Send-TeamsPurr.ps1 ].Should pass rule [ PSAvoidUsingEmptyCatchBlock ](PSAvoidUsingEmptyCatchBlock,C:\Celerium\Projects\_API\TeamsFun\TeamsFun\Public\Cat\Send-TeamsPurr.ps1)" time="0.0214" asserts="0" success="True" result="Success" executed="True" />
                        </results>
                      </test-suite>
                    </results>
                  </test-suite>
                  <test-suite type="TestFixture" name="Testing the [ notBuilt ] version of [ TeamsFun ] with [ PSScriptAnalyzer.tests.ps1 ].[ TeamsFun ] module PSScriptAnalyzer tests.[ Send-TeamsPurr.ps1 ]" executed="True" result="Success" success="True" time="0.2592" asserts="0" description="Testing the [ notBuilt ] version of [ TeamsFun ] with [ PSScriptAnalyzer.tests.ps1 ].[ TeamsFun ] module PSScriptAnalyzer tests.[ Send-TeamsPurr.ps1 ]">
                    <results>
                      <test-suite type="ParameterizedTest" name="Testing the [ notBuilt ] version of [ TeamsFun ] with [ PSScriptAnalyzer.tests.ps1 ].[ TeamsFun ] module PSScriptAnalyzer tests.[ Send-TeamsPurr.ps1 ].Should pass rule [ PSAvoidExclaimOperator ]" executed="True" result="Success" success="True" time="0.0444" asserts="0" description="Should pass rule [ PSAvoidExclaimOperator ]">
                        <results>
                          <test-case description="Should pass rule [ PSAvoidExclaimOperator ]" name="Testing the [ notBuilt ] version of [ TeamsFun ] with [ PSScriptAnalyzer.tests.ps1 ].[ TeamsFun ] module PSScriptAnalyzer tests.[ Send-TeamsPurr.ps1 ].Should pass rule [ PSAvoidExclaimOperator ](PSAvoidExclaimOperator,C:\Celerium\Projects\_API\TeamsFun\TeamsFun\Public\Cat\Send-TeamsPurr.ps1)" time="0.0444" asserts="0" success="True" result="Success" executed="True" />
                        </results>
                      </test-suite>
                    </results>
                  </test-suite>
                  <test-suite type="TestFixture" name="Testing the [ notBuilt ] version of [ TeamsFun ] with [ PSScriptAnalyzer.tests.ps1 ].[ TeamsFun ] module PSScriptAnalyzer tests.[ Send-TeamsPurr.ps1 ]" executed="True" result="Success" success="True" time="0.3034" asserts="0" description="Testing the [ notBuilt ] version of [ TeamsFun ] with [ PSScriptAnalyzer.tests.ps1 ].[ TeamsFun ] module PSScriptAnalyzer tests.[ Send-TeamsPurr.ps1 ]">
                    <results>
                      <test-suite type="ParameterizedTest" name="Testing the [ notBuilt ] version of [ TeamsFun ] with [ PSScriptAnalyzer.tests.ps1 ].[ TeamsFun ] module PSScriptAnalyzer tests.[ Send-TeamsPurr.ps1 ].Should pass rule [ PSAvoidGlobalAliases ]" executed="True" result="Success" success="True" time="0.0402" asserts="0" description="Should pass rule [ PSAvoidGlobalAliases ]">
                        <results>
                          <test-case description="Should pass rule [ PSAvoidGlobalAliases ]" name="Testing the [ notBuilt ] version of [ TeamsFun ] with [ PSScriptAnalyzer.tests.ps1 ].[ TeamsFun ] module PSScriptAnalyzer tests.[ Send-TeamsPurr.ps1 ].Should pass rule [ PSAvoidGlobalAliases ](PSAvoidGlobalAliases,C:\Celerium\Projects\_API\TeamsFun\TeamsFun\Public\Cat\Send-TeamsPurr.ps1)" time="0.0402" asserts="0" success="True" result="Success" executed="True" />
                        </results>
                      </test-suite>
                    </results>
                  </test-suite>
                  <test-suite type="TestFixture" name="Testing the [ notBuilt ] version of [ TeamsFun ] with [ PSScriptAnalyzer.tests.ps1 ].[ TeamsFun ] module PSScriptAnalyzer tests.[ Send-TeamsPurr.ps1 ]" executed="True" result="Success" success="True" time="0.3405" asserts="0" description="Testing the [ notBuilt ] version of [ TeamsFun ] with [ PSScriptAnalyzer.tests.ps1 ].[ TeamsFun ] module PSScriptAnalyzer tests.[ Send-TeamsPurr.ps1 ]">
                    <results>
                      <test-suite type="ParameterizedTest" name="Testing the [ notBuilt ] version of [ TeamsFun ] with [ PSScriptAnalyzer.tests.ps1 ].[ TeamsFun ] module PSScriptAnalyzer tests.[ Send-TeamsPurr.ps1 ].Should pass rule [ PSAvoidGlobalFunctions ]" executed="True" result="Success" success="True" time="0.0329" asserts="0" description="Should pass rule [ PSAvoidGlobalFunctions ]">
                        <results>
                          <test-case description="Should pass rule [ PSAvoidGlobalFunctions ]" name="Testing the [ notBuilt ] version of [ TeamsFun ] with [ PSScriptAnalyzer.tests.ps1 ].[ TeamsFun ] module PSScriptAnalyzer tests.[ Send-TeamsPurr.ps1 ].Should pass rule [ PSAvoidGlobalFunctions ](PSAvoidGlobalFunctions,C:\Celerium\Projects\_API\TeamsFun\TeamsFun\Public\Cat\Send-TeamsPurr.ps1)" time="0.0329" asserts="0" success="True" result="Success" executed="True" />
                        </results>
                      </test-suite>
                    </results>
                  </test-suite>
                  <test-suite type="TestFixture" name="Testing the [ notBuilt ] version of [ TeamsFun ] with [ PSScriptAnalyzer.tests.ps1 ].[ TeamsFun ] module PSScriptAnalyzer tests.[ Send-TeamsPurr.ps1 ]" executed="True" result="Success" success="True" time="0.3848" asserts="0" description="Testing the [ notBuilt ] version of [ TeamsFun ] with [ PSScriptAnalyzer.tests.ps1 ].[ TeamsFun ] module PSScriptAnalyzer tests.[ Send-TeamsPurr.ps1 ]">
                    <results>
                      <test-suite type="ParameterizedTest" name="Testing the [ notBuilt ] version of [ TeamsFun ] with [ PSScriptAnalyzer.tests.ps1 ].[ TeamsFun ] module PSScriptAnalyzer tests.[ Send-TeamsPurr.ps1 ].Should pass rule [ PSAvoidGlobalVars ]" executed="True" result="Success" success="True" time="0.0402" asserts="0" description="Should pass rule [ PSAvoidGlobalVars ]">
                        <results>
                          <test-case description="Should pass rule [ PSAvoidGlobalVars ]" name="Testing the [ notBuilt ] version of [ TeamsFun ] with [ PSScriptAnalyzer.tests.ps1 ].[ TeamsFun ] module PSScriptAnalyzer tests.[ Send-TeamsPurr.ps1 ].Should pass rule [ PSAvoidGlobalVars ](PSAvoidGlobalVars,C:\Celerium\Projects\_API\TeamsFun\TeamsFun\Public\Cat\Send-TeamsPurr.ps1)" time="0.0402" asserts="0" success="True" result="Success" executed="True" />
                        </results>
                      </test-suite>
                    </results>
                  </test-suite>
                  <test-suite type="TestFixture" name="Testing the [ notBuilt ] version of [ TeamsFun ] with [ PSScriptAnalyzer.tests.ps1 ].[ TeamsFun ] module PSScriptAnalyzer tests.[ Send-TeamsPurr.ps1 ]" executed="True" result="Success" success="True" time="0.4295" asserts="0" description="Testing the [ notBuilt ] version of [ TeamsFun ] with [ PSScriptAnalyzer.tests.ps1 ].[ TeamsFun ] module PSScriptAnalyzer tests.[ Send-TeamsPurr.ps1 ]">
                    <results>
                      <test-suite type="ParameterizedTest" name="Testing the [ notBuilt ] version of [ TeamsFun ] with [ PSScriptAnalyzer.tests.ps1 ].[ TeamsFun ] module PSScriptAnalyzer tests.[ Send-TeamsPurr.ps1 ].Should pass rule [ PSAvoidInvokingEmptyMembers ]" executed="True" result="Success" success="True" time="0.0406" asserts="0" description="Should pass rule [ PSAvoidInvokingEmptyMembers ]">
                        <results>
                          <test-case description="Should pass rule [ PSAvoidInvokingEmptyMembers ]" name="Testing the [ notBuilt ] version of [ TeamsFun ] with [ PSScriptAnalyzer.tests.ps1 ].[ TeamsFun ] module PSScriptAnalyzer tests.[ Send-TeamsPurr.ps1 ].Should pass rule [ PSAvoidInvokingEmptyMembers ](PSAvoidInvokingEmptyMembers,C:\Celerium\Projects\_API\TeamsFun\TeamsFun\Public\Cat\Send-TeamsPurr.ps1)" time="0.0406" asserts="0" success="True" result="Success" executed="True" />
                        </results>
                      </test-suite>
                    </results>
                  </test-suite>
                  <test-suite type="TestFixture" name="Testing the [ notBuilt ] version of [ TeamsFun ] with [ PSScriptAnalyzer.tests.ps1 ].[ TeamsFun ] module PSScriptAnalyzer tests.[ Send-TeamsPurr.ps1 ]" executed="True" result="Success" success="True" time="0.4739" asserts="0" description="Testing the [ notBuilt ] version of [ TeamsFun ] with [ PSScriptAnalyzer.tests.ps1 ].[ TeamsFun ] module PSScriptAnalyzer tests.[ Send-TeamsPurr.ps1 ]">
                    <results>
                      <test-suite type="ParameterizedTest" name="Testing the [ notBuilt ] version of [ TeamsFun ] with [ PSScriptAnalyzer.tests.ps1 ].[ TeamsFun ] module PSScriptAnalyzer tests.[ Send-TeamsPurr.ps1 ].Should pass rule [ PSAvoidLongLines ]" executed="True" result="Success" success="True" time="0.0402" asserts="0" description="Should pass rule [ PSAvoidLongLines ]">
                        <results>
                          <test-case description="Should pass rule [ PSAvoidLongLines ]" name="Testing the [ notBuilt ] version of [ TeamsFun ] with [ PSScriptAnalyzer.tests.ps1 ].[ TeamsFun ] module PSScriptAnalyzer tests.[ Send-TeamsPurr.ps1 ].Should pass rule [ PSAvoidLongLines ](PSAvoidLongLines,C:\Celerium\Projects\_API\TeamsFun\TeamsFun\Public\Cat\Send-TeamsPurr.ps1)" time="0.0402" asserts="0" success="True" result="Success" executed="True" />
                        </results>
                      </test-suite>
                    </results>
                  </test-suite>
                  <test-suite type="TestFixture" name="Testing the [ notBuilt ] version of [ TeamsFun ] with [ PSScriptAnalyzer.tests.ps1 ].[ TeamsFun ] module PSScriptAnalyzer tests.[ Send-TeamsPurr.ps1 ]" executed="True" result="Success" success="True" time="0.5182" asserts="0" description="Testing the [ notBuilt ] version of [ TeamsFun ] with [ PSScriptAnalyzer.tests.ps1 ].[ TeamsFun ] module PSScriptAnalyzer tests.[ Send-TeamsPurr.ps1 ]">
                    <results>
                      <test-suite type="ParameterizedTest" name="Testing the [ notBuilt ] version of [ TeamsFun ] with [ PSScriptAnalyzer.tests.ps1 ].[ TeamsFun ] module PSScriptAnalyzer tests.[ Send-TeamsPurr.ps1 ].Should pass rule [ PSAvoidMultipleTypeAttributes ]" executed="True" result="Success" success="True" time="0.0403" asserts="0" description="Should pass rule [ PSAvoidMultipleTypeAttributes ]">
                        <results>
                          <test-case description="Should pass rule [ PSAvoidMultipleTypeAttributes ]" name="Testing the [ notBuilt ] version of [ TeamsFun ] with [ PSScriptAnalyzer.tests.ps1 ].[ TeamsFun ] module PSScriptAnalyzer tests.[ Send-TeamsPurr.ps1 ].Should pass rule [ PSAvoidMultipleTypeAttributes ](PSAvoidMultipleTypeAttributes,C:\Celerium\Projects\_API\TeamsFun\TeamsFun\Public\Cat\Send-TeamsPurr.ps1)" time="0.0403" asserts="0" success="True" result="Success" executed="True" />
                        </results>
                      </test-suite>
                    </results>
                  </test-suite>
                  <test-suite type="TestFixture" name="Testing the [ notBuilt ] version of [ TeamsFun ] with [ PSScriptAnalyzer.tests.ps1 ].[ TeamsFun ] module PSScriptAnalyzer tests.[ Send-TeamsPurr.ps1 ]" executed="True" result="Success" success="True" time="0.5493" asserts="0" description="Testing the [ notBuilt ] version of [ TeamsFun ] with [ PSScriptAnalyzer.tests.ps1 ].[ TeamsFun ] module PSScriptAnalyzer tests.[ Send-TeamsPurr.ps1 ]">
                    <results>
                      <test-suite type="ParameterizedTest" name="Testing the [ notBuilt ] version of [ TeamsFun ] with [ PSScriptAnalyzer.tests.ps1 ].[ TeamsFun ] module PSScriptAnalyzer tests.[ Send-TeamsPurr.ps1 ].Should pass rule [ PSAvoidNullOrEmptyHelpMessageAttribute ]" executed="True" result="Success" success="True" time="0.027" asserts="0" description="Should pass rule [ PSAvoidNullOrEmptyHelpMessageAttribute ]">
                        <results>
                          <test-case description="Should pass rule [ PSAvoidNullOrEmptyHelpMessageAttribute ]" name="Testing the [ notBuilt ] version of [ TeamsFun ] with [ PSScriptAnalyzer.tests.ps1 ].[ TeamsFun ] module PSScriptAnalyzer tests.[ Send-TeamsPurr.ps1 ].Should pass rule [ PSAvoidNullOrEmptyHelpMessageAttribute ](PSAvoidNullOrEmptyHelpMessageAttribute,C:\Celerium\Projects\_API\TeamsFun\TeamsFun\Public\Cat\Send-TeamsPurr.ps1)" time="0.027" asserts="0" success="True" result="Success" executed="True" />
                        </results>
                      </test-suite>
                    </results>
                  </test-suite>
                  <test-suite type="TestFixture" name="Testing the [ notBuilt ] version of [ TeamsFun ] with [ PSScriptAnalyzer.tests.ps1 ].[ TeamsFun ] module PSScriptAnalyzer tests.[ Send-TeamsPurr.ps1 ]" executed="True" result="Success" success="True" time="0.6066" asserts="0" description="Testing the [ notBuilt ] version of [ TeamsFun ] with [ PSScriptAnalyzer.tests.ps1 ].[ TeamsFun ] module PSScriptAnalyzer tests.[ Send-TeamsPurr.ps1 ]">
                    <results>
                      <test-suite type="ParameterizedTest" name="Testing the [ notBuilt ] version of [ TeamsFun ] with [ PSScriptAnalyzer.tests.ps1 ].[ TeamsFun ] module PSScriptAnalyzer tests.[ Send-TeamsPurr.ps1 ].Should pass rule [ PSAvoidOverwritingBuiltInCmdlets ]" executed="True" result="Success" success="True" time="0.0528" asserts="0" description="Should pass rule [ PSAvoidOverwritingBuiltInCmdlets ]">
                        <results>
                          <test-case description="Should pass rule [ PSAvoidOverwritingBuiltInCmdlets ]" name="Testing the [ notBuilt ] version of [ TeamsFun ] with [ PSScriptAnalyzer.tests.ps1 ].[ TeamsFun ] module PSScriptAnalyzer tests.[ Send-TeamsPurr.ps1 ].Should pass rule [ PSAvoidOverwritingBuiltInCmdlets ](PSAvoidOverwritingBuiltInCmdlets,C:\Celerium\Projects\_API\TeamsFun\TeamsFun\Public\Cat\Send-TeamsPurr.ps1)" time="0.0528" asserts="0" success="True" result="Success" executed="True" />
                        </results>
                      </test-suite>
                    </results>
                  </test-suite>
                  <test-suite type="TestFixture" name="Testing the [ notBuilt ] version of [ TeamsFun ] with [ PSScriptAnalyzer.tests.ps1 ].[ TeamsFun ] module PSScriptAnalyzer tests.[ Send-TeamsPurr.ps1 ]" executed="True" result="Success" success="True" time="0.6482" asserts="0" description="Testing the [ notBuilt ] version of [ TeamsFun ] with [ PSScriptAnalyzer.tests.ps1 ].[ TeamsFun ] module PSScriptAnalyzer tests.[ Send-TeamsPurr.ps1 ]">
                    <results>
                      <test-suite type="ParameterizedTest" name="Testing the [ notBuilt ] version of [ TeamsFun ] with [ PSScriptAnalyzer.tests.ps1 ].[ TeamsFun ] module PSScriptAnalyzer tests.[ Send-TeamsPurr.ps1 ].Should pass rule [ PSAvoidUsingPositionalParameters ]" executed="True" result="Success" success="True" time="0.037" asserts="0" description="Should pass rule [ PSAvoidUsingPositionalParameters ]">
                        <results>
                          <test-case description="Should pass rule [ PSAvoidUsingPositionalParameters ]" name="Testing the [ notBuilt ] version of [ TeamsFun ] with [ PSScriptAnalyzer.tests.ps1 ].[ TeamsFun ] module PSScriptAnalyzer tests.[ Send-TeamsPurr.ps1 ].Should pass rule [ PSAvoidUsingPositionalParameters ](PSAvoidUsingPositionalParameters,C:\Celerium\Projects\_API\TeamsFun\TeamsFun\Public\Cat\Send-TeamsPurr.ps1)" time="0.037" asserts="0" success="True" result="Success" executed="True" />
                        </results>
                      </test-suite>
                    </results>
                  </test-suite>
                  <test-suite type="TestFixture" name="Testing the [ notBuilt ] version of [ TeamsFun ] with [ PSScriptAnalyzer.tests.ps1 ].[ TeamsFun ] module PSScriptAnalyzer tests.[ Send-TeamsPurr.ps1 ]" executed="True" result="Success" success="True" time="0.6704" asserts="0" description="Testing the [ notBuilt ] version of [ TeamsFun ] with [ PSScriptAnalyzer.tests.ps1 ].[ TeamsFun ] module PSScriptAnalyzer tests.[ Send-TeamsPurr.ps1 ]">
                    <results>
                      <test-suite type="ParameterizedTest" name="Testing the [ notBuilt ] version of [ TeamsFun ] with [ PSScriptAnalyzer.tests.ps1 ].[ TeamsFun ] module PSScriptAnalyzer tests.[ Send-TeamsPurr.ps1 ].Should pass rule [ PSReservedCmdletChar ]" executed="True" result="Success" success="True" time="0.0178" asserts="0" description="Should pass rule [ PSReservedCmdletChar ]">
                        <results>
                          <test-case description="Should pass rule [ PSReservedCmdletChar ]" name="Testing the [ notBuilt ] version of [ TeamsFun ] with [ PSScriptAnalyzer.tests.ps1 ].[ TeamsFun ] module PSScriptAnalyzer tests.[ Send-TeamsPurr.ps1 ].Should pass rule [ PSReservedCmdletChar ](PSReservedCmdletChar,C:\Celerium\Projects\_API\TeamsFun\TeamsFun\Public\Cat\Send-TeamsPurr.ps1)" time="0.0178" asserts="0" success="True" result="Success" executed="True" />
                        </results>
                      </test-suite>
                    </results>
                  </test-suite>
                  <test-suite type="TestFixture" name="Testing the [ notBuilt ] version of [ TeamsFun ] with [ PSScriptAnalyzer.tests.ps1 ].[ TeamsFun ] module PSScriptAnalyzer tests.[ Send-TeamsPurr.ps1 ]" executed="True" result="Success" success="True" time="0.6921" asserts="0" description="Testing the [ notBuilt ] version of [ TeamsFun ] with [ PSScriptAnalyzer.tests.ps1 ].[ TeamsFun ] module PSScriptAnalyzer tests.[ Send-TeamsPurr.ps1 ]">
                    <results>
                      <test-suite type="ParameterizedTest" name="Testing the [ notBuilt ] version of [ TeamsFun ] with [ PSScriptAnalyzer.tests.ps1 ].[ TeamsFun ] module PSScriptAnalyzer tests.[ Send-TeamsPurr.ps1 ].Should pass rule [ PSReservedParams ]" executed="True" result="Success" success="True" time="0.0171" asserts="0" description="Should pass rule [ PSReservedParams ]">
                        <results>
                          <test-case description="Should pass rule [ PSReservedParams ]" name="Testing the [ notBuilt ] version of [ TeamsFun ] with [ PSScriptAnalyzer.tests.ps1 ].[ TeamsFun ] module PSScriptAnalyzer tests.[ Send-TeamsPurr.ps1 ].Should pass rule [ PSReservedParams ](PSReservedParams,C:\Celerium\Projects\_API\TeamsFun\TeamsFun\Public\Cat\Send-TeamsPurr.ps1)" time="0.0171" asserts="0" success="True" result="Success" executed="True" />
                        </results>
                      </test-suite>
                    </results>
                  </test-suite>
                  <test-suite type="TestFixture" name="Testing the [ notBuilt ] version of [ TeamsFun ] with [ PSScriptAnalyzer.tests.ps1 ].[ TeamsFun ] module PSScriptAnalyzer tests.[ Send-TeamsPurr.ps1 ]" executed="True" result="Success" success="True" time="0.7134" asserts="0" description="Testing the [ notBuilt ] version of [ TeamsFun ] with [ PSScriptAnalyzer.tests.ps1 ].[ TeamsFun ] module PSScriptAnalyzer tests.[ Send-TeamsPurr.ps1 ]">
                    <results>
                      <test-suite type="ParameterizedTest" name="Testing the [ notBuilt ] version of [ TeamsFun ] with [ PSScriptAnalyzer.tests.ps1 ].[ TeamsFun ] module PSScriptAnalyzer tests.[ Send-TeamsPurr.ps1 ].Should pass rule [ PSAvoidSemicolonsAsLineTerminators ]" executed="True" result="Success" success="True" time="0.0168" asserts="0" description="Should pass rule [ PSAvoidSemicolonsAsLineTerminators ]">
                        <results>
                          <test-case description="Should pass rule [ PSAvoidSemicolonsAsLineTerminators ]" name="Testing the [ notBuilt ] version of [ TeamsFun ] with [ PSScriptAnalyzer.tests.ps1 ].[ TeamsFun ] module PSScriptAnalyzer tests.[ Send-TeamsPurr.ps1 ].Should pass rule [ PSAvoidSemicolonsAsLineTerminators ](PSAvoidSemicolonsAsLineTerminators,C:\Celerium\Projects\_API\TeamsFun\TeamsFun\Public\Cat\Send-TeamsPurr.ps1)" time="0.0168" asserts="0" success="True" result="Success" executed="True" />
                        </results>
                      </test-suite>
                    </results>
                  </test-suite>
                  <test-suite type="TestFixture" name="Testing the [ notBuilt ] version of [ TeamsFun ] with [ PSScriptAnalyzer.tests.ps1 ].[ TeamsFun ] module PSScriptAnalyzer tests.[ Send-TeamsPurr.ps1 ]" executed="True" result="Success" success="True" time="0.7348" asserts="0" description="Testing the [ notBuilt ] version of [ TeamsFun ] with [ PSScriptAnalyzer.tests.ps1 ].[ TeamsFun ] module PSScriptAnalyzer tests.[ Send-TeamsPurr.ps1 ]">
                    <results>
                      <test-suite type="ParameterizedTest" name="Testing the [ notBuilt ] version of [ TeamsFun ] with [ PSScriptAnalyzer.tests.ps1 ].[ TeamsFun ] module PSScriptAnalyzer tests.[ Send-TeamsPurr.ps1 ].Should pass rule [ PSAvoidShouldContinueWithoutForce ]" executed="True" result="Success" success="True" time="0.017" asserts="0" description="Should pass rule [ PSAvoidShouldContinueWithoutForce ]">
                        <results>
                          <test-case description="Should pass rule [ PSAvoidShouldContinueWithoutForce ]" name="Testing the [ notBuilt ] version of [ TeamsFun ] with [ PSScriptAnalyzer.tests.ps1 ].[ TeamsFun ] module PSScriptAnalyzer tests.[ Send-TeamsPurr.ps1 ].Should pass rule [ PSAvoidShouldContinueWithoutForce ](PSAvoidShouldContinueWithoutForce,C:\Celerium\Projects\_API\TeamsFun\TeamsFun\Public\Cat\Send-TeamsPurr.ps1)" time="0.017" asserts="0" success="True" result="Success" executed="True" />
                        </results>
                      </test-suite>
                    </results>
                  </test-suite>
                  <test-suite type="TestFixture" name="Testing the [ notBuilt ] version of [ TeamsFun ] with [ PSScriptAnalyzer.tests.ps1 ].[ TeamsFun ] module PSScriptAnalyzer tests.[ Send-TeamsPurr.ps1 ]" executed="True" result="Success" success="True" time="0.7569" asserts="0" description="Testing the [ notBuilt ] version of [ TeamsFun ] with [ PSScriptAnalyzer.tests.ps1 ].[ TeamsFun ] module PSScriptAnalyzer tests.[ Send-TeamsPurr.ps1 ]">
                    <results>
                      <test-suite type="ParameterizedTest" name="Testing the [ notBuilt ] version of [ TeamsFun ] with [ PSScriptAnalyzer.tests.ps1 ].[ TeamsFun ] module PSScriptAnalyzer tests.[ Send-TeamsPurr.ps1 ].Should pass rule [ PSAvoidTrailingWhitespace ]" executed="True" result="Success" success="True" time="0.0174" asserts="0" description="Should pass rule [ PSAvoidTrailingWhitespace ]">
                        <results>
                          <test-case description="Should pass rule [ PSAvoidTrailingWhitespace ]" name="Testing the [ notBuilt ] version of [ TeamsFun ] with [ PSScriptAnalyzer.tests.ps1 ].[ TeamsFun ] module PSScriptAnalyzer tests.[ Send-TeamsPurr.ps1 ].Should pass rule [ PSAvoidTrailingWhitespace ](PSAvoidTrailingWhitespace,C:\Celerium\Projects\_API\TeamsFun\TeamsFun\Public\Cat\Send-TeamsPurr.ps1)" time="0.0174" asserts="0" success="True" result="Success" executed="True" />
                        </results>
                      </test-suite>
                    </results>
                  </test-suite>
                  <test-suite type="TestFixture" name="Testing the [ notBuilt ] version of [ TeamsFun ] with [ PSScriptAnalyzer.tests.ps1 ].[ TeamsFun ] module PSScriptAnalyzer tests.[ Send-TeamsPurr.ps1 ]" executed="True" result="Success" success="True" time="0.7785" asserts="0" description="Testing the [ notBuilt ] version of [ TeamsFun ] with [ PSScriptAnalyzer.tests.ps1 ].[ TeamsFun ] module PSScriptAnalyzer tests.[ Send-TeamsPurr.ps1 ]">
                    <results>
                      <test-suite type="ParameterizedTest" name="Testing the [ notBuilt ] version of [ TeamsFun ] with [ PSScriptAnalyzer.tests.ps1 ].[ TeamsFun ] module PSScriptAnalyzer tests.[ Send-TeamsPurr.ps1 ].Should pass rule [ PSAvoidUsingUsernameAndPasswordParams ]" executed="True" result="Success" success="True" time="0.017" asserts="0" description="Should pass rule [ PSAvoidUsingUsernameAndPasswordParams ]">
                        <results>
                          <test-case description="Should pass rule [ PSAvoidUsingUsernameAndPasswordParams ]" name="Testing the [ notBuilt ] version of [ TeamsFun ] with [ PSScriptAnalyzer.tests.ps1 ].[ TeamsFun ] module PSScriptAnalyzer tests.[ Send-TeamsPurr.ps1 ].Should pass rule [ PSAvoidUsingUsernameAndPasswordParams ](PSAvoidUsingUsernameAndPasswordParams,C:\Celerium\Projects\_API\TeamsFun\TeamsFun\Public\Cat\Send-TeamsPurr.ps1)" time="0.017" asserts="0" success="True" result="Success" executed="True" />
                        </results>
                      </test-suite>
                    </results>
                  </test-suite>
                  <test-suite type="TestFixture" name="Testing the [ notBuilt ] version of [ TeamsFun ] with [ PSScriptAnalyzer.tests.ps1 ].[ TeamsFun ] module PSScriptAnalyzer tests.[ Send-TeamsPurr.ps1 ]" executed="True" result="Success" success="True" time="0.8001" asserts="0" description="Testing the [ notBuilt ] version of [ TeamsFun ] with [ PSScriptAnalyzer.tests.ps1 ].[ TeamsFun ] module PSScriptAnalyzer tests.[ Send-TeamsPurr.ps1 ]">
                    <results>
                      <test-suite type="ParameterizedTest" name="Testing the [ notBuilt ] version of [ TeamsFun ] with [ PSScriptAnalyzer.tests.ps1 ].[ TeamsFun ] module PSScriptAnalyzer tests.[ Send-TeamsPurr.ps1 ].Should pass rule [ PSAvoidUsingAllowUnencryptedAuthentication ]" executed="True" result="Success" success="True" time="0.0172" asserts="0" description="Should pass rule [ PSAvoidUsingAllowUnencryptedAuthentication ]">
                        <results>
                          <test-case description="Should pass rule [ PSAvoidUsingAllowUnencryptedAuthentication ]" name="Testing the [ notBuilt ] version of [ TeamsFun ] with [ PSScriptAnalyzer.tests.ps1 ].[ TeamsFun ] module PSScriptAnalyzer tests.[ Send-TeamsPurr.ps1 ].Should pass rule [ PSAvoidUsingAllowUnencryptedAuthentication ](PSAvoidUsingAllowUnencryptedAuthentication,C:\Celerium\Projects\_API\TeamsFun\TeamsFun\Public\Cat\Send-TeamsPurr.ps1)" time="0.0172" asserts="0" success="True" result="Success" executed="True" />
                        </results>
                      </test-suite>
                    </results>
                  </test-suite>
                  <test-suite type="TestFixture" name="Testing the [ notBuilt ] version of [ TeamsFun ] with [ PSScriptAnalyzer.tests.ps1 ].[ TeamsFun ] module PSScriptAnalyzer tests.[ Send-TeamsPurr.ps1 ]" executed="True" result="Success" success="True" time="0.8222" asserts="0" description="Testing the [ notBuilt ] version of [ TeamsFun ] with [ PSScriptAnalyzer.tests.ps1 ].[ TeamsFun ] module PSScriptAnalyzer tests.[ Send-TeamsPurr.ps1 ]">
                    <results>
                      <test-suite type="ParameterizedTest" name="Testing the [ notBuilt ] version of [ TeamsFun ] with [ PSScriptAnalyzer.tests.ps1 ].[ TeamsFun ] module PSScriptAnalyzer tests.[ Send-TeamsPurr.ps1 ].Should pass rule [ PSAvoidUsingBrokenHashAlgorithms ]" executed="True" result="Success" success="True" time="0.0173" asserts="0" description="Should pass rule [ PSAvoidUsingBrokenHashAlgorithms ]">
                        <results>
                          <test-case description="Should pass rule [ PSAvoidUsingBrokenHashAlgorithms ]" name="Testing the [ notBuilt ] version of [ TeamsFun ] with [ PSScriptAnalyzer.tests.ps1 ].[ TeamsFun ] module PSScriptAnalyzer tests.[ Send-TeamsPurr.ps1 ].Should pass rule [ PSAvoidUsingBrokenHashAlgorithms ](PSAvoidUsingBrokenHashAlgorithms,C:\Celerium\Projects\_API\TeamsFun\TeamsFun\Public\Cat\Send-TeamsPurr.ps1)" time="0.0173" asserts="0" success="True" result="Success" executed="True" />
                        </results>
                      </test-suite>
                    </results>
                  </test-suite>
                  <test-suite type="TestFixture" name="Testing the [ notBuilt ] version of [ TeamsFun ] with [ PSScriptAnalyzer.tests.ps1 ].[ TeamsFun ] module PSScriptAnalyzer tests.[ Send-TeamsPurr.ps1 ]" executed="True" result="Success" success="True" time="0.8442" asserts="0" description="Testing the [ notBuilt ] version of [ TeamsFun ] with [ PSScriptAnalyzer.tests.ps1 ].[ TeamsFun ] module PSScriptAnalyzer tests.[ Send-TeamsPurr.ps1 ]">
                    <results>
                      <test-suite type="ParameterizedTest" name="Testing the [ notBuilt ] version of [ TeamsFun ] with [ PSScriptAnalyzer.tests.ps1 ].[ TeamsFun ] module PSScriptAnalyzer tests.[ Send-TeamsPurr.ps1 ].Should pass rule [ PSAvoidUsingComputerNameHardcoded ]" executed="True" result="Success" success="True" time="0.0174" asserts="0" description="Should pass rule [ PSAvoidUsingComputerNameHardcoded ]">
                        <results>
                          <test-case description="Should pass rule [ PSAvoidUsingComputerNameHardcoded ]" name="Testing the [ notBuilt ] version of [ TeamsFun ] with [ PSScriptAnalyzer.tests.ps1 ].[ TeamsFun ] module PSScriptAnalyzer tests.[ Send-TeamsPurr.ps1 ].Should pass rule [ PSAvoidUsingComputerNameHardcoded ](PSAvoidUsingComputerNameHardcoded,C:\Celerium\Projects\_API\TeamsFun\TeamsFun\Public\Cat\Send-TeamsPurr.ps1)" time="0.0174" asserts="0" success="True" result="Success" executed="True" />
                        </results>
                      </test-suite>
                    </results>
                  </test-suite>
                  <test-suite type="TestFixture" name="Testing the [ notBuilt ] version of [ TeamsFun ] with [ PSScriptAnalyzer.tests.ps1 ].[ TeamsFun ] module PSScriptAnalyzer tests.[ Send-TeamsPurr.ps1 ]" executed="True" result="Success" success="True" time="0.8655" asserts="0" description="Testing the [ notBuilt ] version of [ TeamsFun ] with [ PSScriptAnalyzer.tests.ps1 ].[ TeamsFun ] module PSScriptAnalyzer tests.[ Send-TeamsPurr.ps1 ]">
                    <results>
                      <test-suite type="ParameterizedTest" name="Testing the [ notBuilt ] version of [ TeamsFun ] with [ PSScriptAnalyzer.tests.ps1 ].[ TeamsFun ] module PSScriptAnalyzer tests.[ Send-TeamsPurr.ps1 ].Should pass rule [ PSAvoidUsingConvertToSecureStringWithPlainText ]" executed="True" result="Success" success="True" time="0.0169" asserts="0" description="Should pass rule [ PSAvoidUsingConvertToSecureStringWithPlainText ]">
                        <results>
                          <test-case description="Should pass rule [ PSAvoidUsingConvertToSecureStringWithPlainText ]" name="Testing the [ notBuilt ] version of [ TeamsFun ] with [ PSScriptAnalyzer.tests.ps1 ].[ TeamsFun ] module PSScriptAnalyzer tests.[ Send-TeamsPurr.ps1 ].Should pass rule [ PSAvoidUsingConvertToSecureStringWithPlainText ](PSAvoidUsingConvertToSecureStringWithPlainText,C:\Celerium\Projects\_API\TeamsFun\TeamsFun\Public\Cat\Send-TeamsPurr.ps1)" time="0.0169" asserts="0" success="True" result="Success" executed="True" />
                        </results>
                      </test-suite>
                    </results>
                  </test-suite>
                  <test-suite type="TestFixture" name="Testing the [ notBuilt ] version of [ TeamsFun ] with [ PSScriptAnalyzer.tests.ps1 ].[ TeamsFun ] module PSScriptAnalyzer tests.[ Send-TeamsPurr.ps1 ]" executed="True" result="Success" success="True" time="0.887" asserts="0" description="Testing the [ notBuilt ] version of [ TeamsFun ] with [ PSScriptAnalyzer.tests.ps1 ].[ TeamsFun ] module PSScriptAnalyzer tests.[ Send-TeamsPurr.ps1 ]">
                    <results>
                      <test-suite type="ParameterizedTest" name="Testing the [ notBuilt ] version of [ TeamsFun ] with [ PSScriptAnalyzer.tests.ps1 ].[ TeamsFun ] module PSScriptAnalyzer tests.[ Send-TeamsPurr.ps1 ].Should pass rule [ PSAvoidUsingDeprecatedManifestFields ]" executed="True" result="Success" success="True" time="0.0171" asserts="0" description="Should pass rule [ PSAvoidUsingDeprecatedManifestFields ]">
                        <results>
                          <test-case description="Should pass rule [ PSAvoidUsingDeprecatedManifestFields ]" name="Testing the [ notBuilt ] version of [ TeamsFun ] with [ PSScriptAnalyzer.tests.ps1 ].[ TeamsFun ] module PSScriptAnalyzer tests.[ Send-TeamsPurr.ps1 ].Should pass rule [ PSAvoidUsingDeprecatedManifestFields ](PSAvoidUsingDeprecatedManifestFields,C:\Celerium\Projects\_API\TeamsFun\TeamsFun\Public\Cat\Send-TeamsPurr.ps1)" time="0.0171" asserts="0" success="True" result="Success" executed="True" />
                        </results>
                      </test-suite>
                    </results>
                  </test-suite>
                  <test-suite type="TestFixture" name="Testing the [ notBuilt ] version of [ TeamsFun ] with [ PSScriptAnalyzer.tests.ps1 ].[ TeamsFun ] module PSScriptAnalyzer tests.[ Send-TeamsPurr.ps1 ]" executed="True" result="Success" success="True" time="0.9089" asserts="0" description="Testing the [ notBuilt ] version of [ TeamsFun ] with [ PSScriptAnalyzer.tests.ps1 ].[ TeamsFun ] module PSScriptAnalyzer tests.[ Send-TeamsPurr.ps1 ]">
                    <results>
                      <test-suite type="ParameterizedTest" name="Testing the [ notBuilt ] version of [ TeamsFun ] with [ PSScriptAnalyzer.tests.ps1 ].[ TeamsFun ] module PSScriptAnalyzer tests.[ Send-TeamsPurr.ps1 ].Should pass rule [ PSAvoidUsingDoubleQuotesForConstantString ]" executed="True" result="Success" success="True" time="0.0171" asserts="0" description="Should pass rule [ PSAvoidUsingDoubleQuotesForConstantString ]">
                        <results>
                          <test-case description="Should pass rule [ PSAvoidUsingDoubleQuotesForConstantString ]" name="Testing the [ notBuilt ] version of [ TeamsFun ] with [ PSScriptAnalyzer.tests.ps1 ].[ TeamsFun ] module PSScriptAnalyzer tests.[ Send-TeamsPurr.ps1 ].Should pass rule [ PSAvoidUsingDoubleQuotesForConstantString ](PSAvoidUsingDoubleQuotesForConstantString,C:\Celerium\Projects\_API\TeamsFun\TeamsFun\Public\Cat\Send-TeamsPurr.ps1)" time="0.0171" asserts="0" success="True" result="Success" executed="True" />
                        </results>
                      </test-suite>
                    </results>
                  </test-suite>
                  <test-suite type="TestFixture" name="Testing the [ notBuilt ] version of [ TeamsFun ] with [ PSScriptAnalyzer.tests.ps1 ].[ TeamsFun ] module PSScriptAnalyzer tests.[ Send-TeamsPurr.ps1 ]" executed="True" result="Success" success="True" time="0.9307" asserts="0" description="Testing the [ notBuilt ] version of [ TeamsFun ] with [ PSScriptAnalyzer.tests.ps1 ].[ TeamsFun ] module PSScriptAnalyzer tests.[ Send-TeamsPurr.ps1 ]">
                    <results>
                      <test-suite type="ParameterizedTest" name="Testing the [ notBuilt ] version of [ TeamsFun ] with [ PSScriptAnalyzer.tests.ps1 ].[ TeamsFun ] module PSScriptAnalyzer tests.[ Send-TeamsPurr.ps1 ].Should pass rule [ PSAvoidUsingInvokeExpression ]" executed="True" result="Success" success="True" time="0.0172" asserts="0" description="Should pass rule [ PSAvoidUsingInvokeExpression ]">
                        <results>
                          <test-case description="Should pass rule [ PSAvoidUsingInvokeExpression ]" name="Testing the [ notBuilt ] version of [ TeamsFun ] with [ PSScriptAnalyzer.tests.ps1 ].[ TeamsFun ] module PSScriptAnalyzer tests.[ Send-TeamsPurr.ps1 ].Should pass rule [ PSAvoidUsingInvokeExpression ](PSAvoidUsingInvokeExpression,C:\Celerium\Projects\_API\TeamsFun\TeamsFun\Public\Cat\Send-TeamsPurr.ps1)" time="0.0172" asserts="0" success="True" result="Success" executed="True" />
                        </results>
                      </test-suite>
                    </results>
                  </test-suite>
                  <test-suite type="TestFixture" name="Testing the [ notBuilt ] version of [ TeamsFun ] with [ PSScriptAnalyzer.tests.ps1 ].[ TeamsFun ] module PSScriptAnalyzer tests.[ Send-TeamsPurr.ps1 ]" executed="True" result="Success" success="True" time="0.9522" asserts="0" description="Testing the [ notBuilt ] version of [ TeamsFun ] with [ PSScriptAnalyzer.tests.ps1 ].[ TeamsFun ] module PSScriptAnalyzer tests.[ Send-TeamsPurr.ps1 ]">
                    <results>
                      <test-suite type="ParameterizedTest" name="Testing the [ notBuilt ] version of [ TeamsFun ] with [ PSScriptAnalyzer.tests.ps1 ].[ TeamsFun ] module PSScriptAnalyzer tests.[ Send-TeamsPurr.ps1 ].Should pass rule [ PSAvoidUsingPlainTextForPassword ]" executed="True" result="Success" success="True" time="0.0171" asserts="0" description="Should pass rule [ PSAvoidUsingPlainTextForPassword ]">
                        <results>
                          <test-case description="Should pass rule [ PSAvoidUsingPlainTextForPassword ]" name="Testing the [ notBuilt ] version of [ TeamsFun ] with [ PSScriptAnalyzer.tests.ps1 ].[ TeamsFun ] module PSScriptAnalyzer tests.[ Send-TeamsPurr.ps1 ].Should pass rule [ PSAvoidUsingPlainTextForPassword ](PSAvoidUsingPlainTextForPassword,C:\Celerium\Projects\_API\TeamsFun\TeamsFun\Public\Cat\Send-TeamsPurr.ps1)" time="0.0171" asserts="0" success="True" result="Success" executed="True" />
                        </results>
                      </test-suite>
                    </results>
                  </test-suite>
                  <test-suite type="TestFixture" name="Testing the [ notBuilt ] version of [ TeamsFun ] with [ PSScriptAnalyzer.tests.ps1 ].[ TeamsFun ] module PSScriptAnalyzer tests.[ Send-TeamsPurr.ps1 ]" executed="True" result="Success" success="True" time="0.9738" asserts="0" description="Testing the [ notBuilt ] version of [ TeamsFun ] with [ PSScriptAnalyzer.tests.ps1 ].[ TeamsFun ] module PSScriptAnalyzer tests.[ Send-TeamsPurr.ps1 ]">
                    <results>
                      <test-suite type="ParameterizedTest" name="Testing the [ notBuilt ] version of [ TeamsFun ] with [ PSScriptAnalyzer.tests.ps1 ].[ TeamsFun ] module PSScriptAnalyzer tests.[ Send-TeamsPurr.ps1 ].Should pass rule [ PSAvoidUsingWMICmdlet ]" executed="True" result="Success" success="True" time="0.017" asserts="0" description="Should pass rule [ PSAvoidUsingWMICmdlet ]">
                        <results>
                          <test-case description="Should pass rule [ PSAvoidUsingWMICmdlet ]" name="Testing the [ notBuilt ] version of [ TeamsFun ] with [ PSScriptAnalyzer.tests.ps1 ].[ TeamsFun ] module PSScriptAnalyzer tests.[ Send-TeamsPurr.ps1 ].Should pass rule [ PSAvoidUsingWMICmdlet ](PSAvoidUsingWMICmdlet,C:\Celerium\Projects\_API\TeamsFun\TeamsFun\Public\Cat\Send-TeamsPurr.ps1)" time="0.017" asserts="0" success="True" result="Success" executed="True" />
                        </results>
                      </test-suite>
                    </results>
                  </test-suite>
                  <test-suite type="TestFixture" name="Testing the [ notBuilt ] version of [ TeamsFun ] with [ PSScriptAnalyzer.tests.ps1 ].[ TeamsFun ] module PSScriptAnalyzer tests.[ Send-TeamsPurr.ps1 ]" executed="True" result="Success" success="True" time="0.9957" asserts="0" description="Testing the [ notBuilt ] version of [ TeamsFun ] with [ PSScriptAnalyzer.tests.ps1 ].[ TeamsFun ] module PSScriptAnalyzer tests.[ Send-TeamsPurr.ps1 ]">
                    <results>
                      <test-suite type="ParameterizedTest" name="Testing the [ notBuilt ] version of [ TeamsFun ] with [ PSScriptAnalyzer.tests.ps1 ].[ TeamsFun ] module PSScriptAnalyzer tests.[ Send-TeamsPurr.ps1 ].Should pass rule [ PSAvoidUsingWriteHost ]" executed="True" result="Success" success="True" time="0.0173" asserts="0" description="Should pass rule [ PSAvoidUsingWriteHost ]">
                        <results>
                          <test-case description="Should pass rule [ PSAvoidUsingWriteHost ]" name="Testing the [ notBuilt ] version of [ TeamsFun ] with [ PSScriptAnalyzer.tests.ps1 ].[ TeamsFun ] module PSScriptAnalyzer tests.[ Send-TeamsPurr.ps1 ].Should pass rule [ PSAvoidUsingWriteHost ](PSAvoidUsingWriteHost,C:\Celerium\Projects\_API\TeamsFun\TeamsFun\Public\Cat\Send-TeamsPurr.ps1)" time="0.0173" asserts="0" success="True" result="Success" executed="True" />
                        </results>
                      </test-suite>
                    </results>
                  </test-suite>
                  <test-suite type="TestFixture" name="Testing the [ notBuilt ] version of [ TeamsFun ] with [ PSScriptAnalyzer.tests.ps1 ].[ TeamsFun ] module PSScriptAnalyzer tests.[ Send-TeamsPurr.ps1 ]" executed="True" result="Success" success="True" time="1.0289" asserts="0" description="Testing the [ notBuilt ] version of [ TeamsFun ] with [ PSScriptAnalyzer.tests.ps1 ].[ TeamsFun ] module PSScriptAnalyzer tests.[ Send-TeamsPurr.ps1 ]">
                    <results>
                      <test-suite type="ParameterizedTest" name="Testing the [ notBuilt ] version of [ TeamsFun ] with [ PSScriptAnalyzer.tests.ps1 ].[ TeamsFun ] module PSScriptAnalyzer tests.[ Send-TeamsPurr.ps1 ].Should pass rule [ PSUseCompatibleCommands ]" executed="True" result="Success" success="True" time="0.017" asserts="0" description="Should pass rule [ PSUseCompatibleCommands ]">
                        <results>
                          <test-case description="Should pass rule [ PSUseCompatibleCommands ]" name="Testing the [ notBuilt ] version of [ TeamsFun ] with [ PSScriptAnalyzer.tests.ps1 ].[ TeamsFun ] module PSScriptAnalyzer tests.[ Send-TeamsPurr.ps1 ].Should pass rule [ PSUseCompatibleCommands ](PSUseCompatibleCommands,C:\Celerium\Projects\_API\TeamsFun\TeamsFun\Public\Cat\Send-TeamsPurr.ps1)" time="0.017" asserts="0" success="True" result="Success" executed="True" />
                        </results>
                      </test-suite>
                    </results>
                  </test-suite>
                  <test-suite type="TestFixture" name="Testing the [ notBuilt ] version of [ TeamsFun ] with [ PSScriptAnalyzer.tests.ps1 ].[ TeamsFun ] module PSScriptAnalyzer tests.[ Send-TeamsPurr.ps1 ]" executed="True" result="Success" success="True" time="1.0723" asserts="0" description="Testing the [ notBuilt ] version of [ TeamsFun ] with [ PSScriptAnalyzer.tests.ps1 ].[ TeamsFun ] module PSScriptAnalyzer tests.[ Send-TeamsPurr.ps1 ]">
                    <results>
                      <test-suite type="ParameterizedTest" name="Testing the [ notBuilt ] version of [ TeamsFun ] with [ PSScriptAnalyzer.tests.ps1 ].[ TeamsFun ] module PSScriptAnalyzer tests.[ Send-TeamsPurr.ps1 ].Should pass rule [ PSUseCompatibleSyntax ]" executed="True" result="Success" success="True" time="0.0393" asserts="0" description="Should pass rule [ PSUseCompatibleSyntax ]">
                        <results>
                          <test-case description="Should pass rule [ PSUseCompatibleSyntax ]" name="Testing the [ notBuilt ] version of [ TeamsFun ] with [ PSScriptAnalyzer.tests.ps1 ].[ TeamsFun ] module PSScriptAnalyzer tests.[ Send-TeamsPurr.ps1 ].Should pass rule [ PSUseCompatibleSyntax ](PSUseCompatibleSyntax,C:\Celerium\Projects\_API\TeamsFun\TeamsFun\Public\Cat\Send-TeamsPurr.ps1)" time="0.0393" asserts="0" success="True" result="Success" executed="True" />
                        </results>
                      </test-suite>
                    </results>
                  </test-suite>
                  <test-suite type="TestFixture" name="Testing the [ notBuilt ] version of [ TeamsFun ] with [ PSScriptAnalyzer.tests.ps1 ].[ TeamsFun ] module PSScriptAnalyzer tests.[ Send-TeamsPurr.ps1 ]" executed="True" result="Success" success="True" time="1.1172" asserts="0" description="Testing the [ notBuilt ] version of [ TeamsFun ] with [ PSScriptAnalyzer.tests.ps1 ].[ TeamsFun ] module PSScriptAnalyzer tests.[ Send-TeamsPurr.ps1 ]">
                    <results>
                      <test-suite type="ParameterizedTest" name="Testing the [ notBuilt ] version of [ TeamsFun ] with [ PSScriptAnalyzer.tests.ps1 ].[ TeamsFun ] module PSScriptAnalyzer tests.[ Send-TeamsPurr.ps1 ].Should pass rule [ PSUseCompatibleTypes ]" executed="True" result="Success" success="True" time="0.0409" asserts="0" description="Should pass rule [ PSUseCompatibleTypes ]">
                        <results>
                          <test-case description="Should pass rule [ PSUseCompatibleTypes ]" name="Testing the [ notBuilt ] version of [ TeamsFun ] with [ PSScriptAnalyzer.tests.ps1 ].[ TeamsFun ] module PSScriptAnalyzer tests.[ Send-TeamsPurr.ps1 ].Should pass rule [ PSUseCompatibleTypes ](PSUseCompatibleTypes,C:\Celerium\Projects\_API\TeamsFun\TeamsFun\Public\Cat\Send-TeamsPurr.ps1)" time="0.0409" asserts="0" success="True" result="Success" executed="True" />
                        </results>
                      </test-suite>
                    </results>
                  </test-suite>
                  <test-suite type="TestFixture" name="Testing the [ notBuilt ] version of [ TeamsFun ] with [ PSScriptAnalyzer.tests.ps1 ].[ TeamsFun ] module PSScriptAnalyzer tests.[ Send-TeamsPurr.ps1 ]" executed="True" result="Success" success="True" time="1.1628" asserts="0" description="Testing the [ notBuilt ] version of [ TeamsFun ] with [ PSScriptAnalyzer.tests.ps1 ].[ TeamsFun ] module PSScriptAnalyzer tests.[ Send-TeamsPurr.ps1 ]">
                    <results>
                      <test-suite type="ParameterizedTest" name="Testing the [ notBuilt ] version of [ TeamsFun ] with [ PSScriptAnalyzer.tests.ps1 ].[ TeamsFun ] module PSScriptAnalyzer tests.[ Send-TeamsPurr.ps1 ].Should pass rule [ PSMisleadingBacktick ]" executed="True" result="Success" success="True" time="0.0415" asserts="0" description="Should pass rule [ PSMisleadingBacktick ]">
                        <results>
                          <test-case description="Should pass rule [ PSMisleadingBacktick ]" name="Testing the [ notBuilt ] version of [ TeamsFun ] with [ PSScriptAnalyzer.tests.ps1 ].[ TeamsFun ] module PSScriptAnalyzer tests.[ Send-TeamsPurr.ps1 ].Should pass rule [ PSMisleadingBacktick ](PSMisleadingBacktick,C:\Celerium\Projects\_API\TeamsFun\TeamsFun\Public\Cat\Send-TeamsPurr.ps1)" time="0.0415" asserts="0" success="True" result="Success" executed="True" />
                        </results>
                      </test-suite>
                    </results>
                  </test-suite>
[...]
                        </results>
                      </test-suite>
                    </results>
                  </test-suite>
                  <test-suite type="TestFixture" name="Testing the [ notBuilt ] version of [ TeamsFun ] with [ PSScriptAnalyzer.tests.ps1 ].[ TeamsFun ] module PSScriptAnalyzer tests.[ TeamsFun.psm1 ]" executed="True" result="Success" success="True" time="2.8285" asserts="0" description="Testing the [ notBuilt ] version of [ TeamsFun ] with [ PSScriptAnalyzer.tests.ps1 ].[ TeamsFun ] module PSScriptAnalyzer tests.[ TeamsFun.psm1 ]">
                    <results>
                      <test-suite type="ParameterizedTest" name="Testing the [ notBuilt ] version of [ TeamsFun ] with [ PSScriptAnalyzer.tests.ps1 ].[ TeamsFun ] module PSScriptAnalyzer tests.[ TeamsFun.psm1 ].Should pass rule [ PSDSCDscExamplesPresent ]" executed="True" result="Success" success="True" time="0.0424" asserts="0" description="Should pass rule [ PSDSCDscExamplesPresent ]">
                        <results>
                          <test-case description="Should pass rule [ PSDSCDscExamplesPresent ]" name="Testing the [ notBuilt ] version of [ TeamsFun ] with [ PSScriptAnalyzer.tests.ps1 ].[ TeamsFun ] module PSScriptAnalyzer tests.[ TeamsFun.psm1 ].Should pass rule [ PSDSCDscExamplesPresent ](PSDSCDscExamplesPresent,C:\Celerium\Projects\_API\TeamsFun\TeamsFun\TeamsFun.psm1)" time="0.0424" asserts="0" success="True" result="Success" executed="True" />
                        </results>
                      </test-suite>
                    </results>
                  </test-suite>
                  <test-suite type="TestFixture" name="Testing the [ notBuilt ] version of [ TeamsFun ] with [ PSScriptAnalyzer.tests.ps1 ].[ TeamsFun ] module PSScriptAnalyzer tests.[ TeamsFun.psm1 ]" executed="True" result="Success" success="True" time="2.8708" asserts="0" description="Testing the [ notBuilt ] version of [ TeamsFun ] with [ PSScriptAnalyzer.tests.ps1 ].[ TeamsFun ] module PSScriptAnalyzer tests.[ TeamsFun.psm1 ]">
                    <results>
                      <test-suite type="ParameterizedTest" name="Testing the [ notBuilt ] version of [ TeamsFun ] with [ PSScriptAnalyzer.tests.ps1 ].[ TeamsFun ] module PSScriptAnalyzer tests.[ TeamsFun.psm1 ].Should pass rule [ PSDSCDscTestsPresent ]" executed="True" result="Success" success="True" time="0.0383" asserts="0" description="Should pass rule [ PSDSCDscTestsPresent ]">
                        <results>
                          <test-case description="Should pass rule [ PSDSCDscTestsPresent ]" name="Testing the [ notBuilt ] version of [ TeamsFun ] with [ PSScriptAnalyzer.tests.ps1 ].[ TeamsFun ] module PSScriptAnalyzer tests.[ TeamsFun.psm1 ].Should pass rule [ PSDSCDscTestsPresent ](PSDSCDscTestsPresent,C:\Celerium\Projects\_API\TeamsFun\TeamsFun\TeamsFun.psm1)" time="0.0383" asserts="0" success="True" result="Success" executed="True" />
                        </results>
                      </test-suite>
                    </results>
                  </test-suite>
                  <test-suite type="TestFixture" name="Testing the [ notBuilt ] version of [ TeamsFun ] with [ PSScriptAnalyzer.tests.ps1 ].[ TeamsFun ] module PSScriptAnalyzer tests.[ TeamsFun.psm1 ]" executed="True" result="Success" success="True" time="2.9146" asserts="0" description="Testing the [ notBuilt ] version of [ TeamsFun ] with [ PSScriptAnalyzer.tests.ps1 ].[ TeamsFun ] module PSScriptAnalyzer tests.[ TeamsFun.psm1 ]">
                    <results>
                      <test-suite type="ParameterizedTest" name="Testing the [ notBuilt ] version of [ TeamsFun ] with [ PSScriptAnalyzer.tests.ps1 ].[ TeamsFun ] module PSScriptAnalyzer tests.[ TeamsFun.psm1 ].Should pass rule [ PSDSCReturnCorrectTypesForDSCFunctions ]" executed="True" result="Success" success="True" time="0.0397" asserts="0" description="Should pass rule [ PSDSCReturnCorrectTypesForDSCFunctions ]">
                        <results>
                          <test-case description="Should pass rule [ PSDSCReturnCorrectTypesForDSCFunctions ]" name="Testing the [ notBuilt ] version of [ TeamsFun ] with [ PSScriptAnalyzer.tests.ps1 ].[ TeamsFun ] module PSScriptAnalyzer tests.[ TeamsFun.psm1 ].Should pass rule [ PSDSCReturnCorrectTypesForDSCFunctions ](PSDSCReturnCorrectTypesForDSCFunctions,C:\Celerium\Projects\_API\TeamsFun\TeamsFun\TeamsFun.psm1)" time="0.0397" asserts="0" success="True" result="Success" executed="True" />
                        </results>
                      </test-suite>
                    </results>
                  </test-suite>
                  <test-suite type="TestFixture" name="Testing the [ notBuilt ] version of [ TeamsFun ] with [ PSScriptAnalyzer.tests.ps1 ].[ TeamsFun ] module PSScriptAnalyzer tests.[ TeamsFun.psm1 ]" executed="True" result="Success" success="True" time="2.9576" asserts="0" description="Testing the [ notBuilt ] version of [ TeamsFun ] with [ PSScriptAnalyzer.tests.ps1 ].[ TeamsFun ] module PSScriptAnalyzer tests.[ TeamsFun.psm1 ]">
                    <results>
                      <test-suite type="ParameterizedTest" name="Testing the [ notBuilt ] version of [ TeamsFun ] with [ PSScriptAnalyzer.tests.ps1 ].[ TeamsFun ] module PSScriptAnalyzer tests.[ TeamsFun.psm1 ].Should pass rule [ PSDSCUseIdenticalMandatoryParametersForDSC ]" executed="True" result="Success" success="True" time="0.0389" asserts="0" description="Should pass rule [ PSDSCUseIdenticalMandatoryParametersForDSC ]">
                        <results>
                          <test-case description="Should pass rule [ PSDSCUseIdenticalMandatoryParametersForDSC ]" name="Testing the [ notBuilt ] version of [ TeamsFun ] with [ PSScriptAnalyzer.tests.ps1 ].[ TeamsFun ] module PSScriptAnalyzer tests.[ TeamsFun.psm1 ].Should pass rule [ PSDSCUseIdenticalMandatoryParametersForDSC ](PSDSCUseIdenticalMandatoryParametersForDSC,C:\Celerium\Projects\_API\TeamsFun\TeamsFun\TeamsFun.psm1)" time="0.0389" asserts="0" success="True" result="Success" executed="True" />
                        </results>
                      </test-suite>
                    </results>
                  </test-suite>
                  <test-suite type="TestFixture" name="Testing the [ notBuilt ] version of [ TeamsFun ] with [ PSScriptAnalyzer.tests.ps1 ].[ TeamsFun ] module PSScriptAnalyzer tests.[ TeamsFun.psm1 ]" executed="True" result="Success" success="True" time="3.0005" asserts="0" description="Testing the [ notBuilt ] version of [ TeamsFun ] with [ PSScriptAnalyzer.tests.ps1 ].[ TeamsFun ] module PSScriptAnalyzer tests.[ TeamsFun.psm1 ]">
                    <results>
                      <test-suite type="ParameterizedTest" name="Testing the [ notBuilt ] version of [ TeamsFun ] with [ PSScriptAnalyzer.tests.ps1 ].[ TeamsFun ] module PSScriptAnalyzer tests.[ TeamsFun.psm1 ].Should pass rule [ PSDSCUseIdenticalParametersForDSC ]" executed="True" result="Success" success="True" time="0.0388" asserts="0" description="Should pass rule [ PSDSCUseIdenticalParametersForDSC ]">
                        <results>
                          <test-case description="Should pass rule [ PSDSCUseIdenticalParametersForDSC ]" name="Testing the [ notBuilt ] version of [ TeamsFun ] with [ PSScriptAnalyzer.tests.ps1 ].[ TeamsFun ] module PSScriptAnalyzer tests.[ TeamsFun.psm1 ].Should pass rule [ PSDSCUseIdenticalParametersForDSC ](PSDSCUseIdenticalParametersForDSC,C:\Celerium\Projects\_API\TeamsFun\TeamsFun\TeamsFun.psm1)" time="0.0388" asserts="0" success="True" result="Success" executed="True" />
                        </results>
                      </test-suite>
                    </results>
                  </test-suite>
                  <test-suite type="TestFixture" name="Testing the [ notBuilt ] version of [ TeamsFun ] with [ PSScriptAnalyzer.tests.ps1 ].[ TeamsFun ] module PSScriptAnalyzer tests.[ TeamsFun.psm1 ]" executed="True" result="Success" success="True" time="3.0464" asserts="0" description="Testing the [ notBuilt ] version of [ TeamsFun ] with [ PSScriptAnalyzer.tests.ps1 ].[ TeamsFun ] module PSScriptAnalyzer tests.[ TeamsFun.psm1 ]">
                    <results>
                      <test-suite type="ParameterizedTest" name="Testing the [ notBuilt ] version of [ TeamsFun ] with [ PSScriptAnalyzer.tests.ps1 ].[ TeamsFun ] module PSScriptAnalyzer tests.[ TeamsFun.psm1 ].Should pass rule [ PSDSCStandardDSCFunctionsInResource ]" executed="True" result="Success" success="True" time="0.0386" asserts="0" description="Should pass rule [ PSDSCStandardDSCFunctionsInResource ]">
                        <results>
                          <test-case description="Should pass rule [ PSDSCStandardDSCFunctionsInResource ]" name="Testing the [ notBuilt ] version of [ TeamsFun ] with [ PSScriptAnalyzer.tests.ps1 ].[ TeamsFun ] module PSScriptAnalyzer tests.[ TeamsFun.psm1 ].Should pass rule [ PSDSCStandardDSCFunctionsInResource ](PSDSCStandardDSCFunctionsInResource,C:\Celerium\Projects\_API\TeamsFun\TeamsFun\TeamsFun.psm1)" time="0.0386" asserts="0" success="True" result="Success" executed="True" />
                        </results>
                      </test-suite>
                    </results>
                  </test-suite>
                  <test-suite type="TestFixture" name="Testing the [ notBuilt ] version of [ TeamsFun ] with [ PSScriptAnalyzer.tests.ps1 ].[ TeamsFun ] module PSScriptAnalyzer tests.[ TeamsFun.psm1 ]" executed="True" result="Success" success="True" time="3.0892" asserts="0" description="Testing the [ notBuilt ] version of [ TeamsFun ] with [ PSScriptAnalyzer.tests.ps1 ].[ TeamsFun ] module PSScriptAnalyzer tests.[ TeamsFun.psm1 ]">
                    <results>
                      <test-suite type="ParameterizedTest" name="Testing the [ notBuilt ] version of [ TeamsFun ] with [ PSScriptAnalyzer.tests.ps1 ].[ TeamsFun ] module PSScriptAnalyzer tests.[ TeamsFun.psm1 ].Should pass rule [ PSDSCUseVerboseMessageInDSCResource ]" executed="True" result="Success" success="True" time="0.0387" asserts="0" description="Should pass rule [ PSDSCUseVerboseMessageInDSCResource ]">
                        <results>
                          <test-case description="Should pass rule [ PSDSCUseVerboseMessageInDSCResource ]" name="Testing the [ notBuilt ] version of [ TeamsFun ] with [ PSScriptAnalyzer.tests.ps1 ].[ TeamsFun ] module PSScriptAnalyzer tests.[ TeamsFun.psm1 ].Should pass rule [ PSDSCUseVerboseMessageInDSCResource ](PSDSCUseVerboseMessageInDSCResource,C:\Celerium\Projects\_API\TeamsFun\TeamsFun\TeamsFun.psm1)" time="0.0387" asserts="0" success="True" result="Success" executed="True" />
                        </results>
                      </test-suite>
                    </results>
                  </test-suite>
                </results>
              </test-suite>
            </results>
          </test-suite>
        </results>
      </test-suite>
      <test-suite type="TestFixture" name="C:\Celerium\Projects\_API\TeamsFun\tests\TeamsFun.Tests.ps1" executed="True" result="Success" success="True" time="0.2247" asserts="0" description="C:\Celerium\Projects\_API\TeamsFun\tests\TeamsFun.Tests.ps1">
        <results>
          <test-suite type="TestFixture" name="Testing the [ notBuilt ] version of [ TeamsFun ] with [ TeamsFun.Tests.ps1 ]" executed="True" result="Success" success="True" time="0.1223" asserts="0" description="Testing the [ notBuilt ] version of [ TeamsFun ] with [ TeamsFun.Tests.ps1 ]">
            <results>
              <test-suite type="TestFixture" name="Testing the [ notBuilt ] version of [ TeamsFun ] with [ TeamsFun.Tests.ps1 ].[ TeamsFun.psd1 ] general manifest data" executed="True" result="Success" success="True" time="0.0913" asserts="0" description="Testing the [ notBuilt ] version of [ TeamsFun ] with [ TeamsFun.Tests.ps1 ].[ TeamsFun.psd1 ] general manifest data">
                <results>
                  <test-case description="Manifest [ RootModule ] has valid data" name="Testing the [ notBuilt ] version of [ TeamsFun ] with [ TeamsFun.Tests.ps1 ].[ TeamsFun.psd1 ] general manifest data.Manifest [ RootModule ] has valid data" time="0.0039" asserts="0" success="True" result="Success" executed="True" />
                  <test-case description="Manifest [ ModuleVersion ] has valid data" name="Testing the [ notBuilt ] version of [ TeamsFun ] with [ TeamsFun.Tests.ps1 ].[ TeamsFun.psd1 ] general manifest data.Manifest [ ModuleVersion ] has valid data" time="0.0036" asserts="0" success="True" result="Success" executed="True" />
                  <test-case description="Manifest [ GUID ] has valid data" name="Testing the [ notBuilt ] version of [ TeamsFun ] with [ TeamsFun.Tests.ps1 ].[ TeamsFun.psd1 ] general manifest data.Manifest [ GUID ] has valid data" time="0.0053" asserts="0" success="True" result="Success" executed="True" />
                  <test-case description="Manifest [ Author ] has valid data" name="Testing the [ notBuilt ] version of [ TeamsFun ] with [ TeamsFun.Tests.ps1 ].[ TeamsFun.psd1 ] general manifest data.Manifest [ Author ] has valid data" time="0.0041" asserts="0" success="True" result="Success" executed="True" />
                  <test-case description="Manifest [ CompanyName ] has valid data" name="Testing the [ notBuilt ] version of [ TeamsFun ] with [ TeamsFun.Tests.ps1 ].[ TeamsFun.psd1 ] general manifest data.Manifest [ CompanyName ] has valid data" time="0.0109" asserts="0" success="True" result="Success" executed="True" />
                  <test-case description="Manifest [ Copyright ] has valid data" name="Testing the [ notBuilt ] version of [ TeamsFun ] with [ TeamsFun.Tests.ps1 ].[ TeamsFun.psd1 ] general manifest data.Manifest [ Copyright ] has valid data" time="0.0045" asserts="0" success="True" result="Success" executed="True" />
                  <test-case description="Manifest [ Description ] is not empty" name="Testing the [ notBuilt ] version of [ TeamsFun ] with [ TeamsFun.Tests.ps1 ].[ TeamsFun.psd1 ] general manifest data.Manifest [ Description ] is not empty" time="0.006" asserts="0" success="True" result="Success" executed="True" />
                  <test-case description="Manifest [ PowerShellVersion ] has valid data" name="Testing the [ notBuilt ] version of [ TeamsFun ] with [ TeamsFun.Tests.ps1 ].[ TeamsFun.psd1 ] general manifest data.Manifest [ PowerShellVersion ] has valid data" time="0.0039" asserts="0" success="True" result="Success" executed="True" />
                  <test-case description="Manifest [ NestedModules ] has valid data" name="Testing the [ notBuilt ] version of [ TeamsFun ] with [ TeamsFun.Tests.ps1 ].[ TeamsFun.psd1 ] general manifest data.Manifest [ NestedModules ] has valid data" time="0.006" asserts="0" success="True" result="Success" executed="True" />
                  <test-case description="Manifest [ FunctionsToExport ] has valid data" name="Testing the [ notBuilt ] version of [ TeamsFun ] with [ TeamsFun.Tests.ps1 ].[ TeamsFun.psd1 ] general manifest data.Manifest [ FunctionsToExport ] has valid data" time="0.005" asserts="0" success="True" result="Success" executed="True" />
                  <test-case description="Manifest [ CmdletsToExport ] is empty" name="Testing the [ notBuilt ] version of [ TeamsFun ] with [ TeamsFun.Tests.ps1 ].[ TeamsFun.psd1 ] general manifest data.Manifest [ CmdletsToExport ] is empty" time="0.0044" asserts="0" success="True" result="Success" executed="True" />
                  <test-case description="Manifest [ VariablesToExport ] is empty" name="Testing the [ notBuilt ] version of [ TeamsFun ] with [ TeamsFun.Tests.ps1 ].[ TeamsFun.psd1 ] general manifest data.Manifest [ VariablesToExport ] is empty" time="0.0045" asserts="0" success="True" result="Success" executed="True" />
                  <test-case description="Manifest [ AliasesToExport ] has alias" name="Testing the [ notBuilt ] version of [ TeamsFun ] with [ TeamsFun.Tests.ps1 ].[ TeamsFun.psd1 ] general manifest data.Manifest [ AliasesToExport ] has alias" time="0.0038" asserts="0" success="True" result="Success" executed="True" />
                  <test-case description="Manifest [ Tags ] has valid data" name="Testing the [ notBuilt ] version of [ TeamsFun ] with [ TeamsFun.Tests.ps1 ].[ TeamsFun.psd1 ] general manifest data.Manifest [ Tags ] has valid data" time="0.0076" asserts="0" success="True" result="Success" executed="True" />
                  <test-case description="Manifest [ LicenseUri ] has valid data" name="Testing the [ notBuilt ] version of [ TeamsFun ] with [ TeamsFun.Tests.ps1 ].[ TeamsFun.psd1 ] general manifest data.Manifest [ LicenseUri ] has valid data" time="0.0032" asserts="0" success="True" result="Success" executed="True" />
                  <test-case description="Manifest [ ProjectUri ] has valid data" name="Testing the [ notBuilt ] version of [ TeamsFun ] with [ TeamsFun.Tests.ps1 ].[ TeamsFun.psd1 ] general manifest data.Manifest [ ProjectUri ] has valid data" time="0.0033" asserts="0" success="True" result="Success" executed="True" />
                  <test-case description="Manifest [ ReleaseNotes ] has valid data" name="Testing the [ notBuilt ] version of [ TeamsFun ] with [ TeamsFun.Tests.ps1 ].[ TeamsFun.psd1 ] general manifest data.Manifest [ ReleaseNotes ] has valid data" time="0.0035" asserts="0" success="True" result="Success" executed="True" />
                  <test-case description="Manifest [ HelpInfoUri ] is not empty" name="Testing the [ notBuilt ] version of [ TeamsFun ] with [ TeamsFun.Tests.ps1 ].[ TeamsFun.psd1 ] general manifest data.Manifest [ HelpInfoUri ] is not empty" time="0.0028" asserts="0" success="True" result="Success" executed="True" />
                </results>
              </test-suite>
              <test-suite type="TestFixture" name="Testing the [ notBuilt ] version of [ TeamsFun ] with [ TeamsFun.Tests.ps1 ].[ TeamsFun.psd1 ] module import test" executed="True" result="Success" success="True" time="0.1185" asserts="0" description="Testing the [ notBuilt ] version of [ TeamsFun ] with [ TeamsFun.Tests.ps1 ].[ TeamsFun.psd1 ] module import test">
                <results>
                  <test-case description="Module contains only PowerShell files" name="Testing the [ notBuilt ] version of [ TeamsFun ] with [ TeamsFun.Tests.ps1 ].[ TeamsFun.psd1 ] module import test.Module contains only PowerShell files" time="0.0057" asserts="0" success="True" result="Success" executed="True" />
                  <test-case description="Module files exist" name="Testing the [ notBuilt ] version of [ TeamsFun ] with [ TeamsFun.Tests.ps1 ].[ TeamsFun.psd1 ] module import test.Module files exist" time="0.0045" asserts="0" success="True" result="Success" executed="True" />
                  <test-case description="Should pass Test-ModuleManifest" name="Testing the [ notBuilt ] version of [ TeamsFun ] with [ TeamsFun.Tests.ps1 ].[ TeamsFun.psd1 ] module import test.Should pass Test-ModuleManifest" time="0.0048" asserts="0" success="True" result="Success" executed="True" />
                  <test-case description="Should import successfully" name="Testing the [ notBuilt ] version of [ TeamsFun ] with [ TeamsFun.Tests.ps1 ].[ TeamsFun.psd1 ] module import test.Should import successfully" time="0.0081" asserts="0" success="True" result="Success" executed="True" />
                </results>
              </test-suite>
            </results>
          </test-suite>
        </results>
      </test-suite>
    </results>
  </test-suite>
</test-results>